{"F:\\CNPM\\CNPM_WebSiteDKKhamBenh\\frontend\\src\\app\\layout.tsx": {"path":"F:\\CNPM\\CNPM_WebSiteDKKhamBenh\\frontend\\src\\app\\layout.tsx","statementMap":{"0":{"start":{"line":3,"column":24},"end":{"line":8,"column":1}},"1":{"start":{"line":10,"column":24},"end":{"line":13,"column":1}},"2":{"start":{"line":16,"column":4},"end":{"line":31,"column":6}}},"fnMap":{"0":{"name":"RootLayout","decl":{"start":{"line":15,"column":24},"end":{"line":15,"column":34}},"loc":{"start":{"line":15,"column":80},"end":{"line":32,"column":1}},"line":15}},"branchMap":{},"s":{"0":0,"1":0,"2":0},"f":{"0":0},"b":{}}
,"F:\\CNPM\\CNPM_WebSiteDKKhamBenh\\frontend\\src\\app\\page.tsx": {"path":"F:\\CNPM\\CNPM_WebSiteDKKhamBenh\\frontend\\src\\app\\page.tsx","statementMap":{"0":{"start":{"line":5,"column":4},"end":{"line":5,"column":28}},"1":{"start":{"line":6,"column":4},"end":{"line":6,"column":16}}},"fnMap":{"0":{"name":"HomePage","decl":{"start":{"line":4,"column":24},"end":{"line":4,"column":32}},"loc":{"start":{"line":4,"column":35},"end":{"line":7,"column":1}},"line":4}},"branchMap":{},"s":{"0":0,"1":0},"f":{"0":0},"b":{}}
,"F:\\CNPM\\CNPM_WebSiteDKKhamBenh\\frontend\\src\\app\\(authenticated)\\layout.tsx": {"path":"F:\\CNPM\\CNPM_WebSiteDKKhamBenh\\frontend\\src\\app\\(authenticated)\\layout.tsx","statementMap":{"0":{"start":{"line":11,"column":30},"end":{"line":11,"column":39}},"1":{"start":{"line":12,"column":36},"end":{"line":19,"column":6}},"2":{"start":{"line":21,"column":4},"end":{"line":41,"column":15}},"3":{"start":{"line":22,"column":8},"end":{"line":40,"column":9}},"4":{"start":{"line":23,"column":12},"end":{"line":39,"column":13}},"5":{"start":{"line":24,"column":16},"end":{"line":29,"column":19}},"6":{"start":{"line":30,"column":19},"end":{"line":39,"column":13}},"7":{"start":{"line":31,"column":16},"end":{"line":38,"column":19}},"8":{"start":{"line":43,"column":4},"end":{"line":52,"column":5}},"9":{"start":{"line":44,"column":8},"end":{"line":51,"column":10}},"10":{"start":{"line":54,"column":4},"end":{"line":63,"column":6}}},"fnMap":{"0":{"name":"AuthenticatedLayout","decl":{"start":{"line":6,"column":24},"end":{"line":6,"column":43}},"loc":{"start":{"line":10,"column":3},"end":{"line":64,"column":1}},"line":10},"1":{"name":"(anonymous_1)","decl":{"start":{"line":21,"column":14},"end":{"line":21,"column":15}},"loc":{"start":{"line":21,"column":20},"end":{"line":41,"column":5}},"line":21}},"branchMap":{"0":{"loc":{"start":{"line":22,"column":8},"end":{"line":40,"column":9}},"type":"if","locations":[{"start":{"line":22,"column":8},"end":{"line":40,"column":9}},{"start":{},"end":{}}],"line":22},"1":{"loc":{"start":{"line":23,"column":12},"end":{"line":39,"column":13}},"type":"if","locations":[{"start":{"line":23,"column":12},"end":{"line":39,"column":13}},{"start":{"line":30,"column":19},"end":{"line":39,"column":13}}],"line":23},"2":{"loc":{"start":{"line":30,"column":19},"end":{"line":39,"column":13}},"type":"if","locations":[{"start":{"line":30,"column":19},"end":{"line":39,"column":13}},{"start":{},"end":{}}],"line":30},"3":{"loc":{"start":{"line":43,"column":4},"end":{"line":52,"column":5}},"type":"if","locations":[{"start":{"line":43,"column":4},"end":{"line":52,"column":5}},{"start":{},"end":{}}],"line":43},"4":{"loc":{"start":{"line":57,"column":22},"end":{"line":57,"column":43}},"type":"binary-expr","locations":[{"start":{"line":57,"column":22},"end":{"line":57,"column":32}},{"start":{"line":57,"column":36},"end":{"line":57,"column":43}}],"line":57},"5":{"loc":{"start":{"line":58,"column":26},"end":{"line":58,"column":74}},"type":"cond-expr","locations":[{"start":{"line":58,"column":33},"end":{"line":58,"column":69}},{"start":{"line":58,"column":72},"end":{"line":58,"column":74}}],"line":58}},"s":{"0":0,"1":0,"2":0,"3":0,"4":0,"5":0,"6":0,"7":0,"8":0,"9":0,"10":0},"f":{"0":0,"1":0},"b":{"0":[0,0],"1":[0,0],"2":[0,0],"3":[0,0],"4":[0,0],"5":[0,0]}}
,"F:\\CNPM\\CNPM_WebSiteDKKhamBenh\\frontend\\src\\app\\admin\\layout.tsx": {"path":"F:\\CNPM\\CNPM_WebSiteDKKhamBenh\\frontend\\src\\app\\admin\\layout.tsx","statementMap":{"0":{"start":{"line":11,"column":30},"end":{"line":11,"column":39}},"1":{"start":{"line":13,"column":4},"end":{"line":15,"column":5}},"2":{"start":{"line":14,"column":8},"end":{"line":14,"column":37}},"3":{"start":{"line":17,"column":4},"end":{"line":19,"column":5}},"4":{"start":{"line":18,"column":8},"end":{"line":18,"column":45}},"5":{"start":{"line":21,"column":21},"end":{"line":29,"column":5}},"6":{"start":{"line":31,"column":4},"end":{"line":42,"column":6}}},"fnMap":{"0":{"name":"AdminLayout","decl":{"start":{"line":6,"column":24},"end":{"line":6,"column":35}},"loc":{"start":{"line":10,"column":3},"end":{"line":43,"column":1}},"line":10}},"branchMap":{"0":{"loc":{"start":{"line":13,"column":4},"end":{"line":15,"column":5}},"type":"if","locations":[{"start":{"line":13,"column":4},"end":{"line":15,"column":5}},{"start":{},"end":{}}],"line":13},"1":{"loc":{"start":{"line":17,"column":4},"end":{"line":19,"column":5}},"type":"if","locations":[{"start":{"line":17,"column":4},"end":{"line":19,"column":5}},{"start":{},"end":{}}],"line":17}},"s":{"0":0,"1":0,"2":0,"3":0,"4":0,"5":0,"6":0},"f":{"0":0},"b":{"0":[0,0],"1":[0,0]}}
,"F:\\CNPM\\CNPM_WebSiteDKKhamBenh\\frontend\\src\\app\\admin\\appointments\\page.tsx": {"path":"F:\\CNPM\\CNPM_WebSiteDKKhamBenh\\frontend\\src\\app\\admin\\appointments\\page.tsx","statementMap":{"0":{"start":{"line":44,"column":34},"end":{"line":44,"column":56}},"1":{"start":{"line":45,"column":38},"end":{"line":45,"column":62}},"2":{"start":{"line":46,"column":40},"end":{"line":46,"column":65}},"3":{"start":{"line":47,"column":34},"end":{"line":47,"column":48}},"4":{"start":{"line":48,"column":48},"end":{"line":48,"column":68}},"5":{"start":{"line":49,"column":40},"end":{"line":49,"column":60}},"6":{"start":{"line":50,"column":40},"end":{"line":50,"column":63}},"7":{"start":{"line":51,"column":44},"end":{"line":51,"column":67}},"8":{"start":{"line":52,"column":32},"end":{"line":52,"column":56}},"9":{"start":{"line":53,"column":38},"end":{"line":53,"column":69}},"10":{"start":{"line":54,"column":42},"end":{"line":54,"column":61}},"11":{"start":{"line":55,"column":27},"end":{"line":55,"column":47}},"12":{"start":{"line":56,"column":54},"end":{"line":56,"column":69}},"13":{"start":{"line":57,"column":50},"end":{"line":57,"column":65}},"14":{"start":{"line":58,"column":52},"end":{"line":58,"column":83}},"15":{"start":{"line":59,"column":36},"end":{"line":64,"column":6}},"16":{"start":{"line":66,"column":4},"end":{"line":70,"column":11}},"17":{"start":{"line":67,"column":8},"end":{"line":67,"column":22}},"18":{"start":{"line":68,"column":8},"end":{"line":68,"column":24}},"19":{"start":{"line":69,"column":8},"end":{"line":69,"column":25}},"20":{"start":{"line":72,"column":27},"end":{"line":82,"column":5}},"21":{"start":{"line":73,"column":8},"end":{"line":81,"column":9}},"22":{"start":{"line":74,"column":25},"end":{"line":74,"column":46}},"23":{"start":{"line":75,"column":12},"end":{"line":75,"column":32}},"24":{"start":{"line":76,"column":12},"end":{"line":78,"column":13}},"25":{"start":{"line":77,"column":16},"end":{"line":77,"column":77}},"26":{"start":{"line":77,"column":37},"end":{"line":77,"column":74}},"27":{"start":{"line":80,"column":12},"end":{"line":80,"column":59}},"28":{"start":{"line":84,"column":24},"end":{"line":91,"column":5}},"29":{"start":{"line":85,"column":8},"end":{"line":90,"column":9}},"30":{"start":{"line":86,"column":25},"end":{"line":86,"column":46}},"31":{"start":{"line":87,"column":12},"end":{"line":87,"column":29}},"32":{"start":{"line":89,"column":12},"end":{"line":89,"column":56}},"33":{"start":{"line":93,"column":26},"end":{"line":102,"column":5}},"34":{"start":{"line":94,"column":8},"end":{"line":101,"column":9}},"35":{"start":{"line":95,"column":25},"end":{"line":95,"column":48}},"36":{"start":{"line":96,"column":12},"end":{"line":96,"column":31}},"37":{"start":{"line":98,"column":12},"end":{"line":98,"column":59}},"38":{"start":{"line":100,"column":12},"end":{"line":100,"column":30}},"39":{"start":{"line":104,"column":33},"end":{"line":116,"column":5}},"40":{"start":{"line":105,"column":8},"end":{"line":115,"column":9}},"41":{"start":{"line":106,"column":12},"end":{"line":109,"column":15}},"42":{"start":{"line":110,"column":12},"end":{"line":110,"column":54}},"43":{"start":{"line":111,"column":12},"end":{"line":111,"column":40}},"44":{"start":{"line":112,"column":12},"end":{"line":112,"column":28}},"45":{"start":{"line":114,"column":12},"end":{"line":114,"column":49}},"46":{"start":{"line":118,"column":33},"end":{"line":132,"column":5}},"47":{"start":{"line":119,"column":8},"end":{"line":119,"column":38}},"48":{"start":{"line":119,"column":31},"end":{"line":119,"column":38}},"49":{"start":{"line":120,"column":8},"end":{"line":131,"column":9}},"50":{"start":{"line":121,"column":12},"end":{"line":125,"column":15}},"51":{"start":{"line":126,"column":12},"end":{"line":126,"column":59}},"52":{"start":{"line":127,"column":12},"end":{"line":127,"column":38}},"53":{"start":{"line":128,"column":12},"end":{"line":128,"column":28}},"54":{"start":{"line":130,"column":12},"end":{"line":130,"column":54}},"55":{"start":{"line":134,"column":33},"end":{"line":143,"column":5}},"56":{"start":{"line":135,"column":8},"end":{"line":135,"column":73}},"57":{"start":{"line":135,"column":66},"end":{"line":135,"column":73}},"58":{"start":{"line":136,"column":8},"end":{"line":142,"column":9}},"59":{"start":{"line":137,"column":12},"end":{"line":137,"column":51}},"60":{"start":{"line":138,"column":12},"end":{"line":138,"column":54}},"61":{"start":{"line":139,"column":12},"end":{"line":139,"column":28}},"62":{"start":{"line":141,"column":12},"end":{"line":141,"column":49}},"63":{"start":{"line":147,"column":25},"end":{"line":152,"column":5}},"64":{"start":{"line":148,"column":21},"end":{"line":148,"column":41}},"65":{"start":{"line":149,"column":8},"end":{"line":149,"column":44}},"66":{"start":{"line":149,"column":27},"end":{"line":149,"column":44}},"67":{"start":{"line":150,"column":8},"end":{"line":150,"column":48}},"68":{"start":{"line":150,"column":30},"end":{"line":150,"column":48}},"69":{"start":{"line":151,"column":8},"end":{"line":151,"column":58}},"70":{"start":{"line":154,"column":27},"end":{"line":172,"column":5}},"71":{"start":{"line":155,"column":21},"end":{"line":155,"column":44}},"72":{"start":{"line":156,"column":30},"end":{"line":156,"column":57}},"73":{"start":{"line":157,"column":26},"end":{"line":157,"column":44}},"74":{"start":{"line":159,"column":8},"end":{"line":161,"column":9}},"75":{"start":{"line":160,"column":12},"end":{"line":160,"column":69}},"76":{"start":{"line":163,"column":8},"end":{"line":165,"column":9}},"77":{"start":{"line":164,"column":12},"end":{"line":164,"column":67}},"78":{"start":{"line":167,"column":8},"end":{"line":169,"column":9}},"79":{"start":{"line":168,"column":12},"end":{"line":168,"column":70}},"80":{"start":{"line":171,"column":8},"end":{"line":171,"column":66}},"81":{"start":{"line":175,"column":33},"end":{"line":275,"column":5}},"82":{"start":{"line":176,"column":23},"end":{"line":176,"column":32}},"83":{"start":{"line":179,"column":8},"end":{"line":184,"column":9}},"84":{"start":{"line":180,"column":12},"end":{"line":183,"column":14}},"85":{"start":{"line":181,"column":16},"end":{"line":182,"column":101}},"86":{"start":{"line":187,"column":8},"end":{"line":191,"column":9}},"87":{"start":{"line":188,"column":12},"end":{"line":190,"column":14}},"88":{"start":{"line":189,"column":16},"end":{"line":189,"column":63}},"89":{"start":{"line":194,"column":8},"end":{"line":215,"column":9}},"90":{"start":{"line":195,"column":26},"end":{"line":195,"column":36}},"91":{"start":{"line":196,"column":29},"end":{"line":196,"column":62}},"92":{"start":{"line":197,"column":29},"end":{"line":197,"column":44}},"93":{"start":{"line":198,"column":12},"end":{"line":198,"column":53}},"94":{"start":{"line":199,"column":32},"end":{"line":199,"column":68}},"95":{"start":{"line":201,"column":12},"end":{"line":214,"column":13}},"96":{"start":{"line":203,"column":20},"end":{"line":203,"column":87}},"97":{"start":{"line":203,"column":59},"end":{"line":203,"column":85}},"98":{"start":{"line":204,"column":20},"end":{"line":204,"column":26}},"99":{"start":{"line":206,"column":20},"end":{"line":206,"column":90}},"100":{"start":{"line":206,"column":59},"end":{"line":206,"column":88}},"101":{"start":{"line":207,"column":20},"end":{"line":207,"column":26}},"102":{"start":{"line":209,"column":20},"end":{"line":209,"column":86}},"103":{"start":{"line":209,"column":59},"end":{"line":209,"column":84}},"104":{"start":{"line":210,"column":20},"end":{"line":210,"column":26}},"105":{"start":{"line":212,"column":20},"end":{"line":212,"column":85}},"106":{"start":{"line":212,"column":59},"end":{"line":212,"column":83}},"107":{"start":{"line":213,"column":20},"end":{"line":213,"column":26}},"108":{"start":{"line":218,"column":8},"end":{"line":234,"column":9}},"109":{"start":{"line":219,"column":12},"end":{"line":233,"column":15}},"110":{"start":{"line":220,"column":29},"end":{"line":220,"column":52}},"111":{"start":{"line":221,"column":38},"end":{"line":221,"column":65}},"112":{"start":{"line":223,"column":16},"end":{"line":232,"column":17}},"113":{"start":{"line":225,"column":24},"end":{"line":225,"column":83}},"114":{"start":{"line":227,"column":24},"end":{"line":227,"column":84}},"115":{"start":{"line":229,"column":24},"end":{"line":229,"column":44}},"116":{"start":{"line":231,"column":24},"end":{"line":231,"column":36}},"117":{"start":{"line":237,"column":8},"end":{"line":272,"column":11}},"118":{"start":{"line":238,"column":42},"end":{"line":238,"column":44}},"119":{"start":{"line":239,"column":42},"end":{"line":239,"column":44}},"120":{"start":{"line":241,"column":12},"end":{"line":261,"column":13}},"121":{"start":{"line":243,"column":20},"end":{"line":243,"column":56}},"122":{"start":{"line":244,"column":20},"end":{"line":244,"column":56}},"123":{"start":{"line":245,"column":20},"end":{"line":245,"column":26}},"124":{"start":{"line":247,"column":20},"end":{"line":247,"column":90}},"125":{"start":{"line":248,"column":20},"end":{"line":248,"column":90}},"126":{"start":{"line":249,"column":20},"end":{"line":249,"column":26}},"127":{"start":{"line":251,"column":20},"end":{"line":251,"column":59}},"128":{"start":{"line":252,"column":20},"end":{"line":252,"column":59}},"129":{"start":{"line":253,"column":20},"end":{"line":253,"column":26}},"130":{"start":{"line":255,"column":20},"end":{"line":255,"column":41}},"131":{"start":{"line":256,"column":20},"end":{"line":256,"column":41}},"132":{"start":{"line":257,"column":20},"end":{"line":257,"column":26}},"133":{"start":{"line":259,"column":20},"end":{"line":259,"column":56}},"134":{"start":{"line":260,"column":20},"end":{"line":260,"column":56}},"135":{"start":{"line":263,"column":12},"end":{"line":271,"column":13}},"136":{"start":{"line":264,"column":16},"end":{"line":266,"column":51}},"137":{"start":{"line":268,"column":16},"end":{"line":270,"column":62}},"138":{"start":{"line":274,"column":8},"end":{"line":274,"column":24}},"139":{"start":{"line":277,"column":34},"end":{"line":282,"column":5}},"140":{"start":{"line":278,"column":25},"end":{"line":278,"column":47}},"141":{"start":{"line":279,"column":27},"end":{"line":279,"column":59}},"142":{"start":{"line":280,"column":25},"end":{"line":280,"column":50}},"143":{"start":{"line":281,"column":8},"end":{"line":281,"column":52}},"144":{"start":{"line":284,"column":26},"end":{"line":287,"column":5}},"145":{"start":{"line":285,"column":25},"end":{"line":285,"column":47}},"146":{"start":{"line":286,"column":8},"end":{"line":286,"column":57}},"147":{"start":{"line":289,"column":4},"end":{"line":291,"column":5}},"148":{"start":{"line":290,"column":8},"end":{"line":290,"column":70}},"149":{"start":{"line":293,"column":31},"end":{"line":293,"column":54}},"150":{"start":{"line":294,"column":27},"end":{"line":294,"column":56}},"151":{"start":{"line":295,"column":23},"end":{"line":295,"column":38}},"152":{"start":{"line":297,"column":4},"end":{"line":866,"column":6}},"153":{"start":{"line":329,"column":44},"end":{"line":329,"column":74}},"154":{"start":{"line":330,"column":44},"end":{"line":330,"column":62}},"155":{"start":{"line":344,"column":40},"end":{"line":344,"column":74}},"156":{"start":{"line":345,"column":40},"end":{"line":345,"column":58}},"157":{"start":{"line":351,"column":40},"end":{"line":353,"column":49}},"158":{"start":{"line":366,"column":40},"end":{"line":366,"column":70}},"159":{"start":{"line":367,"column":40},"end":{"line":367,"column":58}},"160":{"start":{"line":387,"column":40},"end":{"line":387,"column":72}},"161":{"start":{"line":388,"column":40},"end":{"line":388,"column":58}},"162":{"start":{"line":403,"column":53},"end":{"line":403,"column":78}},"163":{"start":{"line":412,"column":51},"end":{"line":412,"column":101}},"164":{"start":{"line":431,"column":32},"end":{"line":436,"column":35}},"165":{"start":{"line":437,"column":32},"end":{"line":437,"column":59}},"166":{"start":{"line":473,"column":72},"end":{"line":473,"column":97}},"167":{"start":{"line":489,"column":72},"end":{"line":489,"column":109}},"168":{"start":{"line":533,"column":36},"end":{"line":538,"column":39}},"169":{"start":{"line":539,"column":36},"end":{"line":539,"column":63}},"170":{"start":{"line":563,"column":44},"end":{"line":653,"column":49}},"171":{"start":{"line":626,"column":64},"end":{"line":626,"column":94}},"172":{"start":{"line":627,"column":64},"end":{"line":632,"column":67}},"173":{"start":{"line":633,"column":64},"end":{"line":633,"column":89}},"174":{"start":{"line":644,"column":75},"end":{"line":644,"column":108}},"175":{"start":{"line":672,"column":47},"end":{"line":672,"column":91}},"176":{"start":{"line":682,"column":36},"end":{"line":690,"column":37}},"177":{"start":{"line":683,"column":40},"end":{"line":683,"column":56}},"178":{"start":{"line":684,"column":43},"end":{"line":690,"column":37}},"179":{"start":{"line":685,"column":40},"end":{"line":685,"column":56}},"180":{"start":{"line":686,"column":43},"end":{"line":690,"column":37}},"181":{"start":{"line":687,"column":40},"end":{"line":687,"column":69}},"182":{"start":{"line":689,"column":40},"end":{"line":689,"column":70}},"183":{"start":{"line":692,"column":36},"end":{"line":705,"column":38}},"184":{"start":{"line":695,"column":59},"end":{"line":695,"column":82}},"185":{"start":{"line":712,"column":47},"end":{"line":712,"column":100}},"186":{"start":{"line":725,"column":31},"end":{"line":725,"column":58}},"187":{"start":{"line":734,"column":45},"end":{"line":734,"column":99}},"188":{"start":{"line":737,"column":58},"end":{"line":740,"column":33}},"189":{"start":{"line":750,"column":49},"end":{"line":750,"column":99}},"190":{"start":{"line":758,"column":49},"end":{"line":758,"column":103}},"191":{"start":{"line":759,"column":65},"end":{"line":762,"column":33}},"192":{"start":{"line":771,"column":45},"end":{"line":771,"column":115}},"193":{"start":{"line":782,"column":39},"end":{"line":782,"column":66}},"194":{"start":{"line":798,"column":31},"end":{"line":798,"column":56}},"195":{"start":{"line":821,"column":49},"end":{"line":821,"column":99}},"196":{"start":{"line":829,"column":49},"end":{"line":829,"column":103}},"197":{"start":{"line":830,"column":65},"end":{"line":833,"column":33}},"198":{"start":{"line":842,"column":45},"end":{"line":842,"column":115}},"199":{"start":{"line":853,"column":39},"end":{"line":853,"column":64}}},"fnMap":{"0":{"name":"AppointmentsPage","decl":{"start":{"line":43,"column":24},"end":{"line":43,"column":40}},"loc":{"start":{"line":43,"column":43},"end":{"line":867,"column":1}},"line":43},"1":{"name":"(anonymous_1)","decl":{"start":{"line":66,"column":14},"end":{"line":66,"column":15}},"loc":{"start":{"line":66,"column":20},"end":{"line":70,"column":5}},"line":66},"2":{"name":"(anonymous_2)","decl":{"start":{"line":72,"column":27},"end":{"line":72,"column":28}},"loc":{"start":{"line":72,"column":39},"end":{"line":82,"column":5}},"line":72},"3":{"name":"(anonymous_3)","decl":{"start":{"line":77,"column":28},"end":{"line":77,"column":29}},"loc":{"start":{"line":77,"column":37},"end":{"line":77,"column":74}},"line":77},"4":{"name":"(anonymous_4)","decl":{"start":{"line":84,"column":24},"end":{"line":84,"column":25}},"loc":{"start":{"line":84,"column":36},"end":{"line":91,"column":5}},"line":84},"5":{"name":"(anonymous_5)","decl":{"start":{"line":93,"column":26},"end":{"line":93,"column":27}},"loc":{"start":{"line":93,"column":38},"end":{"line":102,"column":5}},"line":93},"6":{"name":"(anonymous_6)","decl":{"start":{"line":104,"column":33},"end":{"line":104,"column":34}},"loc":{"start":{"line":104,"column":45},"end":{"line":116,"column":5}},"line":104},"7":{"name":"(anonymous_7)","decl":{"start":{"line":118,"column":33},"end":{"line":118,"column":34}},"loc":{"start":{"line":118,"column":45},"end":{"line":132,"column":5}},"line":118},"8":{"name":"(anonymous_8)","decl":{"start":{"line":134,"column":33},"end":{"line":134,"column":34}},"loc":{"start":{"line":134,"column":63},"end":{"line":143,"column":5}},"line":134},"9":{"name":"(anonymous_9)","decl":{"start":{"line":147,"column":25},"end":{"line":147,"column":26}},"loc":{"start":{"line":147,"column":49},"end":{"line":152,"column":5}},"line":147},"10":{"name":"(anonymous_10)","decl":{"start":{"line":154,"column":27},"end":{"line":154,"column":28}},"loc":{"start":{"line":154,"column":51},"end":{"line":172,"column":5}},"line":154},"11":{"name":"(anonymous_11)","decl":{"start":{"line":175,"column":33},"end":{"line":175,"column":34}},"loc":{"start":{"line":175,"column":39},"end":{"line":275,"column":5}},"line":175},"12":{"name":"(anonymous_12)","decl":{"start":{"line":180,"column":39},"end":{"line":180,"column":40}},"loc":{"start":{"line":181,"column":16},"end":{"line":182,"column":101}},"line":181},"13":{"name":"(anonymous_13)","decl":{"start":{"line":188,"column":39},"end":{"line":188,"column":40}},"loc":{"start":{"line":189,"column":16},"end":{"line":189,"column":63}},"line":189},"14":{"name":"(anonymous_14)","decl":{"start":{"line":203,"column":47},"end":{"line":203,"column":48}},"loc":{"start":{"line":203,"column":59},"end":{"line":203,"column":85}},"line":203},"15":{"name":"(anonymous_15)","decl":{"start":{"line":206,"column":47},"end":{"line":206,"column":48}},"loc":{"start":{"line":206,"column":59},"end":{"line":206,"column":88}},"line":206},"16":{"name":"(anonymous_16)","decl":{"start":{"line":209,"column":47},"end":{"line":209,"column":48}},"loc":{"start":{"line":209,"column":59},"end":{"line":209,"column":84}},"line":209},"17":{"name":"(anonymous_17)","decl":{"start":{"line":212,"column":47},"end":{"line":212,"column":48}},"loc":{"start":{"line":212,"column":59},"end":{"line":212,"column":83}},"line":212},"18":{"name":"(anonymous_18)","decl":{"start":{"line":219,"column":39},"end":{"line":219,"column":40}},"loc":{"start":{"line":219,"column":51},"end":{"line":233,"column":13}},"line":219},"19":{"name":"(anonymous_19)","decl":{"start":{"line":237,"column":22},"end":{"line":237,"column":23}},"loc":{"start":{"line":237,"column":32},"end":{"line":272,"column":9}},"line":237},"20":{"name":"(anonymous_20)","decl":{"start":{"line":277,"column":34},"end":{"line":277,"column":35}},"loc":{"start":{"line":277,"column":40},"end":{"line":282,"column":5}},"line":277},"21":{"name":"(anonymous_21)","decl":{"start":{"line":284,"column":26},"end":{"line":284,"column":27}},"loc":{"start":{"line":284,"column":32},"end":{"line":287,"column":5}},"line":284},"22":{"name":"(anonymous_22)","decl":{"start":{"line":328,"column":50},"end":{"line":328,"column":51}},"loc":{"start":{"line":328,"column":57},"end":{"line":331,"column":41}},"line":328},"23":{"name":"(anonymous_23)","decl":{"start":{"line":343,"column":46},"end":{"line":343,"column":47}},"loc":{"start":{"line":343,"column":53},"end":{"line":346,"column":37}},"line":343},"24":{"name":"(anonymous_24)","decl":{"start":{"line":350,"column":49},"end":{"line":350,"column":50}},"loc":{"start":{"line":351,"column":40},"end":{"line":353,"column":49}},"line":351},"25":{"name":"(anonymous_25)","decl":{"start":{"line":365,"column":46},"end":{"line":365,"column":47}},"loc":{"start":{"line":365,"column":53},"end":{"line":368,"column":37}},"line":365},"26":{"name":"(anonymous_26)","decl":{"start":{"line":386,"column":46},"end":{"line":386,"column":47}},"loc":{"start":{"line":386,"column":53},"end":{"line":389,"column":37}},"line":386},"27":{"name":"(anonymous_27)","decl":{"start":{"line":403,"column":46},"end":{"line":403,"column":47}},"loc":{"start":{"line":403,"column":53},"end":{"line":403,"column":78}},"line":403},"28":{"name":"(anonymous_28)","decl":{"start":{"line":412,"column":45},"end":{"line":412,"column":46}},"loc":{"start":{"line":412,"column":51},"end":{"line":412,"column":101}},"line":412},"29":{"name":"(anonymous_29)","decl":{"start":{"line":430,"column":45},"end":{"line":430,"column":46}},"loc":{"start":{"line":430,"column":51},"end":{"line":438,"column":29}},"line":430},"30":{"name":"(anonymous_30)","decl":{"start":{"line":473,"column":67},"end":{"line":473,"column":68}},"loc":{"start":{"line":473,"column":72},"end":{"line":473,"column":97}},"line":473},"31":{"name":"(anonymous_31)","decl":{"start":{"line":489,"column":67},"end":{"line":489,"column":68}},"loc":{"start":{"line":489,"column":72},"end":{"line":489,"column":109}},"line":489},"32":{"name":"(anonymous_32)","decl":{"start":{"line":532,"column":49},"end":{"line":532,"column":50}},"loc":{"start":{"line":532,"column":55},"end":{"line":540,"column":33}},"line":532},"33":{"name":"(anonymous_33)","decl":{"start":{"line":562,"column":64},"end":{"line":562,"column":65}},"loc":{"start":{"line":563,"column":44},"end":{"line":653,"column":49}},"line":563},"34":{"name":"(anonymous_34)","decl":{"start":{"line":625,"column":69},"end":{"line":625,"column":70}},"loc":{"start":{"line":625,"column":75},"end":{"line":634,"column":61}},"line":625},"35":{"name":"(anonymous_35)","decl":{"start":{"line":644,"column":69},"end":{"line":644,"column":70}},"loc":{"start":{"line":644,"column":75},"end":{"line":644,"column":108}},"line":644},"36":{"name":"(anonymous_36)","decl":{"start":{"line":672,"column":41},"end":{"line":672,"column":42}},"loc":{"start":{"line":672,"column":47},"end":{"line":672,"column":91}},"line":672},"37":{"name":"(anonymous_37)","decl":{"start":{"line":680,"column":81},"end":{"line":680,"column":82}},"loc":{"start":{"line":680,"column":91},"end":{"line":706,"column":33}},"line":680},"38":{"name":"(anonymous_38)","decl":{"start":{"line":695,"column":53},"end":{"line":695,"column":54}},"loc":{"start":{"line":695,"column":59},"end":{"line":695,"column":82}},"line":695},"39":{"name":"(anonymous_39)","decl":{"start":{"line":712,"column":41},"end":{"line":712,"column":42}},"loc":{"start":{"line":712,"column":47},"end":{"line":712,"column":100}},"line":712},"40":{"name":"(anonymous_40)","decl":{"start":{"line":725,"column":25},"end":{"line":725,"column":26}},"loc":{"start":{"line":725,"column":31},"end":{"line":725,"column":58}},"line":725},"41":{"name":"(anonymous_41)","decl":{"start":{"line":734,"column":38},"end":{"line":734,"column":39}},"loc":{"start":{"line":734,"column":45},"end":{"line":734,"column":99}},"line":734},"42":{"name":"(anonymous_42)","decl":{"start":{"line":737,"column":47},"end":{"line":737,"column":48}},"loc":{"start":{"line":737,"column":58},"end":{"line":740,"column":33}},"line":737},"43":{"name":"(anonymous_43)","decl":{"start":{"line":750,"column":42},"end":{"line":750,"column":43}},"loc":{"start":{"line":750,"column":49},"end":{"line":750,"column":99}},"line":750},"44":{"name":"(anonymous_44)","decl":{"start":{"line":758,"column":42},"end":{"line":758,"column":43}},"loc":{"start":{"line":758,"column":49},"end":{"line":758,"column":103}},"line":758},"45":{"name":"(anonymous_45)","decl":{"start":{"line":759,"column":56},"end":{"line":759,"column":57}},"loc":{"start":{"line":759,"column":65},"end":{"line":762,"column":33}},"line":759},"46":{"name":"(anonymous_46)","decl":{"start":{"line":771,"column":38},"end":{"line":771,"column":39}},"loc":{"start":{"line":771,"column":45},"end":{"line":771,"column":115}},"line":771},"47":{"name":"(anonymous_47)","decl":{"start":{"line":782,"column":33},"end":{"line":782,"column":34}},"loc":{"start":{"line":782,"column":39},"end":{"line":782,"column":66}},"line":782},"48":{"name":"(anonymous_48)","decl":{"start":{"line":798,"column":25},"end":{"line":798,"column":26}},"loc":{"start":{"line":798,"column":31},"end":{"line":798,"column":56}},"line":798},"49":{"name":"(anonymous_49)","decl":{"start":{"line":821,"column":42},"end":{"line":821,"column":43}},"loc":{"start":{"line":821,"column":49},"end":{"line":821,"column":99}},"line":821},"50":{"name":"(anonymous_50)","decl":{"start":{"line":829,"column":42},"end":{"line":829,"column":43}},"loc":{"start":{"line":829,"column":49},"end":{"line":829,"column":103}},"line":829},"51":{"name":"(anonymous_51)","decl":{"start":{"line":830,"column":56},"end":{"line":830,"column":57}},"loc":{"start":{"line":830,"column":65},"end":{"line":833,"column":33}},"line":830},"52":{"name":"(anonymous_52)","decl":{"start":{"line":842,"column":38},"end":{"line":842,"column":39}},"loc":{"start":{"line":842,"column":45},"end":{"line":842,"column":115}},"line":842},"53":{"name":"(anonymous_53)","decl":{"start":{"line":853,"column":33},"end":{"line":853,"column":34}},"loc":{"start":{"line":853,"column":39},"end":{"line":853,"column":64}},"line":853}},"branchMap":{"0":{"loc":{"start":{"line":76,"column":12},"end":{"line":78,"column":13}},"type":"if","locations":[{"start":{"line":76,"column":12},"end":{"line":78,"column":13}},{"start":{},"end":{}}],"line":76},"1":{"loc":{"start":{"line":119,"column":8},"end":{"line":119,"column":38}},"type":"if","locations":[{"start":{"line":119,"column":8},"end":{"line":119,"column":38}},{"start":{},"end":{}}],"line":119},"2":{"loc":{"start":{"line":135,"column":8},"end":{"line":135,"column":73}},"type":"if","locations":[{"start":{"line":135,"column":8},"end":{"line":135,"column":73}},{"start":{},"end":{}}],"line":135},"3":{"loc":{"start":{"line":149,"column":8},"end":{"line":149,"column":44}},"type":"if","locations":[{"start":{"line":149,"column":8},"end":{"line":149,"column":44}},{"start":{},"end":{}}],"line":149},"4":{"loc":{"start":{"line":150,"column":8},"end":{"line":150,"column":48}},"type":"if","locations":[{"start":{"line":150,"column":8},"end":{"line":150,"column":48}},{"start":{},"end":{}}],"line":150},"5":{"loc":{"start":{"line":156,"column":30},"end":{"line":156,"column":57}},"type":"binary-expr","locations":[{"start":{"line":156,"column":30},"end":{"line":156,"column":52}},{"start":{"line":156,"column":56},"end":{"line":156,"column":57}}],"line":156},"6":{"loc":{"start":{"line":159,"column":8},"end":{"line":161,"column":9}},"type":"if","locations":[{"start":{"line":159,"column":8},"end":{"line":161,"column":9}},{"start":{},"end":{}}],"line":159},"7":{"loc":{"start":{"line":163,"column":8},"end":{"line":165,"column":9}},"type":"if","locations":[{"start":{"line":163,"column":8},"end":{"line":165,"column":9}},{"start":{},"end":{}}],"line":163},"8":{"loc":{"start":{"line":167,"column":8},"end":{"line":169,"column":9}},"type":"if","locations":[{"start":{"line":167,"column":8},"end":{"line":169,"column":9}},{"start":{},"end":{}}],"line":167},"9":{"loc":{"start":{"line":179,"column":8},"end":{"line":184,"column":9}},"type":"if","locations":[{"start":{"line":179,"column":8},"end":{"line":184,"column":9}},{"start":{},"end":{}}],"line":179},"10":{"loc":{"start":{"line":181,"column":16},"end":{"line":182,"column":101}},"type":"binary-expr","locations":[{"start":{"line":181,"column":16},"end":{"line":181,"column":133}},{"start":{"line":182,"column":16},"end":{"line":182,"column":101}}],"line":181},"11":{"loc":{"start":{"line":187,"column":8},"end":{"line":191,"column":9}},"type":"if","locations":[{"start":{"line":187,"column":8},"end":{"line":191,"column":9}},{"start":{},"end":{}}],"line":187},"12":{"loc":{"start":{"line":194,"column":8},"end":{"line":215,"column":9}},"type":"if","locations":[{"start":{"line":194,"column":8},"end":{"line":215,"column":9}},{"start":{},"end":{}}],"line":194},"13":{"loc":{"start":{"line":201,"column":12},"end":{"line":214,"column":13}},"type":"switch","locations":[{"start":{"line":202,"column":16},"end":{"line":204,"column":26}},{"start":{"line":205,"column":16},"end":{"line":207,"column":26}},{"start":{"line":208,"column":16},"end":{"line":210,"column":26}},{"start":{"line":211,"column":16},"end":{"line":213,"column":26}}],"line":201},"14":{"loc":{"start":{"line":218,"column":8},"end":{"line":234,"column":9}},"type":"if","locations":[{"start":{"line":218,"column":8},"end":{"line":234,"column":9}},{"start":{},"end":{}}],"line":218},"15":{"loc":{"start":{"line":221,"column":38},"end":{"line":221,"column":65}},"type":"binary-expr","locations":[{"start":{"line":221,"column":38},"end":{"line":221,"column":60}},{"start":{"line":221,"column":64},"end":{"line":221,"column":65}}],"line":221},"16":{"loc":{"start":{"line":223,"column":16},"end":{"line":232,"column":17}},"type":"switch","locations":[{"start":{"line":224,"column":20},"end":{"line":225,"column":83}},{"start":{"line":226,"column":20},"end":{"line":227,"column":84}},{"start":{"line":228,"column":20},"end":{"line":229,"column":44}},{"start":{"line":230,"column":20},"end":{"line":231,"column":36}}],"line":223},"17":{"loc":{"start":{"line":225,"column":31},"end":{"line":225,"column":82}},"type":"binary-expr","locations":[{"start":{"line":225,"column":31},"end":{"line":225,"column":44}},{"start":{"line":225,"column":48},"end":{"line":225,"column":82}}],"line":225},"18":{"loc":{"start":{"line":227,"column":31},"end":{"line":227,"column":83}},"type":"binary-expr","locations":[{"start":{"line":227,"column":31},"end":{"line":227,"column":44}},{"start":{"line":227,"column":48},"end":{"line":227,"column":83}}],"line":227},"19":{"loc":{"start":{"line":241,"column":12},"end":{"line":261,"column":13}},"type":"switch","locations":[{"start":{"line":242,"column":16},"end":{"line":245,"column":26}},{"start":{"line":246,"column":16},"end":{"line":249,"column":26}},{"start":{"line":250,"column":16},"end":{"line":253,"column":26}},{"start":{"line":254,"column":16},"end":{"line":257,"column":26}},{"start":{"line":258,"column":16},"end":{"line":260,"column":56}}],"line":241},"20":{"loc":{"start":{"line":247,"column":29},"end":{"line":247,"column":89}},"type":"binary-expr","locations":[{"start":{"line":247,"column":29},"end":{"line":247,"column":83}},{"start":{"line":247,"column":87},"end":{"line":247,"column":89}}],"line":247},"21":{"loc":{"start":{"line":248,"column":29},"end":{"line":248,"column":89}},"type":"binary-expr","locations":[{"start":{"line":248,"column":29},"end":{"line":248,"column":83}},{"start":{"line":248,"column":87},"end":{"line":248,"column":89}}],"line":248},"22":{"loc":{"start":{"line":251,"column":29},"end":{"line":251,"column":58}},"type":"binary-expr","locations":[{"start":{"line":251,"column":29},"end":{"line":251,"column":52}},{"start":{"line":251,"column":56},"end":{"line":251,"column":58}}],"line":251},"23":{"loc":{"start":{"line":252,"column":29},"end":{"line":252,"column":58}},"type":"binary-expr","locations":[{"start":{"line":252,"column":29},"end":{"line":252,"column":52}},{"start":{"line":252,"column":56},"end":{"line":252,"column":58}}],"line":252},"24":{"loc":{"start":{"line":263,"column":12},"end":{"line":271,"column":13}},"type":"if","locations":[{"start":{"line":263,"column":12},"end":{"line":271,"column":13}},{"start":{"line":267,"column":19},"end":{"line":271,"column":13}}],"line":263},"25":{"loc":{"start":{"line":263,"column":16},"end":{"line":263,"column":72}},"type":"binary-expr","locations":[{"start":{"line":263,"column":16},"end":{"line":263,"column":42}},{"start":{"line":263,"column":46},"end":{"line":263,"column":72}}],"line":263},"26":{"loc":{"start":{"line":264,"column":23},"end":{"line":266,"column":50}},"type":"cond-expr","locations":[{"start":{"line":265,"column":22},"end":{"line":265,"column":50}},{"start":{"line":266,"column":22},"end":{"line":266,"column":50}}],"line":264},"27":{"loc":{"start":{"line":268,"column":23},"end":{"line":270,"column":61}},"type":"cond-expr","locations":[{"start":{"line":269,"column":22},"end":{"line":269,"column":61}},{"start":{"line":270,"column":22},"end":{"line":270,"column":61}}],"line":268},"28":{"loc":{"start":{"line":289,"column":4},"end":{"line":291,"column":5}},"type":"if","locations":[{"start":{"line":289,"column":4},"end":{"line":291,"column":5}},{"start":{},"end":{}}],"line":289},"29":{"loc":{"start":{"line":412,"column":64},"end":{"line":412,"column":100}},"type":"cond-expr","locations":[{"start":{"line":412,"column":86},"end":{"line":412,"column":92}},{"start":{"line":412,"column":95},"end":{"line":412,"column":100}}],"line":412},"30":{"loc":{"start":{"line":414,"column":43},"end":{"line":414,"column":88}},"type":"cond-expr","locations":[{"start":{"line":414,"column":65},"end":{"line":414,"column":75}},{"start":{"line":414,"column":78},"end":{"line":414,"column":88}}],"line":414},"31":{"loc":{"start":{"line":416,"column":37},"end":{"line":416,"column":68}},"type":"cond-expr","locations":[{"start":{"line":416,"column":59},"end":{"line":416,"column":62}},{"start":{"line":416,"column":65},"end":{"line":416,"column":68}}],"line":416},"32":{"loc":{"start":{"line":434,"column":46},"end":{"line":434,"column":73}},"type":"binary-expr","locations":[{"start":{"line":434,"column":46},"end":{"line":434,"column":67}},{"start":{"line":434,"column":71},"end":{"line":434,"column":73}}],"line":434},"33":{"loc":{"start":{"line":489,"column":73},"end":{"line":489,"column":93}},"type":"binary-expr","locations":[{"start":{"line":489,"column":73},"end":{"line":489,"column":88}},{"start":{"line":489,"column":92},"end":{"line":489,"column":93}}],"line":489},"34":{"loc":{"start":{"line":519,"column":25},"end":{"line":658,"column":25}},"type":"cond-expr","locations":[{"start":{"line":520,"column":28},"end":{"line":546,"column":34}},{"start":{"line":548,"column":28},"end":{"line":657,"column":34}}],"line":519},"35":{"loc":{"start":{"line":530,"column":37},"end":{"line":530,"column":131}},"type":"cond-expr","locations":[{"start":{"line":530,"column":54},"end":{"line":530,"column":89}},{"start":{"line":530,"column":92},"end":{"line":530,"column":131}}],"line":530},"36":{"loc":{"start":{"line":536,"column":50},"end":{"line":536,"column":77}},"type":"binary-expr","locations":[{"start":{"line":536,"column":50},"end":{"line":536,"column":71}},{"start":{"line":536,"column":75},"end":{"line":536,"column":77}}],"line":536},"37":{"loc":{"start":{"line":576,"column":65},"end":{"line":576,"column":161}},"type":"cond-expr","locations":[{"start":{"line":576,"column":87},"end":{"line":576,"column":153}},{"start":{"line":576,"column":156},"end":{"line":576,"column":161}}],"line":576},"38":{"loc":{"start":{"line":579,"column":65},"end":{"line":579,"column":110}},"type":"binary-expr","locations":[{"start":{"line":579,"column":65},"end":{"line":579,"column":101}},{"start":{"line":579,"column":105},"end":{"line":579,"column":110}}],"line":579},"39":{"loc":{"start":{"line":596,"column":57},"end":{"line":596,"column":96}},"type":"binary-expr","locations":[{"start":{"line":596,"column":57},"end":{"line":596,"column":87}},{"start":{"line":596,"column":91},"end":{"line":596,"column":96}}],"line":596},"40":{"loc":{"start":{"line":602,"column":61},"end":{"line":602,"column":88}},"type":"binary-expr","locations":[{"start":{"line":602,"column":61},"end":{"line":602,"column":83}},{"start":{"line":602,"column":87},"end":{"line":602,"column":88}}],"line":602},"41":{"loc":{"start":{"line":612,"column":85},"end":{"line":612,"column":112}},"type":"binary-expr","locations":[{"start":{"line":612,"column":85},"end":{"line":612,"column":107}},{"start":{"line":612,"column":111},"end":{"line":612,"column":112}}],"line":612},"42":{"loc":{"start":{"line":663,"column":17},"end":{"line":719,"column":17}},"type":"binary-expr","locations":[{"start":{"line":663,"column":17},"end":{"line":663,"column":31}},{"start":{"line":664,"column":20},"end":{"line":718,"column":26}}],"line":663},"43":{"loc":{"start":{"line":682,"column":36},"end":{"line":690,"column":37}},"type":"if","locations":[{"start":{"line":682,"column":36},"end":{"line":690,"column":37}},{"start":{"line":684,"column":43},"end":{"line":690,"column":37}}],"line":682},"44":{"loc":{"start":{"line":684,"column":43},"end":{"line":690,"column":37}},"type":"if","locations":[{"start":{"line":684,"column":43},"end":{"line":690,"column":37}},{"start":{"line":686,"column":43},"end":{"line":690,"column":37}}],"line":684},"45":{"loc":{"start":{"line":686,"column":43},"end":{"line":690,"column":37}},"type":"if","locations":[{"start":{"line":686,"column":43},"end":{"line":690,"column":37}},{"start":{"line":688,"column":43},"end":{"line":690,"column":37}}],"line":686},"46":{"loc":{"start":{"line":698,"column":48},"end":{"line":700,"column":93}},"type":"cond-expr","locations":[{"start":{"line":699,"column":54},"end":{"line":699,"column":81}},{"start":{"line":700,"column":54},"end":{"line":700,"column":93}}],"line":698},"47":{"loc":{"start":{"line":771,"column":83},"end":{"line":771,"column":112}},"type":"binary-expr","locations":[{"start":{"line":771,"column":83},"end":{"line":771,"column":107}},{"start":{"line":771,"column":111},"end":{"line":771,"column":112}}],"line":771},"48":{"loc":{"start":{"line":804,"column":25},"end":{"line":814,"column":25}},"type":"binary-expr","locations":[{"start":{"line":804,"column":25},"end":{"line":804,"column":41}},{"start":{"line":805,"column":28},"end":{"line":813,"column":34}}],"line":804},"49":{"loc":{"start":{"line":808,"column":37},"end":{"line":810,"column":47}},"type":"cond-expr","locations":[{"start":{"line":809,"column":40},"end":{"line":809,"column":171}},{"start":{"line":810,"column":42},"end":{"line":810,"column":47}}],"line":808},"50":{"loc":{"start":{"line":842,"column":83},"end":{"line":842,"column":112}},"type":"binary-expr","locations":[{"start":{"line":842,"column":83},"end":{"line":842,"column":107}},{"start":{"line":842,"column":111},"end":{"line":842,"column":112}}],"line":842},"51":{"loc":{"start":{"line":843,"column":33},"end":{"line":843,"column":83}},"type":"binary-expr","locations":[{"start":{"line":843,"column":33},"end":{"line":843,"column":76}},{"start":{"line":843,"column":80},"end":{"line":843,"column":83}}],"line":843},"52":{"loc":{"start":{"line":846,"column":55},"end":{"line":846,"column":91}},"type":"binary-expr","locations":[{"start":{"line":846,"column":55},"end":{"line":846,"column":86}},{"start":{"line":846,"column":90},"end":{"line":846,"column":91}}],"line":846}},"s":{"0":0,"1":0,"2":0,"3":0,"4":0,"5":0,"6":0,"7":0,"8":0,"9":0,"10":0,"11":0,"12":0,"13":0,"14":0,"15":0,"16":0,"17":0,"18":0,"19":0,"20":0,"21":0,"22":0,"23":0,"24":0,"25":0,"26":0,"27":0,"28":0,"29":0,"30":0,"31":0,"32":0,"33":0,"34":0,"35":0,"36":0,"37":0,"38":0,"39":0,"40":0,"41":0,"42":0,"43":0,"44":0,"45":0,"46":0,"47":0,"48":0,"49":0,"50":0,"51":0,"52":0,"53":0,"54":0,"55":0,"56":0,"57":0,"58":0,"59":0,"60":0,"61":0,"62":0,"63":0,"64":0,"65":0,"66":0,"67":0,"68":0,"69":0,"70":0,"71":0,"72":0,"73":0,"74":0,"75":0,"76":0,"77":0,"78":0,"79":0,"80":0,"81":0,"82":0,"83":0,"84":0,"85":0,"86":0,"87":0,"88":0,"89":0,"90":0,"91":0,"92":0,"93":0,"94":0,"95":0,"96":0,"97":0,"98":0,"99":0,"100":0,"101":0,"102":0,"103":0,"104":0,"105":0,"106":0,"107":0,"108":0,"109":0,"110":0,"111":0,"112":0,"113":0,"114":0,"115":0,"116":0,"117":0,"118":0,"119":0,"120":0,"121":0,"122":0,"123":0,"124":0,"125":0,"126":0,"127":0,"128":0,"129":0,"130":0,"131":0,"132":0,"133":0,"134":0,"135":0,"136":0,"137":0,"138":0,"139":0,"140":0,"141":0,"142":0,"143":0,"144":0,"145":0,"146":0,"147":0,"148":0,"149":0,"150":0,"151":0,"152":0,"153":0,"154":0,"155":0,"156":0,"157":0,"158":0,"159":0,"160":0,"161":0,"162":0,"163":0,"164":0,"165":0,"166":0,"167":0,"168":0,"169":0,"170":0,"171":0,"172":0,"173":0,"174":0,"175":0,"176":0,"177":0,"178":0,"179":0,"180":0,"181":0,"182":0,"183":0,"184":0,"185":0,"186":0,"187":0,"188":0,"189":0,"190":0,"191":0,"192":0,"193":0,"194":0,"195":0,"196":0,"197":0,"198":0,"199":0},"f":{"0":0,"1":0,"2":0,"3":0,"4":0,"5":0,"6":0,"7":0,"8":0,"9":0,"10":0,"11":0,"12":0,"13":0,"14":0,"15":0,"16":0,"17":0,"18":0,"19":0,"20":0,"21":0,"22":0,"23":0,"24":0,"25":0,"26":0,"27":0,"28":0,"29":0,"30":0,"31":0,"32":0,"33":0,"34":0,"35":0,"36":0,"37":0,"38":0,"39":0,"40":0,"41":0,"42":0,"43":0,"44":0,"45":0,"46":0,"47":0,"48":0,"49":0,"50":0,"51":0,"52":0,"53":0},"b":{"0":[0,0],"1":[0,0],"2":[0,0],"3":[0,0],"4":[0,0],"5":[0,0],"6":[0,0],"7":[0,0],"8":[0,0],"9":[0,0],"10":[0,0],"11":[0,0],"12":[0,0],"13":[0,0,0,0],"14":[0,0],"15":[0,0],"16":[0,0,0,0],"17":[0,0],"18":[0,0],"19":[0,0,0,0,0],"20":[0,0],"21":[0,0],"22":[0,0],"23":[0,0],"24":[0,0],"25":[0,0],"26":[0,0],"27":[0,0],"28":[0,0],"29":[0,0],"30":[0,0],"31":[0,0],"32":[0,0],"33":[0,0],"34":[0,0],"35":[0,0],"36":[0,0],"37":[0,0],"38":[0,0],"39":[0,0],"40":[0,0],"41":[0,0],"42":[0,0],"43":[0,0],"44":[0,0],"45":[0,0],"46":[0,0],"47":[0,0],"48":[0,0],"49":[0,0],"50":[0,0],"51":[0,0],"52":[0,0]}}
,"F:\\CNPM\\CNPM_WebSiteDKKhamBenh\\frontend\\src\\app\\admin\\dashboard\\page.tsx": {"path":"F:\\CNPM\\CNPM_WebSiteDKKhamBenh\\frontend\\src\\app\\admin\\dashboard\\page.tsx","statementMap":{"0":{"start":{"line":32,"column":30},"end":{"line":32,"column":67}},"1":{"start":{"line":33,"column":52},"end":{"line":33,"column":82}},"2":{"start":{"line":34,"column":34},"end":{"line":34,"column":48}},"3":{"start":{"line":35,"column":30},"end":{"line":35,"column":59}},"4":{"start":{"line":36,"column":42},"end":{"line":36,"column":62}},"5":{"start":{"line":37,"column":54},"end":{"line":37,"column":99}},"6":{"start":{"line":39,"column":4},"end":{"line":42,"column":11}},"7":{"start":{"line":40,"column":22},"end":{"line":40,"column":73}},"8":{"start":{"line":40,"column":40},"end":{"line":40,"column":66}},"9":{"start":{"line":41,"column":8},"end":{"line":41,"column":42}},"10":{"start":{"line":41,"column":21},"end":{"line":41,"column":41}},"11":{"start":{"line":44,"column":4},"end":{"line":111,"column":11}},"12":{"start":{"line":45,"column":35},"end":{"line":108,"column":9}},"13":{"start":{"line":46,"column":12},"end":{"line":107,"column":13}},"14":{"start":{"line":47,"column":16},"end":{"line":47,"column":33}},"15":{"start":{"line":48,"column":16},"end":{"line":48,"column":31}},"16":{"start":{"line":51,"column":39},"end":{"line":51,"column":64}},"17":{"start":{"line":52,"column":16},"end":{"line":52,"column":41}},"18":{"start":{"line":54,"column":16},"end":{"line":100,"column":19}},"19":{"start":{"line":102,"column":16},"end":{"line":102,"column":75}},"20":{"start":{"line":103,"column":16},"end":{"line":103,"column":55}},"21":{"start":{"line":104,"column":16},"end":{"line":104,"column":62}},"22":{"start":{"line":106,"column":16},"end":{"line":106,"column":34}},"23":{"start":{"line":110,"column":8},"end":{"line":110,"column":29}},"24":{"start":{"line":113,"column":4},"end":{"line":115,"column":5}},"25":{"start":{"line":114,"column":8},"end":{"line":114,"column":60}},"26":{"start":{"line":117,"column":4},"end":{"line":128,"column":5}},"27":{"start":{"line":118,"column":8},"end":{"line":127,"column":10}},"28":{"start":{"line":122,"column":43},"end":{"line":122,"column":67}},"29":{"start":{"line":130,"column":28},"end":{"line":165,"column":5}},"30":{"start":{"line":131,"column":8},"end":{"line":164,"column":9}},"31":{"start":{"line":133,"column":16},"end":{"line":139,"column":18}},"32":{"start":{"line":141,"column":16},"end":{"line":147,"column":18}},"33":{"start":{"line":149,"column":16},"end":{"line":155,"column":18}},"34":{"start":{"line":157,"column":16},"end":{"line":163,"column":18}},"35":{"start":{"line":167,"column":27},"end":{"line":184,"column":5}},"36":{"start":{"line":168,"column":8},"end":{"line":168,"column":33}},"37":{"start":{"line":168,"column":21},"end":{"line":168,"column":33}},"38":{"start":{"line":170,"column":74},"end":{"line":175,"column":9}},"39":{"start":{"line":177,"column":27},"end":{"line":177,"column":84}},"40":{"start":{"line":179,"column":8},"end":{"line":183,"column":10}},"41":{"start":{"line":186,"column":40},"end":{"line":223,"column":5}},"42":{"start":{"line":225,"column":4},"end":{"line":704,"column":6}},"43":{"start":{"line":391,"column":36},"end":{"line":431,"column":43}},"44":{"start":{"line":520,"column":63},"end":{"line":520,"column":92}},"45":{"start":{"line":530,"column":63},"end":{"line":530,"column":91}},"46":{"start":{"line":540,"column":63},"end":{"line":540,"column":92}},"47":{"start":{"line":560,"column":44},"end":{"line":614,"column":50}}},"fnMap":{"0":{"name":"AdminDashboard","decl":{"start":{"line":31,"column":24},"end":{"line":31,"column":38}},"loc":{"start":{"line":31,"column":41},"end":{"line":705,"column":1}},"line":31},"1":{"name":"(anonymous_1)","decl":{"start":{"line":39,"column":14},"end":{"line":39,"column":15}},"loc":{"start":{"line":39,"column":20},"end":{"line":42,"column":5}},"line":39},"2":{"name":"(anonymous_2)","decl":{"start":{"line":40,"column":34},"end":{"line":40,"column":35}},"loc":{"start":{"line":40,"column":40},"end":{"line":40,"column":66}},"line":40},"3":{"name":"(anonymous_3)","decl":{"start":{"line":41,"column":15},"end":{"line":41,"column":16}},"loc":{"start":{"line":41,"column":21},"end":{"line":41,"column":41}},"line":41},"4":{"name":"(anonymous_4)","decl":{"start":{"line":44,"column":14},"end":{"line":44,"column":15}},"loc":{"start":{"line":44,"column":20},"end":{"line":111,"column":5}},"line":44},"5":{"name":"(anonymous_5)","decl":{"start":{"line":45,"column":35},"end":{"line":45,"column":36}},"loc":{"start":{"line":45,"column":47},"end":{"line":108,"column":9}},"line":45},"6":{"name":"(anonymous_6)","decl":{"start":{"line":122,"column":37},"end":{"line":122,"column":38}},"loc":{"start":{"line":122,"column":43},"end":{"line":122,"column":67}},"line":122},"7":{"name":"(anonymous_7)","decl":{"start":{"line":130,"column":28},"end":{"line":130,"column":29}},"loc":{"start":{"line":130,"column":46},"end":{"line":165,"column":5}},"line":130},"8":{"name":"(anonymous_8)","decl":{"start":{"line":167,"column":27},"end":{"line":167,"column":28}},"loc":{"start":{"line":167,"column":48},"end":{"line":184,"column":5}},"line":167},"9":{"name":"(anonymous_9)","decl":{"start":{"line":390,"column":50},"end":{"line":390,"column":51}},"loc":{"start":{"line":391,"column":36},"end":{"line":431,"column":43}},"line":391},"10":{"name":"(anonymous_10)","decl":{"start":{"line":520,"column":57},"end":{"line":520,"column":58}},"loc":{"start":{"line":520,"column":63},"end":{"line":520,"column":92}},"line":520},"11":{"name":"(anonymous_11)","decl":{"start":{"line":530,"column":57},"end":{"line":530,"column":58}},"loc":{"start":{"line":530,"column":63},"end":{"line":530,"column":91}},"line":530},"12":{"name":"(anonymous_12)","decl":{"start":{"line":540,"column":57},"end":{"line":540,"column":58}},"loc":{"start":{"line":540,"column":63},"end":{"line":540,"column":92}},"line":540},"13":{"name":"(anonymous_13)","decl":{"start":{"line":559,"column":62},"end":{"line":559,"column":63}},"loc":{"start":{"line":560,"column":44},"end":{"line":614,"column":50}},"line":560}},"branchMap":{"0":{"loc":{"start":{"line":102,"column":25},"end":{"line":102,"column":73}},"type":"binary-expr","locations":[{"start":{"line":102,"column":25},"end":{"line":102,"column":36}},{"start":{"line":102,"column":40},"end":{"line":102,"column":73}}],"line":102},"1":{"loc":{"start":{"line":113,"column":4},"end":{"line":115,"column":5}},"type":"if","locations":[{"start":{"line":113,"column":4},"end":{"line":115,"column":5}},{"start":{},"end":{}}],"line":113},"2":{"loc":{"start":{"line":117,"column":4},"end":{"line":128,"column":5}},"type":"if","locations":[{"start":{"line":117,"column":4},"end":{"line":128,"column":5}},{"start":{},"end":{}}],"line":117},"3":{"loc":{"start":{"line":131,"column":8},"end":{"line":164,"column":9}},"type":"switch","locations":[{"start":{"line":132,"column":12},"end":{"line":139,"column":18}},{"start":{"line":140,"column":12},"end":{"line":147,"column":18}},{"start":{"line":148,"column":12},"end":{"line":155,"column":18}},{"start":{"line":156,"column":12},"end":{"line":163,"column":18}}],"line":131},"4":{"loc":{"start":{"line":168,"column":8},"end":{"line":168,"column":33}},"type":"if","locations":[{"start":{"line":168,"column":8},"end":{"line":168,"column":33}},{"start":{},"end":{}}],"line":168},"5":{"loc":{"start":{"line":177,"column":27},"end":{"line":177,"column":84}},"type":"binary-expr","locations":[{"start":{"line":177,"column":27},"end":{"line":177,"column":44}},{"start":{"line":177,"column":48},"end":{"line":177,"column":84}}],"line":177},"6":{"loc":{"start":{"line":396,"column":57},"end":{"line":400,"column":57}},"type":"binary-expr","locations":[{"start":{"line":396,"column":57},"end":{"line":396,"column":84}},{"start":{"line":397,"column":60},"end":{"line":399,"column":66}}],"line":396},"7":{"loc":{"start":{"line":401,"column":57},"end":{"line":405,"column":57}},"type":"binary-expr","locations":[{"start":{"line":401,"column":57},"end":{"line":401,"column":83}},{"start":{"line":402,"column":60},"end":{"line":404,"column":66}}],"line":401},"8":{"loc":{"start":{"line":406,"column":57},"end":{"line":410,"column":57}},"type":"binary-expr","locations":[{"start":{"line":406,"column":57},"end":{"line":406,"column":84}},{"start":{"line":407,"column":60},"end":{"line":409,"column":66}}],"line":406},"9":{"loc":{"start":{"line":411,"column":57},"end":{"line":415,"column":57}},"type":"binary-expr","locations":[{"start":{"line":411,"column":57},"end":{"line":411,"column":81}},{"start":{"line":412,"column":60},"end":{"line":414,"column":66}}],"line":411},"10":{"loc":{"start":{"line":424,"column":49},"end":{"line":428,"column":49}},"type":"binary-expr","locations":[{"start":{"line":424,"column":49},"end":{"line":424,"column":61}},{"start":{"line":425,"column":52},"end":{"line":427,"column":58}}],"line":424},"11":{"loc":{"start":{"line":522,"column":52},"end":{"line":524,"column":99}},"type":"cond-expr","locations":[{"start":{"line":523,"column":58},"end":{"line":523,"column":95}},{"start":{"line":524,"column":58},"end":{"line":524,"column":99}}],"line":522},"12":{"loc":{"start":{"line":532,"column":52},"end":{"line":534,"column":99}},"type":"cond-expr","locations":[{"start":{"line":533,"column":58},"end":{"line":533,"column":95}},{"start":{"line":534,"column":58},"end":{"line":534,"column":99}}],"line":532},"13":{"loc":{"start":{"line":542,"column":52},"end":{"line":544,"column":99}},"type":"cond-expr","locations":[{"start":{"line":543,"column":58},"end":{"line":543,"column":95}},{"start":{"line":544,"column":58},"end":{"line":544,"column":99}}],"line":542},"14":{"loc":{"start":{"line":557,"column":33},"end":{"line":630,"column":33}},"type":"cond-expr","locations":[{"start":{"line":558,"column":36},"end":{"line":616,"column":42}},{"start":{"line":618,"column":36},"end":{"line":629,"column":42}}],"line":557},"15":{"loc":{"start":{"line":567,"column":52},"end":{"line":568,"column":117}},"type":"cond-expr","locations":[{"start":{"line":567,"column":83},"end":{"line":567,"column":95}},{"start":{"line":568,"column":52},"end":{"line":568,"column":117}}],"line":567},"16":{"loc":{"start":{"line":568,"column":52},"end":{"line":568,"column":117}},"type":"cond-expr","locations":[{"start":{"line":568,"column":85},"end":{"line":568,"column":100}},{"start":{"line":568,"column":103},"end":{"line":568,"column":117}}],"line":568},"17":{"loc":{"start":{"line":574,"column":53},"end":{"line":576,"column":53}},"type":"binary-expr","locations":[{"start":{"line":574,"column":53},"end":{"line":574,"column":81}},{"start":{"line":575,"column":56},"end":{"line":575,"column":150}}],"line":574},"18":{"loc":{"start":{"line":591,"column":61},"end":{"line":600,"column":61}},"type":"binary-expr","locations":[{"start":{"line":591,"column":61},"end":{"line":591,"column":78}},{"start":{"line":592,"column":64},"end":{"line":599,"column":70}}],"line":591},"19":{"loc":{"start":{"line":593,"column":68},"end":{"line":595,"column":97}},"type":"cond-expr","locations":[{"start":{"line":593,"column":99},"end":{"line":593,"column":124}},{"start":{"line":594,"column":68},"end":{"line":595,"column":97}}],"line":593},"20":{"loc":{"start":{"line":594,"column":68},"end":{"line":595,"column":97}},"type":"cond-expr","locations":[{"start":{"line":594,"column":101},"end":{"line":594,"column":132}},{"start":{"line":595,"column":68},"end":{"line":595,"column":97}}],"line":594},"21":{"loc":{"start":{"line":597,"column":69},"end":{"line":598,"column":123}},"type":"cond-expr","locations":[{"start":{"line":597,"column":100},"end":{"line":597,"column":105}},{"start":{"line":598,"column":69},"end":{"line":598,"column":123}}],"line":597},"22":{"loc":{"start":{"line":598,"column":69},"end":{"line":598,"column":123}},"type":"cond-expr","locations":[{"start":{"line":598,"column":102},"end":{"line":598,"column":114}},{"start":{"line":598,"column":117},"end":{"line":598,"column":123}}],"line":598}},"s":{"0":0,"1":0,"2":0,"3":0,"4":0,"5":0,"6":0,"7":0,"8":0,"9":0,"10":0,"11":0,"12":0,"13":0,"14":0,"15":0,"16":0,"17":0,"18":0,"19":0,"20":0,"21":0,"22":0,"23":0,"24":0,"25":0,"26":0,"27":0,"28":0,"29":0,"30":0,"31":0,"32":0,"33":0,"34":0,"35":0,"36":0,"37":0,"38":0,"39":0,"40":0,"41":0,"42":0,"43":0,"44":0,"45":0,"46":0,"47":0},"f":{"0":0,"1":0,"2":0,"3":0,"4":0,"5":0,"6":0,"7":0,"8":0,"9":0,"10":0,"11":0,"12":0,"13":0},"b":{"0":[0,0],"1":[0,0],"2":[0,0],"3":[0,0,0,0],"4":[0,0],"5":[0,0],"6":[0,0],"7":[0,0],"8":[0,0],"9":[0,0],"10":[0,0],"11":[0,0],"12":[0,0],"13":[0,0],"14":[0,0],"15":[0,0],"16":[0,0],"17":[0,0],"18":[0,0],"19":[0,0],"20":[0,0],"21":[0,0],"22":[0,0]}}
,"F:\\CNPM\\CNPM_WebSiteDKKhamBenh\\frontend\\src\\app\\admin\\doctors\\page.tsx": {"path":"F:\\CNPM\\CNPM_WebSiteDKKhamBenh\\frontend\\src\\app\\admin\\doctors\\page.tsx","statementMap":{"0":{"start":{"line":32,"column":34},"end":{"line":32,"column":56}},"1":{"start":{"line":33,"column":42},"end":{"line":33,"column":67}},"2":{"start":{"line":34,"column":40},"end":{"line":34,"column":60}},"3":{"start":{"line":35,"column":54},"end":{"line":35,"column":77}},"4":{"start":{"line":36,"column":32},"end":{"line":36,"column":61}},"5":{"start":{"line":37,"column":38},"end":{"line":37,"column":69}},"6":{"start":{"line":38,"column":42},"end":{"line":38,"column":61}},"7":{"start":{"line":39,"column":27},"end":{"line":39,"column":46}},"8":{"start":{"line":40,"column":34},"end":{"line":40,"column":57}},"9":{"start":{"line":41,"column":54},"end":{"line":41,"column":69}},"10":{"start":{"line":42,"column":50},"end":{"line":42,"column":65}},"11":{"start":{"line":43,"column":48},"end":{"line":43,"column":77}},"12":{"start":{"line":44,"column":36},"end":{"line":54,"column":6}},"13":{"start":{"line":56,"column":4},"end":{"line":58,"column":11}},"14":{"start":{"line":57,"column":8},"end":{"line":57,"column":19}},"15":{"start":{"line":60,"column":21},"end":{"line":74,"column":5}},"16":{"start":{"line":61,"column":8},"end":{"line":73,"column":9}},"17":{"start":{"line":62,"column":12},"end":{"line":62,"column":29}},"18":{"start":{"line":63,"column":51},"end":{"line":66,"column":14}},"19":{"start":{"line":67,"column":12},"end":{"line":67,"column":36}},"20":{"start":{"line":68,"column":12},"end":{"line":68,"column":44}},"21":{"start":{"line":70,"column":12},"end":{"line":70,"column":47}},"22":{"start":{"line":72,"column":12},"end":{"line":72,"column":30}},"23":{"start":{"line":76,"column":24},"end":{"line":83,"column":5}},"24":{"start":{"line":77,"column":8},"end":{"line":82,"column":9}},"25":{"start":{"line":78,"column":25},"end":{"line":78,"column":46}},"26":{"start":{"line":79,"column":12},"end":{"line":79,"column":29}},"27":{"start":{"line":81,"column":12},"end":{"line":81,"column":56}},"28":{"start":{"line":85,"column":31},"end":{"line":108,"column":5}},"29":{"start":{"line":86,"column":8},"end":{"line":107,"column":9}},"30":{"start":{"line":87,"column":12},"end":{"line":90,"column":15}},"31":{"start":{"line":91,"column":12},"end":{"line":91,"column":51}},"32":{"start":{"line":92,"column":12},"end":{"line":92,"column":40}},"33":{"start":{"line":93,"column":12},"end":{"line":103,"column":15}},"34":{"start":{"line":104,"column":12},"end":{"line":104,"column":26}},"35":{"start":{"line":106,"column":12},"end":{"line":106,"column":46}},"36":{"start":{"line":110,"column":31},"end":{"line":123,"column":5}},"37":{"start":{"line":111,"column":8},"end":{"line":111,"column":36}},"38":{"start":{"line":111,"column":29},"end":{"line":111,"column":36}},"39":{"start":{"line":112,"column":8},"end":{"line":122,"column":9}},"40":{"start":{"line":113,"column":12},"end":{"line":116,"column":15}},"41":{"start":{"line":117,"column":12},"end":{"line":117,"column":56}},"42":{"start":{"line":118,"column":12},"end":{"line":118,"column":38}},"43":{"start":{"line":119,"column":12},"end":{"line":119,"column":26}},"44":{"start":{"line":121,"column":12},"end":{"line":121,"column":51}},"45":{"start":{"line":125,"column":31},"end":{"line":135,"column":5}},"46":{"start":{"line":126,"column":8},"end":{"line":134,"column":9}},"47":{"start":{"line":127,"column":12},"end":{"line":133,"column":13}},"48":{"start":{"line":128,"column":16},"end":{"line":128,"column":45}},"49":{"start":{"line":129,"column":16},"end":{"line":129,"column":55}},"50":{"start":{"line":130,"column":16},"end":{"line":130,"column":30}},"51":{"start":{"line":132,"column":16},"end":{"line":132,"column":50}},"52":{"start":{"line":138,"column":31},"end":{"line":194,"column":5}},"53":{"start":{"line":139,"column":23},"end":{"line":139,"column":30}},"54":{"start":{"line":142,"column":8},"end":{"line":149,"column":9}},"55":{"start":{"line":143,"column":12},"end":{"line":148,"column":14}},"56":{"start":{"line":144,"column":16},"end":{"line":147,"column":99}},"57":{"start":{"line":152,"column":8},"end":{"line":156,"column":9}},"58":{"start":{"line":153,"column":12},"end":{"line":155,"column":14}},"59":{"start":{"line":154,"column":16},"end":{"line":154,"column":68}},"60":{"start":{"line":159,"column":8},"end":{"line":191,"column":11}},"61":{"start":{"line":160,"column":42},"end":{"line":160,"column":44}},"62":{"start":{"line":161,"column":42},"end":{"line":161,"column":44}},"63":{"start":{"line":163,"column":12},"end":{"line":183,"column":13}},"64":{"start":{"line":165,"column":20},"end":{"line":165,"column":47}},"65":{"start":{"line":166,"column":20},"end":{"line":166,"column":47}},"66":{"start":{"line":167,"column":20},"end":{"line":167,"column":26}},"67":{"start":{"line":169,"column":20},"end":{"line":169,"column":46}},"68":{"start":{"line":170,"column":20},"end":{"line":170,"column":46}},"69":{"start":{"line":171,"column":20},"end":{"line":171,"column":26}},"70":{"start":{"line":173,"column":20},"end":{"line":173,"column":43}},"71":{"start":{"line":174,"column":20},"end":{"line":174,"column":43}},"72":{"start":{"line":175,"column":20},"end":{"line":175,"column":26}},"73":{"start":{"line":177,"column":20},"end":{"line":177,"column":57}},"74":{"start":{"line":178,"column":20},"end":{"line":178,"column":57}},"75":{"start":{"line":179,"column":20},"end":{"line":179,"column":26}},"76":{"start":{"line":181,"column":20},"end":{"line":181,"column":47}},"77":{"start":{"line":182,"column":20},"end":{"line":182,"column":47}},"78":{"start":{"line":185,"column":12},"end":{"line":189,"column":13}},"79":{"start":{"line":186,"column":16},"end":{"line":188,"column":51}},"80":{"start":{"line":190,"column":12},"end":{"line":190,"column":21}},"81":{"start":{"line":193,"column":8},"end":{"line":193,"column":24}},"82":{"start":{"line":196,"column":32},"end":{"line":201,"column":5}},"83":{"start":{"line":197,"column":25},"end":{"line":197,"column":45}},"84":{"start":{"line":198,"column":27},"end":{"line":198,"column":59}},"85":{"start":{"line":199,"column":25},"end":{"line":199,"column":50}},"86":{"start":{"line":200,"column":8},"end":{"line":200,"column":52}},"87":{"start":{"line":203,"column":26},"end":{"line":206,"column":5}},"88":{"start":{"line":204,"column":25},"end":{"line":204,"column":45}},"89":{"start":{"line":205,"column":8},"end":{"line":205,"column":57}},"90":{"start":{"line":208,"column":4},"end":{"line":217,"column":5}},"91":{"start":{"line":209,"column":8},"end":{"line":216,"column":10}},"92":{"start":{"line":219,"column":29},"end":{"line":219,"column":50}},"93":{"start":{"line":220,"column":25},"end":{"line":220,"column":52}},"94":{"start":{"line":221,"column":23},"end":{"line":221,"column":38}},"95":{"start":{"line":223,"column":4},"end":{"line":648,"column":6}},"96":{"start":{"line":251,"column":40},"end":{"line":251,"column":70}},"97":{"start":{"line":252,"column":40},"end":{"line":252,"column":58}},"98":{"start":{"line":266,"column":36},"end":{"line":266,"column":73}},"99":{"start":{"line":267,"column":36},"end":{"line":267,"column":54}},"100":{"start":{"line":273,"column":36},"end":{"line":275,"column":45}},"101":{"start":{"line":287,"column":49},"end":{"line":287,"column":74}},"102":{"start":{"line":300,"column":47},"end":{"line":300,"column":97}},"103":{"start":{"line":307,"column":47},"end":{"line":307,"column":73}},"104":{"start":{"line":339,"column":32},"end":{"line":376,"column":37}},"105":{"start":{"line":350,"column":52},"end":{"line":350,"column":78}},"106":{"start":{"line":351,"column":52},"end":{"line":361,"column":55}},"107":{"start":{"line":362,"column":52},"end":{"line":362,"column":77}},"108":{"start":{"line":369,"column":63},"end":{"line":369,"column":92}},"109":{"start":{"line":390,"column":47},"end":{"line":390,"column":91}},"110":{"start":{"line":401,"column":36},"end":{"line":409,"column":37}},"111":{"start":{"line":402,"column":40},"end":{"line":402,"column":56}},"112":{"start":{"line":403,"column":43},"end":{"line":409,"column":37}},"113":{"start":{"line":404,"column":40},"end":{"line":404,"column":56}},"114":{"start":{"line":405,"column":43},"end":{"line":409,"column":37}},"115":{"start":{"line":406,"column":40},"end":{"line":406,"column":69}},"116":{"start":{"line":408,"column":40},"end":{"line":408,"column":70}},"117":{"start":{"line":411,"column":36},"end":{"line":423,"column":38}},"118":{"start":{"line":414,"column":59},"end":{"line":414,"column":82}},"119":{"start":{"line":428,"column":47},"end":{"line":428,"column":100}},"120":{"start":{"line":449,"column":57},"end":{"line":449,"column":108}},"121":{"start":{"line":458,"column":57},"end":{"line":458,"column":111}},"122":{"start":{"line":467,"column":57},"end":{"line":467,"column":112}},"123":{"start":{"line":476,"column":57},"end":{"line":476,"column":111}},"124":{"start":{"line":484,"column":57},"end":{"line":484,"column":114}},"125":{"start":{"line":489,"column":44},"end":{"line":491,"column":53}},"126":{"start":{"line":499,"column":57},"end":{"line":499,"column":113}},"127":{"start":{"line":515,"column":57},"end":{"line":515,"column":114}},"128":{"start":{"line":524,"column":57},"end":{"line":524,"column":110}},"129":{"start":{"line":530,"column":55},"end":{"line":530,"column":82}},"130":{"start":{"line":567,"column":57},"end":{"line":567,"column":112}},"131":{"start":{"line":576,"column":57},"end":{"line":576,"column":111}},"132":{"start":{"line":584,"column":57},"end":{"line":584,"column":114}},"133":{"start":{"line":589,"column":44},"end":{"line":591,"column":53}},"134":{"start":{"line":599,"column":57},"end":{"line":599,"column":113}},"135":{"start":{"line":615,"column":57},"end":{"line":615,"column":114}},"136":{"start":{"line":624,"column":57},"end":{"line":624,"column":110}},"137":{"start":{"line":630,"column":55},"end":{"line":630,"column":80}}},"fnMap":{"0":{"name":"DoctorsPage","decl":{"start":{"line":31,"column":24},"end":{"line":31,"column":35}},"loc":{"start":{"line":31,"column":38},"end":{"line":649,"column":1}},"line":31},"1":{"name":"(anonymous_1)","decl":{"start":{"line":56,"column":14},"end":{"line":56,"column":15}},"loc":{"start":{"line":56,"column":20},"end":{"line":58,"column":5}},"line":56},"2":{"name":"(anonymous_2)","decl":{"start":{"line":60,"column":21},"end":{"line":60,"column":22}},"loc":{"start":{"line":60,"column":33},"end":{"line":74,"column":5}},"line":60},"3":{"name":"(anonymous_3)","decl":{"start":{"line":76,"column":24},"end":{"line":76,"column":25}},"loc":{"start":{"line":76,"column":36},"end":{"line":83,"column":5}},"line":76},"4":{"name":"(anonymous_4)","decl":{"start":{"line":85,"column":31},"end":{"line":85,"column":32}},"loc":{"start":{"line":85,"column":43},"end":{"line":108,"column":5}},"line":85},"5":{"name":"(anonymous_5)","decl":{"start":{"line":110,"column":31},"end":{"line":110,"column":32}},"loc":{"start":{"line":110,"column":43},"end":{"line":123,"column":5}},"line":110},"6":{"name":"(anonymous_6)","decl":{"start":{"line":125,"column":31},"end":{"line":125,"column":32}},"loc":{"start":{"line":125,"column":59},"end":{"line":135,"column":5}},"line":125},"7":{"name":"(anonymous_7)","decl":{"start":{"line":138,"column":31},"end":{"line":138,"column":32}},"loc":{"start":{"line":138,"column":37},"end":{"line":194,"column":5}},"line":138},"8":{"name":"(anonymous_8)","decl":{"start":{"line":143,"column":39},"end":{"line":143,"column":40}},"loc":{"start":{"line":144,"column":16},"end":{"line":147,"column":99}},"line":144},"9":{"name":"(anonymous_9)","decl":{"start":{"line":153,"column":39},"end":{"line":153,"column":40}},"loc":{"start":{"line":154,"column":16},"end":{"line":154,"column":68}},"line":154},"10":{"name":"(anonymous_10)","decl":{"start":{"line":159,"column":22},"end":{"line":159,"column":23}},"loc":{"start":{"line":159,"column":32},"end":{"line":191,"column":9}},"line":159},"11":{"name":"(anonymous_11)","decl":{"start":{"line":196,"column":32},"end":{"line":196,"column":33}},"loc":{"start":{"line":196,"column":38},"end":{"line":201,"column":5}},"line":196},"12":{"name":"(anonymous_12)","decl":{"start":{"line":203,"column":26},"end":{"line":203,"column":27}},"loc":{"start":{"line":203,"column":32},"end":{"line":206,"column":5}},"line":203},"13":{"name":"(anonymous_13)","decl":{"start":{"line":250,"column":46},"end":{"line":250,"column":47}},"loc":{"start":{"line":250,"column":53},"end":{"line":253,"column":37}},"line":250},"14":{"name":"(anonymous_14)","decl":{"start":{"line":265,"column":42},"end":{"line":265,"column":43}},"loc":{"start":{"line":265,"column":49},"end":{"line":268,"column":33}},"line":265},"15":{"name":"(anonymous_15)","decl":{"start":{"line":272,"column":49},"end":{"line":272,"column":50}},"loc":{"start":{"line":273,"column":36},"end":{"line":275,"column":45}},"line":273},"16":{"name":"(anonymous_16)","decl":{"start":{"line":287,"column":42},"end":{"line":287,"column":43}},"loc":{"start":{"line":287,"column":49},"end":{"line":287,"column":74}},"line":287},"17":{"name":"(anonymous_17)","decl":{"start":{"line":300,"column":41},"end":{"line":300,"column":42}},"loc":{"start":{"line":300,"column":47},"end":{"line":300,"column":97}},"line":300},"18":{"name":"(anonymous_18)","decl":{"start":{"line":307,"column":41},"end":{"line":307,"column":42}},"loc":{"start":{"line":307,"column":47},"end":{"line":307,"column":73}},"line":307},"19":{"name":"(anonymous_19)","decl":{"start":{"line":338,"column":50},"end":{"line":338,"column":51}},"loc":{"start":{"line":339,"column":32},"end":{"line":376,"column":37}},"line":339},"20":{"name":"(anonymous_20)","decl":{"start":{"line":349,"column":57},"end":{"line":349,"column":58}},"loc":{"start":{"line":349,"column":63},"end":{"line":363,"column":49}},"line":349},"21":{"name":"(anonymous_21)","decl":{"start":{"line":369,"column":57},"end":{"line":369,"column":58}},"loc":{"start":{"line":369,"column":63},"end":{"line":369,"column":92}},"line":369},"22":{"name":"(anonymous_22)","decl":{"start":{"line":390,"column":41},"end":{"line":390,"column":42}},"loc":{"start":{"line":390,"column":47},"end":{"line":390,"column":91}},"line":390},"23":{"name":"(anonymous_23)","decl":{"start":{"line":399,"column":81},"end":{"line":399,"column":82}},"loc":{"start":{"line":399,"column":91},"end":{"line":424,"column":33}},"line":399},"24":{"name":"(anonymous_24)","decl":{"start":{"line":414,"column":53},"end":{"line":414,"column":54}},"loc":{"start":{"line":414,"column":59},"end":{"line":414,"column":82}},"line":414},"25":{"name":"(anonymous_25)","decl":{"start":{"line":428,"column":41},"end":{"line":428,"column":42}},"loc":{"start":{"line":428,"column":47},"end":{"line":428,"column":100}},"line":428},"26":{"name":"(anonymous_26)","decl":{"start":{"line":449,"column":50},"end":{"line":449,"column":51}},"loc":{"start":{"line":449,"column":57},"end":{"line":449,"column":108}},"line":449},"27":{"name":"(anonymous_27)","decl":{"start":{"line":458,"column":50},"end":{"line":458,"column":51}},"loc":{"start":{"line":458,"column":57},"end":{"line":458,"column":111}},"line":458},"28":{"name":"(anonymous_28)","decl":{"start":{"line":467,"column":50},"end":{"line":467,"column":51}},"loc":{"start":{"line":467,"column":57},"end":{"line":467,"column":112}},"line":467},"29":{"name":"(anonymous_29)","decl":{"start":{"line":476,"column":50},"end":{"line":476,"column":51}},"loc":{"start":{"line":476,"column":57},"end":{"line":476,"column":111}},"line":476},"30":{"name":"(anonymous_30)","decl":{"start":{"line":484,"column":50},"end":{"line":484,"column":51}},"loc":{"start":{"line":484,"column":57},"end":{"line":484,"column":114}},"line":484},"31":{"name":"(anonymous_31)","decl":{"start":{"line":488,"column":57},"end":{"line":488,"column":58}},"loc":{"start":{"line":489,"column":44},"end":{"line":491,"column":53}},"line":489},"32":{"name":"(anonymous_32)","decl":{"start":{"line":499,"column":50},"end":{"line":499,"column":51}},"loc":{"start":{"line":499,"column":57},"end":{"line":499,"column":113}},"line":499},"33":{"name":"(anonymous_33)","decl":{"start":{"line":515,"column":50},"end":{"line":515,"column":51}},"loc":{"start":{"line":515,"column":57},"end":{"line":515,"column":114}},"line":515},"34":{"name":"(anonymous_34)","decl":{"start":{"line":524,"column":50},"end":{"line":524,"column":51}},"loc":{"start":{"line":524,"column":57},"end":{"line":524,"column":110}},"line":524},"35":{"name":"(anonymous_35)","decl":{"start":{"line":530,"column":49},"end":{"line":530,"column":50}},"loc":{"start":{"line":530,"column":55},"end":{"line":530,"column":82}},"line":530},"36":{"name":"(anonymous_36)","decl":{"start":{"line":567,"column":50},"end":{"line":567,"column":51}},"loc":{"start":{"line":567,"column":57},"end":{"line":567,"column":112}},"line":567},"37":{"name":"(anonymous_37)","decl":{"start":{"line":576,"column":50},"end":{"line":576,"column":51}},"loc":{"start":{"line":576,"column":57},"end":{"line":576,"column":111}},"line":576},"38":{"name":"(anonymous_38)","decl":{"start":{"line":584,"column":50},"end":{"line":584,"column":51}},"loc":{"start":{"line":584,"column":57},"end":{"line":584,"column":114}},"line":584},"39":{"name":"(anonymous_39)","decl":{"start":{"line":588,"column":57},"end":{"line":588,"column":58}},"loc":{"start":{"line":589,"column":44},"end":{"line":591,"column":53}},"line":589},"40":{"name":"(anonymous_40)","decl":{"start":{"line":599,"column":50},"end":{"line":599,"column":51}},"loc":{"start":{"line":599,"column":57},"end":{"line":599,"column":113}},"line":599},"41":{"name":"(anonymous_41)","decl":{"start":{"line":615,"column":50},"end":{"line":615,"column":51}},"loc":{"start":{"line":615,"column":57},"end":{"line":615,"column":114}},"line":615},"42":{"name":"(anonymous_42)","decl":{"start":{"line":624,"column":50},"end":{"line":624,"column":51}},"loc":{"start":{"line":624,"column":57},"end":{"line":624,"column":110}},"line":624},"43":{"name":"(anonymous_43)","decl":{"start":{"line":630,"column":49},"end":{"line":630,"column":50}},"loc":{"start":{"line":630,"column":55},"end":{"line":630,"column":80}},"line":630}},"branchMap":{"0":{"loc":{"start":{"line":111,"column":8},"end":{"line":111,"column":36}},"type":"if","locations":[{"start":{"line":111,"column":8},"end":{"line":111,"column":36}},{"start":{},"end":{}}],"line":111},"1":{"loc":{"start":{"line":126,"column":8},"end":{"line":134,"column":9}},"type":"if","locations":[{"start":{"line":126,"column":8},"end":{"line":134,"column":9}},{"start":{},"end":{}}],"line":126},"2":{"loc":{"start":{"line":142,"column":8},"end":{"line":149,"column":9}},"type":"if","locations":[{"start":{"line":142,"column":8},"end":{"line":149,"column":9}},{"start":{},"end":{}}],"line":142},"3":{"loc":{"start":{"line":144,"column":16},"end":{"line":147,"column":99}},"type":"binary-expr","locations":[{"start":{"line":144,"column":16},"end":{"line":144,"column":105}},{"start":{"line":145,"column":16},"end":{"line":145,"column":85}},{"start":{"line":146,"column":16},"end":{"line":146,"column":63}},{"start":{"line":147,"column":16},"end":{"line":147,"column":99}}],"line":144},"4":{"loc":{"start":{"line":145,"column":17},"end":{"line":145,"column":35}},"type":"binary-expr","locations":[{"start":{"line":145,"column":17},"end":{"line":145,"column":29}},{"start":{"line":145,"column":33},"end":{"line":145,"column":35}}],"line":145},"5":{"loc":{"start":{"line":146,"column":17},"end":{"line":146,"column":41}},"type":"binary-expr","locations":[{"start":{"line":146,"column":17},"end":{"line":146,"column":35}},{"start":{"line":146,"column":39},"end":{"line":146,"column":41}}],"line":146},"6":{"loc":{"start":{"line":147,"column":17},"end":{"line":147,"column":49}},"type":"binary-expr","locations":[{"start":{"line":147,"column":17},"end":{"line":147,"column":43}},{"start":{"line":147,"column":47},"end":{"line":147,"column":49}}],"line":147},"7":{"loc":{"start":{"line":152,"column":8},"end":{"line":156,"column":9}},"type":"if","locations":[{"start":{"line":152,"column":8},"end":{"line":156,"column":9}},{"start":{},"end":{}}],"line":152},"8":{"loc":{"start":{"line":163,"column":12},"end":{"line":183,"column":13}},"type":"switch","locations":[{"start":{"line":164,"column":16},"end":{"line":167,"column":26}},{"start":{"line":168,"column":16},"end":{"line":171,"column":26}},{"start":{"line":172,"column":16},"end":{"line":175,"column":26}},{"start":{"line":176,"column":16},"end":{"line":179,"column":26}},{"start":{"line":180,"column":16},"end":{"line":182,"column":47}}],"line":163},"9":{"loc":{"start":{"line":165,"column":29},"end":{"line":165,"column":46}},"type":"binary-expr","locations":[{"start":{"line":165,"column":29},"end":{"line":165,"column":40}},{"start":{"line":165,"column":44},"end":{"line":165,"column":46}}],"line":165},"10":{"loc":{"start":{"line":166,"column":29},"end":{"line":166,"column":46}},"type":"binary-expr","locations":[{"start":{"line":166,"column":29},"end":{"line":166,"column":40}},{"start":{"line":166,"column":44},"end":{"line":166,"column":46}}],"line":166},"11":{"loc":{"start":{"line":169,"column":29},"end":{"line":169,"column":45}},"type":"binary-expr","locations":[{"start":{"line":169,"column":29},"end":{"line":169,"column":39}},{"start":{"line":169,"column":43},"end":{"line":169,"column":45}}],"line":169},"12":{"loc":{"start":{"line":170,"column":29},"end":{"line":170,"column":45}},"type":"binary-expr","locations":[{"start":{"line":170,"column":29},"end":{"line":170,"column":39}},{"start":{"line":170,"column":43},"end":{"line":170,"column":45}}],"line":170},"13":{"loc":{"start":{"line":173,"column":29},"end":{"line":173,"column":42}},"type":"binary-expr","locations":[{"start":{"line":173,"column":29},"end":{"line":173,"column":36}},{"start":{"line":173,"column":40},"end":{"line":173,"column":42}}],"line":173},"14":{"loc":{"start":{"line":174,"column":29},"end":{"line":174,"column":
[...]
c":{"start":{"line":1148,"column":28},"end":{"line":1148,"column":95}},"type":"binary-expr","locations":[{"start":{"line":1148,"column":28},"end":{"line":1148,"column":57}},{"start":{"line":1148,"column":61},"end":{"line":1148,"column":95}}],"line":1148},"112":{"loc":{"start":{"line":1158,"column":8},"end":{"line":1160,"column":9}},"type":"if","locations":[{"start":{"line":1158,"column":8},"end":{"line":1160,"column":9}},{"start":{},"end":{}}],"line":1158},"113":{"loc":{"start":{"line":1168,"column":8},"end":{"line":1170,"column":9}},"type":"if","locations":[{"start":{"line":1168,"column":8},"end":{"line":1170,"column":9}},{"start":{},"end":{}}],"line":1168},"114":{"loc":{"start":{"line":1169,"column":28},"end":{"line":1169,"column":77}},"type":"binary-expr","locations":[{"start":{"line":1169,"column":28},"end":{"line":1169,"column":49}},{"start":{"line":1169,"column":53},"end":{"line":1169,"column":77}}],"line":1169},"115":{"loc":{"start":{"line":1172,"column":8},"end":{"line":1174,"column":9}},"type":"if","locations":[{"start":{"line":1172,"column":8},"end":{"line":1174,"column":9}},{"start":{},"end":{}}],"line":1172},"116":{"loc":{"start":{"line":1173,"column":28},"end":{"line":1173,"column":85}},"type":"binary-expr","locations":[{"start":{"line":1173,"column":28},"end":{"line":1173,"column":57}},{"start":{"line":1173,"column":61},"end":{"line":1173,"column":85}}],"line":1173},"117":{"loc":{"start":{"line":1182,"column":8},"end":{"line":1184,"column":9}},"type":"if","locations":[{"start":{"line":1182,"column":8},"end":{"line":1184,"column":9}},{"start":{},"end":{}}],"line":1182},"118":{"loc":{"start":{"line":1195,"column":8},"end":{"line":1197,"column":9}},"type":"if","locations":[{"start":{"line":1195,"column":8},"end":{"line":1197,"column":9}},{"start":{},"end":{}}],"line":1195},"119":{"loc":{"start":{"line":1196,"column":28},"end":{"line":1196,"column":74}},"type":"binary-expr","locations":[{"start":{"line":1196,"column":28},"end":{"line":1196,"column":57}},{"start":{"line":1196,"column":61},"end":{"line":1196,"column":74}}],"line":1196},"120":{"loc":{"start":{"line":1221,"column":8},"end":{"line":1223,"column":9}},"type":"if","locations":[{"start":{"line":1221,"column":8},"end":{"line":1223,"column":9}},{"start":{},"end":{}}],"line":1221},"121":{"loc":{"start":{"line":1263,"column":24},"end":{"line":1263,"column":73}},"type":"binary-expr","locations":[{"start":{"line":1263,"column":24},"end":{"line":1263,"column":37}},{"start":{"line":1263,"column":41},"end":{"line":1263,"column":73}}],"line":1263}},"s":{"0":0,"1":0,"2":0,"3":0,"4":0,"5":0,"6":0,"7":0,"8":0,"9":0,"10":0,"11":0,"12":0,"13":0,"14":0,"15":0,"16":0,"17":0,"18":0,"19":0,"20":0,"21":0,"22":0,"23":0,"24":0,"25":0,"26":0,"27":0,"28":0,"29":0,"30":0,"31":0,"32":0,"33":0,"34":0,"35":0,"36":0,"37":0,"38":0,"39":0,"40":0,"41":0,"42":0,"43":0,"44":0,"45":0,"46":0,"47":0,"48":0,"49":0,"50":0,"51":0,"52":0,"53":0,"54":0,"55":0,"56":0,"57":0,"58":0,"59":0,"60":0,"61":0,"62":0,"63":0,"64":0,"65":0,"66":0,"67":0,"68":0,"69":0,"70":0,"71":0,"72":0,"73":0,"74":0,"75":0,"76":0,"77":0,"78":0,"79":0,"80":0,"81":0,"82":0,"83":0,"84":0,"85":0,"86":0,"87":0,"88":0,"89":0,"90":0,"91":0,"92":0,"93":0,"94":0,"95":0,"96":0,"97":0,"98":0,"99":0,"100":0,"101":0,"102":0,"103":0,"104":0,"105":0,"106":0,"107":0,"108":0,"109":0,"110":0,"111":0,"112":0,"113":0,"114":0,"115":0,"116":0,"117":0,"118":0,"119":0,"120":0,"121":0,"122":0,"123":0,"124":0,"125":0,"126":0,"127":0,"128":0,"129":0,"130":0,"131":0,"132":0,"133":0,"134":0,"135":0,"136":0,"137":0,"138":0,"139":0,"140":0,"141":0,"142":0,"143":0,"144":0,"145":0,"146":0,"147":0,"148":0,"149":0,"150":0,"151":0,"152":0,"153":0,"154":0,"155":0,"156":0,"157":0,"158":0,"159":0,"160":0,"161":0,"162":0,"163":0,"164":0,"165":0,"166":0,"167":0,"168":0,"169":0,"170":0,"171":0,"172":0,"173":0,"174":0,"175":0,"176":0,"177":0,"178":0,"179":0,"180":0,"181":0,"182":0,"183":0,"184":0,"185":0,"186":0,"187":0,"188":0,"189":0,"190":0,"191":0,"192":0,"193":0,"194":0,"195":0,"196":0,"197":0,"198":0,"199":0,"200":0,"201":0,"202":0,"203":0,"204":0,"205":0,"206":0,"207":0,"208":0,"209":0,"210":0,"211":0,"212":0,"213":0,"214":0,"215":0,"216":0,"217":0,"218":0,"219":0,"220":0,"221":0,"222":0,"223":0,"224":0,"225":0,"226":0,"227":0,"228":0,"229":0,"230":0,"231":0,"232":0,"233":0,"234":0,"235":0,"236":0,"237":0,"238":0,"239":0,"240":0,"241":0,"242":0,"243":0,"244":0,"245":0,"246":0,"247":0,"248":0,"249":0,"250":0,"251":0,"252":0,"253":0,"254":0,"255":0,"256":0,"257":0,"258":0,"259":0,"260":0,"261":0,"262":0,"263":0,"264":0,"265":0,"266":0,"267":0,"268":0,"269":0,"270":0,"271":0,"272":0,"273":0,"274":0,"275":0,"276":0,"277":0,"278":0,"279":0,"280":0,"281":0,"282":0,"283":0,"284":0,"285":0,"286":0,"287":0,"288":0,"289":0,"290":0,"291":0,"292":0,"293":0,"294":0,"295":0,"296":0,"297":0,"298":0,"299":0,"300":0,"301":0,"302":0,"303":0,"304":0,"305":0,"306":0,"307":0,"308":0,"309":0,"310":0,"311":0,"312":0,"313":0,"314":0,"315":0,"316":0,"317":0,"318":0,"319":0,"320":0,"321":0,"322":0,"323":0,"324":0,"325":0,"326":0,"327":0,"328":0,"329":0,"330":0,"331":0,"332":0,"333":0,"334":0,"335":0,"336":0,"337":0,"338":0,"339":0,"340":0,"341":0,"342":0,"343":0,"344":0,"345":0,"346":0,"347":0,"348":0,"349":0,"350":0,"351":0,"352":0,"353":0,"354":0,"355":0,"356":0,"357":0,"358":0,"359":0,"360":0,"361":0,"362":0,"363":0,"364":0,"365":0,"366":0,"367":0,"368":0,"369":0,"370":0,"371":0,"372":0,"373":0,"374":0,"375":0,"376":0,"377":0,"378":0,"379":0,"380":0,"381":0,"382":0,"383":0,"384":0,"385":0,"386":0,"387":0,"388":0,"389":0,"390":0,"391":0,"392":0,"393":0,"394":0,"395":0,"396":0,"397":0,"398":0,"399":0,"400":0,"401":0,"402":0,"403":0,"404":0,"405":0,"406":0,"407":0},"f":{"0":0,"1":0,"2":0,"3":0,"4":0,"5":0,"6":0,"7":0,"8":0,"9":0,"10":0,"11":0,"12":0,"13":0,"14":0,"15":0,"16":0,"17":0,"18":0,"19":0,"20":0,"21":0,"22":0,"23":0,"24":0,"25":0,"26":0,"27":0,"28":0,"29":0,"30":0,"31":0,"32":0,"33":0,"34":0,"35":0,"36":0,"37":0,"38":0,"39":0,"40":0,"41":0,"42":0,"43":0,"44":0,"45":0,"46":0,"47":0,"48":0,"49":0,"50":0,"51":0},"b":{"0":[0,0],"1":[0,0],"2":[0,0],"3":[0,0],"4":[0,0],"5":[0,0],"6":[0,0],"7":[0,0],"8":[0,0],"9":[0,0],"10":[0,0],"11":[0,0],"12":[0,0],"13":[0,0],"14":[0,0],"15":[0,0],"16":[0,0],"17":[0,0,0],"18":[0,0],"19":[0,0],"20":[0,0],"21":[0,0],"22":[0,0],"23":[0,0],"24":[0,0],"25":[0,0],"26":[0,0],"27":[0,0],"28":[0,0],"29":[0,0],"30":[0,0],"31":[0,0],"32":[0,0],"33":[0,0],"34":[0,0],"35":[0,0],"36":[0,0],"37":[0,0],"38":[0,0],"39":[0,0],"40":[0,0],"41":[0,0],"42":[0,0],"43":[0,0],"44":[0,0],"45":[0,0],"46":[0,0],"47":[0,0],"48":[0,0],"49":[0,0],"50":[0,0],"51":[0,0],"52":[0,0],"53":[0,0],"54":[0,0],"55":[0,0],"56":[0,0],"57":[0,0],"58":[0,0],"59":[0,0],"60":[0,0],"61":[0,0],"62":[0,0],"63":[0,0],"64":[0,0],"65":[0,0],"66":[0,0],"67":[0,0],"68":[0,0],"69":[0,0],"70":[0,0],"71":[0,0],"72":[0,0],"73":[0,0],"74":[0,0],"75":[0,0],"76":[0,0],"77":[0,0],"78":[0,0],"79":[0,0],"80":[0,0],"81":[0,0],"82":[0,0],"83":[0,0],"84":[0,0],"85":[0,0],"86":[0,0],"87":[0,0],"88":[0,0],"89":[0,0,0],"90":[0,0],"91":[0,0],"92":[0,0],"93":[0,0],"94":[0,0],"95":[0,0],"96":[0,0],"97":[0,0],"98":[0,0],"99":[0,0],"100":[0,0],"101":[0,0],"102":[0,0],"103":[0,0],"104":[0,0],"105":[0,0],"106":[0,0],"107":[0,0],"108":[0,0],"109":[0,0],"110":[0,0],"111":[0,0],"112":[0,0],"113":[0,0],"114":[0,0],"115":[0,0],"116":[0,0],"117":[0,0],"118":[0,0],"119":[0,0],"120":[0,0],"121":[0,0]}}
,"F:\\CNPM\\CNPM_WebSiteDKKhamBenh\\frontend\\src\\lib\\config.ts": {"path":"F:\\CNPM\\CNPM_WebSiteDKKhamBenh\\frontend\\src\\lib\\config.ts","statementMap":{"0":{"start":{"line":2,"column":25},"end":{"line":10,"column":1}},"1":{"start":{"line":4,"column":4},"end":{"line":6,"column":5}},"2":{"start":{"line":5,"column":8},"end":{"line":5,"column":79}},"3":{"start":{"line":9,"column":4},"end":{"line":9,"column":63}},"4":{"start":{"line":12,"column":28},"end":{"line":12,"column":39}},"5":{"start":{"line":15,"column":29},"end":{"line":15,"column":67}},"6":{"start":{"line":16,"column":28},"end":{"line":16,"column":65}},"7":{"start":{"line":19,"column":26},"end":{"line":25,"column":1}},"8":{"start":{"line":27,"column":0},"end":{"line":32,"column":3}}},"fnMap":{"0":{"name":"(anonymous_0)","decl":{"start":{"line":2,"column":25},"end":{"line":2,"column":26}},"loc":{"start":{"line":2,"column":31},"end":{"line":10,"column":1}},"line":2}},"branchMap":{"0":{"loc":{"start":{"line":4,"column":4},"end":{"line":6,"column":5}},"type":"if","locations":[{"start":{"line":4,"column":4},"end":{"line":6,"column":5}},{"start":{},"end":{}}],"line":4},"1":{"loc":{"start":{"line":5,"column":15},"end":{"line":5,"column":78}},"type":"binary-expr","locations":[{"start":{"line":5,"column":15},"end":{"line":5,"column":46}},{"start":{"line":5,"column":50},"end":{"line":5,"column":78}}],"line":5},"2":{"loc":{"start":{"line":9,"column":11},"end":{"line":9,"column":62}},"type":"binary-expr","locations":[{"start":{"line":9,"column":11},"end":{"line":9,"column":30}},{"start":{"line":9,"column":34},"end":{"line":9,"column":62}}],"line":9}},"s":{"0":0,"1":0,"2":0,"3":0,"4":0,"5":0,"6":0,"7":0,"8":0},"f":{"0":0},"b":{"0":[0,0],"1":[0,0],"2":[0,0]}}
,"F:\\CNPM\\CNPM_WebSiteDKKhamBenh\\frontend\\src\\lib\\test-api.ts": {"path":"F:\\CNPM\\CNPM_WebSiteDKKhamBenh\\frontend\\src\\lib\\test-api.ts","statementMap":{"0":{"start":{"line":2,"column":33},"end":{"line":32,"column":1}},"1":{"start":{"line":3,"column":19},"end":{"line":3,"column":82}},"2":{"start":{"line":5,"column":4},"end":{"line":5,"column":45}},"3":{"start":{"line":6,"column":4},"end":{"line":6,"column":36}},"4":{"start":{"line":7,"column":4},"end":{"line":7,"column":54}},"5":{"start":{"line":9,"column":4},"end":{"line":31,"column":5}},"6":{"start":{"line":10,"column":25},"end":{"line":15,"column":10}},"7":{"start":{"line":17,"column":8},"end":{"line":17,"column":61}},"8":{"start":{"line":18,"column":8},"end":{"line":18,"column":53}},"9":{"start":{"line":20,"column":8},"end":{"line":27,"column":9}},"10":{"start":{"line":21,"column":25},"end":{"line":21,"column":46}},"11":{"start":{"line":22,"column":12},"end":{"line":22,"column":52}},"12":{"start":{"line":23,"column":12},"end":{"line":23,"column":43}},"13":{"start":{"line":25,"column":12},"end":{"line":25,"column":61}},"14":{"start":{"line":26,"column":12},"end":{"line":26,"column":66}},"15":{"start":{"line":29,"column":8},"end":{"line":29,"column":54}},"16":{"start":{"line":30,"column":8},"end":{"line":30,"column":99}},"17":{"start":{"line":35,"column":0},"end":{"line":37,"column":1}},"18":{"start":{"line":36,"column":4},"end":{"line":36,"column":48}}},"fnMap":{"0":{"name":"(anonymous_0)","decl":{"start":{"line":2,"column":33},"end":{"line":2,"column":34}},"loc":{"start":{"line":2,"column":45},"end":{"line":32,"column":1}},"line":2}},"branchMap":{"0":{"loc":{"start":{"line":3,"column":19},"end":{"line":3,"column":82}},"type":"binary-expr","locations":[{"start":{"line":3,"column":19},"end":{"line":3,"column":50}},{"start":{"line":3,"column":54},"end":{"line":3,"column":82}}],"line":3},"1":{"loc":{"start":{"line":20,"column":8},"end":{"line":27,"column":9}},"type":"if","locations":[{"start":{"line":20,"column":8},"end":{"line":27,"column":9}},{"start":{"line":24,"column":15},"end":{"line":27,"column":9}}],"line":20},"2":{"loc":{"start":{"line":30,"column":40},"end":{"line":30,"column":96}},"type":"cond-expr","locations":[{"start":{"line":30,"column":65},"end":{"line":30,"column":78}},{"start":{"line":30,"column":81},"end":{"line":30,"column":96}}],"line":30},"3":{"loc":{"start":{"line":35,"column":0},"end":{"line":37,"column":1}},"type":"if","locations":[{"start":{"line":35,"column":0},"end":{"line":37,"column":1}},{"start":{},"end":{}}],"line":35}},"s":{"0":0,"1":0,"2":0,"3":0,"4":0,"5":0,"6":0,"7":0,"8":0,"9":0,"10":0,"11":0,"12":0,"13":0,"14":0,"15":0,"16":0,"17":0,"18":0},"f":{"0":0},"b":{"0":[0,0],"1":[0,0],"2":[0,0],"3":[0,0]}}
,"F:\\CNPM\\CNPM_WebSiteDKKhamBenh\\frontend\\src\\lib\\utils.ts": {"path":"F:\\CNPM\\CNPM_WebSiteDKKhamBenh\\frontend\\src\\lib\\utils.ts","statementMap":{"0":{"start":{"line":5,"column":2},"end":{"line":5,"column":31}},"1":{"start":{"line":9,"column":12},"end":{"line":9,"column":26}},"2":{"start":{"line":10,"column":2},"end":{"line":14,"column":5}},"3":{"start":{"line":18,"column":12},"end":{"line":18,"column":26}},"4":{"start":{"line":19,"column":2},"end":{"line":22,"column":5}},"5":{"start":{"line":26,"column":2},"end":{"line":26,"column":51}},"6":{"start":{"line":30,"column":2},"end":{"line":30,"column":44}},"7":{"start":{"line":30,"column":32},"end":{"line":30,"column":44}},"8":{"start":{"line":31,"column":2},"end":{"line":31,"column":42}},"9":{"start":{"line":35,"column":2},"end":{"line":35,"column":49}},"10":{"start":{"line":43,"column":2},"end":{"line":46,"column":4}},"11":{"start":{"line":44,"column":4},"end":{"line":44,"column":26}},"12":{"start":{"line":45,"column":4},"end":{"line":45,"column":52}},"13":{"start":{"line":45,"column":31},"end":{"line":45,"column":44}},"14":{"start":{"line":54,"column":2},"end":{"line":60,"column":4}},"15":{"start":{"line":55,"column":4},"end":{"line":59,"column":5}},"16":{"start":{"line":56,"column":6},"end":{"line":56,"column":20}},"17":{"start":{"line":57,"column":6},"end":{"line":57,"column":24}},"18":{"start":{"line":58,"column":6},"end":{"line":58,"column":52}},"19":{"start":{"line":58,"column":24},"end":{"line":58,"column":42}},"20":{"start":{"line":64,"column":2},"end":{"line":64,"column":52}},"21":{"start":{"line":68,"column":2},"end":{"line":68,"column":69}},"22":{"start":{"line":72,"column":21},"end":{"line":72,"column":49}},"23":{"start":{"line":73,"column":2},"end":{"line":73,"column":32}},"24":{"start":{"line":77,"column":21},"end":{"line":77,"column":37}},"25":{"start":{"line":78,"column":2},"end":{"line":78,"column":51}},"26":{"start":{"line":82,"column":2},"end":{"line":85,"column":20}},"27":{"start":{"line":89,"column":47},"end":{"line":96,"column":3}},"28":{"start":{"line":97,"column":2},"end":{"line":97,"column":57}},"29":{"start":{"line":101,"column":46},"end":{"line":108,"column":3}},"30":{"start":{"line":109,"column":2},"end":{"line":109,"column":53}},"31":{"start":{"line":113,"column":44},"end":{"line":120,"column":3}},"32":{"start":{"line":121,"column":2},"end":{"line":121,"column":33}},"33":{"start":{"line":125,"column":2},"end":{"line":125,"column":57}},"34":{"start":{"line":125,"column":32},"end":{"line":125,"column":55}}},"fnMap":{"0":{"name":"cn","decl":{"start":{"line":4,"column":16},"end":{"line":4,"column":18}},"loc":{"start":{"line":4,"column":44},"end":{"line":6,"column":1}},"line":4},"1":{"name":"formatDate","decl":{"start":{"line":8,"column":16},"end":{"line":8,"column":26}},"loc":{"start":{"line":8,"column":56},"end":{"line":15,"column":1}},"line":8},"2":{"name":"formatTime","decl":{"start":{"line":17,"column":16},"end":{"line":17,"column":26}},"loc":{"start":{"line":17,"column":56},"end":{"line":23,"column":1}},"line":17},"3":{"name":"formatDateTime","decl":{"start":{"line":25,"column":16},"end":{"line":25,"column":30}},"loc":{"start":{"line":25,"column":60},"end":{"line":27,"column":1}},"line":25},"4":{"name":"truncateText","decl":{"start":{"line":29,"column":16},"end":{"line":29,"column":28}},"loc":{"start":{"line":29,"column":70},"end":{"line":32,"column":1}},"line":29},"5":{"name":"generateId","decl":{"start":{"line":34,"column":16},"end":{"line":34,"column":26}},"loc":{"start":{"line":34,"column":37},"end":{"line":36,"column":1}},"line":34},"6":{"name":"debounce","decl":{"start":{"line":38,"column":16},"end":{"line":38,"column":24}},"loc":{"start":{"line":41,"column":36},"end":{"line":47,"column":1}},"line":41},"7":{"name":"(anonymous_7)","decl":{"start":{"line":43,"column":9},"end":{"line":43,"column":10}},"loc":{"start":{"line":43,"column":37},"end":{"line":46,"column":3}},"line":43},"8":{"name":"(anonymous_8)","decl":{"start":{"line":45,"column":25},"end":{"line":45,"column":26}},"loc":{"start":{"line":45,"column":31},"end":{"line":45,"column":44}},"line":45},"9":{"name":"throttle","decl":{"start":{"line":49,"column":16},"end":{"line":49,"column":24}},"loc":{"start":{"line":52,"column":36},"end":{"line":61,"column":1}},"line":52},"10":{"name":"(anonymous_10)","decl":{"start":{"line":54,"column":9},"end":{"line":54,"column":10}},"loc":{"start":{"line":54,"column":37},"end":{"line":60,"column":3}},"line":54},"11":{"name":"(anonymous_11)","decl":{"start":{"line":58,"column":17},"end":{"line":58,"column":18}},"loc":{"start":{"line":58,"column":24},"end":{"line":58,"column":42}},"line":58},"12":{"name":"capitalizeFirst","decl":{"start":{"line":63,"column":16},"end":{"line":63,"column":31}},"loc":{"start":{"line":63,"column":53},"end":{"line":65,"column":1}},"line":63},"13":{"name":"getInitials","decl":{"start":{"line":67,"column":16},"end":{"line":67,"column":27}},"loc":{"start":{"line":67,"column":73},"end":{"line":69,"column":1}},"line":67},"14":{"name":"isValidEmail","decl":{"start":{"line":71,"column":16},"end":{"line":71,"column":28}},"loc":{"start":{"line":71,"column":53},"end":{"line":74,"column":1}},"line":71},"15":{"name":"isValidPhone","decl":{"start":{"line":76,"column":16},"end":{"line":76,"column":28}},"loc":{"start":{"line":76,"column":53},"end":{"line":79,"column":1}},"line":76},"16":{"name":"formatCurrency","decl":{"start":{"line":81,"column":16},"end":{"line":81,"column":30}},"loc":{"start":{"line":81,"column":55},"end":{"line":86,"column":1}},"line":81},"17":{"name":"getStatusColor","decl":{"start":{"line":88,"column":16},"end":{"line":88,"column":30}},"loc":{"start":{"line":88,"column":55},"end":{"line":98,"column":1}},"line":88},"18":{"name":"getStatusText","decl":{"start":{"line":100,"column":16},"end":{"line":100,"column":29}},"loc":{"start":{"line":100,"column":54},"end":{"line":110,"column":1}},"line":100},"19":{"name":"getRoleText","decl":{"start":{"line":112,"column":16},"end":{"line":112,"column":27}},"loc":{"start":{"line":112,"column":50},"end":{"line":122,"column":1}},"line":112},"20":{"name":"sleep","decl":{"start":{"line":124,"column":16},"end":{"line":124,"column":21}},"loc":{"start":{"line":124,"column":49},"end":{"line":126,"column":1}},"line":124},"21":{"name":"(anonymous_21)","decl":{"start":{"line":125,"column":21},"end":{"line":125,"column":22}},"loc":{"start":{"line":125,"column":32},"end":{"line":125,"column":55}},"line":125}},"branchMap":{"0":{"loc":{"start":{"line":30,"column":2},"end":{"line":30,"column":44}},"type":"if","locations":[{"start":{"line":30,"column":2},"end":{"line":30,"column":44}},{"start":{},"end":{}}],"line":30},"1":{"loc":{"start":{"line":55,"column":4},"end":{"line":59,"column":5}},"type":"if","locations":[{"start":{"line":55,"column":4},"end":{"line":59,"column":5}},{"start":{},"end":{}}],"line":55},"2":{"loc":{"start":{"line":97,"column":9},"end":{"line":97,"column":56}},"type":"binary-expr","locations":[{"start":{"line":97,"column":9},"end":{"line":97,"column":43}},{"start":{"line":97,"column":47},"end":{"line":97,"column":56}}],"line":97},"3":{"loc":{"start":{"line":109,"column":9},"end":{"line":109,"column":52}},"type":"binary-expr","locations":[{"start":{"line":109,"column":9},"end":{"line":109,"column":42}},{"start":{"line":109,"column":46},"end":{"line":109,"column":52}}],"line":109},"4":{"loc":{"start":{"line":121,"column":9},"end":{"line":121,"column":32}},"type":"binary-expr","locations":[{"start":{"line":121,"column":9},"end":{"line":121,"column":24}},{"start":{"line":121,"column":28},"end":{"line":121,"column":32}}],"line":121}},"s":{"0":0,"1":0,"2":0,"3":0,"4":0,"5":0,"6":0,"7":0,"8":0,"9":0,"10":0,"11":0,"12":0,"13":0,"14":0,"15":0,"16":0,"17":0,"18":0,"19":0,"20":0,"21":0,"22":0,"23":0,"24":0,"25":0,"26":0,"27":0,"28":0,"29":0,"30":0,"31":0,"32":0,"33":0,"34":0},"f":{"0":0,"1":0,"2":0,"3":0,"4":0,"5":0,"6":0,"7":0,"8":0,"9":0,"10":0,"11":0,"12":0,"13":0,"14":0,"15":0,"16":0,"17":0,"18":0,"19":0,"20":0,"21":0},"b":{"0":[0,0],"1":[0,0],"2":[0,0],"3":[0,0],"4":[0,0]}}
}
