TN:
SF:src\app\layout.tsx
FN:15,RootLayout
FNF:1
FNH:0
FNDA:0,RootLayout
DA:3,0
DA:10,0
DA:16,0
LF:3
LH:0
BRF:0
BRH:0
end_of_record
TN:
SF:src\app\page.tsx
FN:4,HomePage
FNF:1
FNH:0
FNDA:0,HomePage
DA:5,0
DA:6,0
LF:2
LH:0
BRF:0
BRH:0
end_of_record
TN:
SF:src\app\(authenticated)\layout.tsx
FN:6,AuthenticatedLayout
FN:21,(anonymous_1)
FNF:2
FNH:0
FNDA:0,AuthenticatedLayout
FNDA:0,(anonymous_1)
DA:11,0
DA:12,0
DA:21,0
DA:22,0
DA:23,0
DA:24,0
DA:30,0
DA:31,0
DA:43,0
DA:44,0
DA:54,0
LF:11
LH:0
BRDA:22,0,0,0
BRDA:22,0,1,0
BRDA:23,1,0,0
BRDA:23,1,1,0
BRDA:30,2,0,0
BRDA:30,2,1,0
BRDA:43,3,0,0
BRDA:43,3,1,0
BRDA:57,4,0,0
BRDA:57,4,1,0
BRDA:58,5,0,0
BRDA:58,5,1,0
BRF:12
BRH:0
end_of_record
TN:
SF:src\app\admin\layout.tsx
FN:6,AdminLayout
FNF:1
FNH:0
FNDA:0,AdminLayout
DA:11,0
DA:13,0
DA:14,0
DA:17,0
DA:18,0
DA:21,0
DA:31,0
LF:7
LH:0
BRDA:13,0,0,0
BRDA:13,0,1,0
BRDA:17,1,0,0
BRDA:17,1,1,0
BRF:4
BRH:0
end_of_record
TN:
SF:src\app\admin\appointments\page.tsx
FN:43,AppointmentsPage
FN:66,(anonymous_1)
FN:72,(anonymous_2)
FN:77,(anonymous_3)
FN:84,(anonymous_4)
FN:93,(anonymous_5)
FN:104,(anonymous_6)
FN:118,(anonymous_7)
FN:134,(anonymous_8)
FN:147,(anonymous_9)
FN:154,(anonymous_10)
FN:175,(anonymous_11)
FN:180,(anonymous_12)
FN:188,(anonymous_13)
FN:203,(anonymous_14)
FN:206,(anonymous_15)
FN:209,(anonymous_16)
FN:212,(anonymous_17)
FN:219,(anonymous_18)
FN:237,(anonymous_19)
FN:277,(anonymous_20)
FN:284,(anonymous_21)
FN:328,(anonymous_22)
FN:343,(anonymous_23)
FN:350,(anonymous_24)
FN:365,(anonymous_25)
FN:386,(anonymous_26)
FN:403,(anonymous_27)
FN:412,(anonymous_28)
FN:430,(anonymous_29)
FN:473,(anonymous_30)
FN:489,(anonymous_31)
FN:532,(anonymous_32)
FN:562,(anonymous_33)
FN:625,(anonymous_34)
FN:644,(anonymous_35)
FN:672,(anonymous_36)
FN:680,(anonymous_37)
FN:695,(anonymous_38)
FN:712,(anonymous_39)
FN:725,(anonymous_40)
FN:734,(anonymous_41)
FN:737,(anonymous_42)
FN:750,(anonymous_43)
FN:758,(anonymous_44)
FN:759,(anonymous_45)
FN:771,(anonymous_46)
FN:782,(anonymous_47)
FN:798,(anonymous_48)
FN:821,(anonymous_49)
FN:829,(anonymous_50)
FN:830,(anonymous_51)
FN:842,(anonymous_52)
FN:853,(anonymous_53)
FNF:54
FNH:0
FNDA:0,AppointmentsPage
FNDA:0,(anonymous_1)
FNDA:0,(anonymous_2)
FNDA:0,(anonymous_3)
FNDA:0,(anonymous_4)
FNDA:0,(anonymous_5)
FNDA:0,(anonymous_6)
FNDA:0,(anonymous_7)
FNDA:0,(anonymous_8)
FNDA:0,(anonymous_9)
FNDA:0,(anonymous_10)
FNDA:0,(anonymous_11)
FNDA:0,(anonymous_12)
FNDA:0,(anonymous_13)
FNDA:0,(anonymous_14)
FNDA:0,(anonymous_15)
FNDA:0,(anonymous_16)
FNDA:0,(anonymous_17)
FNDA:0,(anonymous_18)
FNDA:0,(anonymous_19)
FNDA:0,(anonymous_20)
FNDA:0,(anonymous_21)
FNDA:0,(anonymous_22)
FNDA:0,(anonymous_23)
FNDA:0,(anonymous_24)
FNDA:0,(anonymous_25)
FNDA:0,(anonymous_26)
FNDA:0,(anonymous_27)
FNDA:0,(anonymous_28)
FNDA:0,(anonymous_29)
FNDA:0,(anonymous_30)
FNDA:0,(anonymous_31)
FNDA:0,(anonymous_32)
FNDA:0,(anonymous_33)
FNDA:0,(anonymous_34)
FNDA:0,(anonymous_35)
FNDA:0,(anonymous_36)
FNDA:0,(anonymous_37)
FNDA:0,(anonymous_38)
FNDA:0,(anonymous_39)
FNDA:0,(anonymous_40)
FNDA:0,(anonymous_41)
FNDA:0,(anonymous_42)
FNDA:0,(anonymous_43)
FNDA:0,(anonymous_44)
FNDA:0,(anonymous_45)
FNDA:0,(anonymous_46)
FNDA:0,(anonymous_47)
FNDA:0,(anonymous_48)
FNDA:0,(anonymous_49)
FNDA:0,(anonymous_50)
FNDA:0,(anonymous_51)
FNDA:0,(anonymous_52)
FNDA:0,(anonymous_53)
DA:44,0
DA:45,0
DA:46,0
DA:47,0
DA:48,0
DA:49,0
DA:50,0
DA:51,0
DA:52,0
DA:53,0
DA:54,0
DA:55,0
DA:56,0
DA:57,0
DA:58,0
DA:59,0
DA:66,0
DA:67,0
DA:68,0
DA:69,0
DA:72,0
DA:73,0
DA:74,0
DA:75,0
DA:76,0
DA:77,0
DA:80,0
DA:84,0
DA:85,0
DA:86,0
DA:87,0
DA:89,0
DA:93,0
DA:94,0
DA:95,0
DA:96,0
DA:98,0
DA:100,0
DA:104,0
DA:105,0
DA:106,0
DA:110,0
DA:111,0
DA:112,0
DA:114,0
DA:118,0
DA:119,0
DA:120,0
DA:121,0
DA:126,0
DA:127,0
DA:128,0
DA:130,0
DA:134,0
DA:135,0
DA:136,0
DA:137,0
DA:138,0
DA:139,0
DA:141,0
DA:147,0
DA:148,0
DA:149,0
DA:150,0
DA:151,0
DA:154,0
DA:155,0
DA:156,0
DA:157,0
DA:159,0
DA:160,0
DA:163,0
DA:164,0
DA:167,0
DA:168,0
DA:171,0
DA:175,0
DA:176,0
DA:179,0
DA:180,0
DA:181,0
DA:187,0
DA:188,0
DA:189,0
DA:194,0
DA:195,0
DA:196,0
DA:197,0
DA:198,0
DA:199,0
DA:201,0
DA:203,0
DA:204,0
DA:206,0
DA:207,0
DA:209,0
DA:210,0
DA:212,0
DA:213,0
DA:218,0
DA:219,0
DA:220,0
DA:221,0
DA:223,0
DA:225,0
DA:227,0
DA:229,0
DA:231,0
DA:237,0
DA:238,0
DA:239,0
DA:241,0
DA:243,0
DA:244,0
DA:245,0
DA:247,0
DA:248,0
DA:249,0
DA:251,0
DA:252,0
DA:253,0
DA:255,0
DA:256,0
DA:257,0
DA:259,0
DA:260,0
DA:263,0
DA:264,0
DA:268,0
DA:274,0
DA:277,0
DA:278,0
DA:279,0
DA:280,0
DA:281,0
DA:284,0
DA:285,0
DA:286,0
DA:289,0
DA:290,0
DA:293,0
DA:294,0
DA:295,0
DA:297,0
DA:329,0
DA:330,0
DA:344,0
DA:345,0
DA:351,0
DA:366,0
DA:367,0
DA:387,0
DA:388,0
DA:403,0
DA:412,0
DA:431,0
DA:437,0
DA:473,0
DA:489,0
DA:533,0
DA:539,0
DA:563,0
DA:626,0
DA:627,0
DA:633,0
DA:644,0
DA:672,0
DA:682,0
DA:683,0
DA:684,0
DA:685,0
DA:686,0
DA:687,0
DA:689,0
DA:692,0
DA:695,0
DA:712,0
DA:725,0
DA:734,0
DA:737,0
DA:750,0
DA:758,0
DA:759,0
DA:771,0
DA:782,0
DA:798,0
DA:821,0
DA:829,0
DA:830,0
DA:842,0
DA:853,0
LF:191
LH:0
BRDA:76,0,0,0
BRDA:76,0,1,0
BRDA:119,1,0,0
BRDA:119,1,1,0
BRDA:135,2,0,0
BRDA:135,2,1,0
BRDA:149,3,0,0
BRDA:149,3,1,0
BRDA:150,4,0,0
BRDA:150,4,1,0
BRDA:156,5,0,0
BRDA:156,5,1,0
BRDA:159,6,0,0
BRDA:159,6,1,0
BRDA:163,7,0,0
BRDA:163,7,1,0
BRDA:167,8,0,0
BRDA:167,8,1,0
BRDA:179,9,0,0
BRDA:179,9,1,0
BRDA:181,10,0,0
BRDA:181,10,1,0
BRDA:187,11,0,0
BRDA:187,11,1,0
BRDA:194,12,0,0
BRDA:194,12,1,0
BRDA:201,13,0,0
BRDA:201,13,1,0
BRDA:201,13,2,0
BRDA:201,13,3,0
BRDA:218,14,0,0
BRDA:218,14,1,0
BRDA:221,15,0,0
BRDA:221,15,1,0
BRDA:223,16,0,0
BRDA:223,16,1,0
BRDA:223,16,2,0
BRDA:223,16,3,0
BRDA:225,17,0,0
BRDA:225,17,1,0
BRDA:227,18,0,0
BRDA:227,18,1,0
BRDA:241,19,0,0
BRDA:241,19,1,0
BRDA:241,19,2,0
BRDA:241,19,3,0
BRDA:241,19,4,0
BRDA:247,20,0,0
BRDA:247,20,1,0
BRDA:248,21,0,0
BRDA:248,21,1,0
BRDA:251,22,0,0
BRDA:251,22,1,0
BRDA:252,23,0,0
BRDA:252,23,1,0
BRDA:263,24,0,0
BRDA:263,24,1,0
BRDA:263,25,0,0
BRDA:263,25,1,0
BRDA:264,26,0,0
BRDA:264,26,1,0
BRDA:268,27,0,0
BRDA:268,27,1,0
BRDA:289,28,0,0
BRDA:289,28,1,0
BRDA:412,29,0,0
BRDA:412,29,1,0
BRDA:414,30,0,0
BRDA:414,30,1,0
BRDA:416,31,0,0
BRDA:416,31,1,0
BRDA:434,32,0,0
BRDA:434,32,1,0
BRDA:489,33,0,0
BRDA:489,33,1,0
BRDA:519,34,0,0
BRDA:519,34,1,0
BRDA:530,35,0,0
BRDA:530,35,1,0
BRDA:536,36,0,0
BRDA:536,36,1,0
BRDA:576,37,0,0
BRDA:576,37,1,0
BRDA:579,38,0,0
BRDA:579,38,1,0
BRDA:596,39,0,0
BRDA:596,39,1,0
BRDA:602,40,0,0
BRDA:602,40,1,0
BRDA:612,41,0,0
BRDA:612,41,1,0
BRDA:663,42,0,0
BRDA:663,42,1,0
BRDA:682,43,0,0
BRDA:682,43,1,0
BRDA:684,44,0,0
BRDA:684,44,1,0
BRDA:686,45,0,0
BRDA:686,45,1,0
BRDA:698,46,0,0
BRDA:698,46,1,0
BRDA:771,47,0,0
BRDA:771,47,1,0
BRDA:804,48,0,0
BRDA:804,48,1,0
BRDA:808,49,0,0
BRDA:808,49,1,0
BRDA:842,50,0,0
BRDA:842,50,1,0
BRDA:843,51,0,0
BRDA:843,51,1,0
BRDA:846,52,0,0
BRDA:846,52,1,0
BRF:113
BRH:0
end_of_record
TN:
SF:src\app\admin\dashboard\page.tsx
FN:31,AdminDashboard
FN:39,(anonymous_1)
FN:40,(anonymous_2)
FN:41,(anonymous_3)
FN:44,(anonymous_4)
FN:45,(anonymous_5)
FN:122,(anonymous_6)
FN:130,(anonymous_7)
FN:167,(anonymous_8)
FN:390,(anonymous_9)
FN:520,(anonymous_10)
FN:530,(anonymous_11)
FN:540,(anonymous_12)
FN:559,(anonymous_13)
FNF:14
FNH:0
FNDA:0,AdminDashboard
FNDA:0,(anonymous_1)
FNDA:0,(anonymous_2)
FNDA:0,(anonymous_3)
FNDA:0,(anonymous_4)
FNDA:0,(anonymous_5)
FNDA:0,(anonymous_6)
FNDA:0,(anonymous_7)
FNDA:0,(anonymous_8)
FNDA:0,(anonymous_9)
FNDA:0,(anonymous_10)
FNDA:0,(anonymous_11)
FNDA:0,(anonymous_12)
FNDA:0,(anonymous_13)
DA:32,0
DA:33,0
DA:34,0
DA:35,0
DA:36,0
DA:37,0
DA:39,0
DA:40,0
DA:41,0
DA:44,0
DA:45,0
DA:46,0
DA:47,0
DA:48,0
DA:51,0
DA:52,0
DA:54,0
DA:102,0
DA:103,0
DA:104,0
DA:106,0
DA:110,0
DA:113,0
DA:114,0
DA:117,0
DA:118,0
DA:122,0
DA:130,0
DA:131,0
DA:133,0
DA:141,0
DA:149,0
DA:157,0
DA:167,0
DA:168,0
DA:170,0
DA:177,0
DA:179,0
DA:186,0
DA:225,0
DA:391,0
DA:520,0
DA:530,0
DA:540,0
DA:560,0
LF:45
LH:0
BRDA:102,0,0,0
BRDA:102,0,1,0
BRDA:113,1,0,0
BRDA:113,1,1,0
BRDA:117,2,0,0
BRDA:117,2,1,0
BRDA:131,3,0,0
BRDA:131,3,1,0
BRDA:131,3,2,0
BRDA:131,3,3,0
BRDA:168,4,0,0
BRDA:168,4,1,0
BRDA:177,5,0,0
BRDA:177,5,1,0
BRDA:396,6,0,0
BRDA:396,6,1,0
BRDA:401,7,0,0
BRDA:401,7,1,0
BRDA:406,8,0,0
BRDA:406,8,1,0
BRDA:411,9,0,0
BRDA:411,9,1,0
BRDA:424,10,0,0
BRDA:424,10,1,0
BRDA:522,11,0,0
BRDA:522,11,1,0
BRDA:532,12,0,0
BRDA:532,12,1,0
BRDA:542,13,0,0
BRDA:542,13,1,0
BRDA:557,14,0,0
BRDA:557,14,1,0
BRDA:567,15,0,0
BRDA:567,15,1,0
BRDA:568,16,0,0
BRDA:568,16,1,0
BRDA:574,17,0,0
BRDA:574,17,1,0
BRDA:591,18,0,0
BRDA:591,18,1,0
BRDA:593,19,0,0
BRDA:593,19,1,0
BRDA:594,20,0,0
BRDA:594,20,1,0
BRDA:597,21,0,0
BRDA:597,21,1,0
BRDA:598,22,0,0
BRDA:598,22,1,0
BRF:48
BRH:0
end_of_record
TN:
SF:src\app\admin\doctors\page.tsx
FN:31,DoctorsPage
FN:56,(anonymous_1)
FN:60,(anonymous_2)
FN:76,(anonymous_3)
FN:85,(anonymous_4)
FN:110,(anonymous_5)
FN:125,(anonymous_6)
FN:138,(anonymous_7)
FN:143,(anonymous_8)
FN:153,(anonymous_9)
FN:159,(anonymous_10)
FN:196,(anonymous_11)
FN:203,(anonymous_12)
FN:250,(anonymous_13)
FN:265,(anonymous_14)
FN:272,(anonymous_15)
FN:287,(anonymous_16)
FN:300,(anonymous_17)
FN:307,(anonymous_18)
FN:338,(anonymous_19)
FN:349,(anonymous_20)
FN:369,(anonymous_21)
FN:390,(anonymous_22)
FN:399,(anonymous_23)
FN:414,(anonymous_24)
FN:428,(anonymous_25)
FN:449,(anonymous_26)
FN:458,(anonymous_27)
FN:467,(anonymous_28)
FN:476,(anonymous_29)
FN:484,(anonymous_30)
FN:488,(anonymous_31)
FN:499,(anonymous_32)
FN:515,(anonymous_33)
FN:524,(anonymous_34)
FN:530,(anonymous_35)
FN:567,(anonymous_36)
FN:576,(anonymous_37)
FN:584,(anonymous_38)
FN:588,(anonymous_39)
FN:599,(anonymous_40)
FN:615,(anonymous_41)
FN:624,(anonymous_42)
FN:630,(anonymous_43)
FNF:44
FNH:0
FNDA:0,DoctorsPage
FNDA:0,(anonymous_1)
FNDA:0,(anonymous_2)
FNDA:0,(anonymous_3)
FNDA:0,(anonymous_4)
FNDA:0,(anonymous_5)
FNDA:0,(anonymous_6)
FNDA:0,(anonymous_7)
FNDA:0,(anonymous_8)
FNDA:0,(anonymous_9)
FNDA:0,(anonymous_10)
FNDA:0,(anonymous_11)
FNDA:0,(anonymous_12)
FNDA:0,(anonymous_13)
FNDA:0,(anonymous_14)
FNDA:0,(anonymous_15)
FNDA:0,(anonymous_16)
FNDA:0,(anonymous_17)
FNDA:0,(anonymous_18)
FNDA:0,(anonymous_19)
FNDA:0,(anonymous_20)
FNDA:0,(anonymous_21)
FNDA:0,(anonymous_22)
FNDA:0,(anonymous_23)
FNDA:0,(anonymous_24)
FNDA:0,(anonymous_25)
FNDA:0,(anonymous_26)
FNDA:0,(anonymous_27)
FNDA:0,(anonymous_28)
FNDA:0,(anonymous_29)
FNDA:0,(anonymous_30)
FNDA:0,(anonymous_31)
FNDA:0,(anonymous_32)
FNDA:0,(anonymous_33)
FNDA:0,(anonymous_34)
FNDA:0,(anonymous_35)
FNDA:0,(anonymous_36)
FNDA:0,(anonymous_37)
FNDA:0,(anonymous_38)
FNDA:0,(anonymous_39)
FNDA:0,(anonymous_40)
FNDA:0,(anonymous_41)
FNDA:0,(anonymous_42)
FNDA:0,(anonymous_43)
DA:32,0
DA:33,0
DA:34,0
DA:35,0
DA:36,0
DA:37,0
DA:38,0
DA:39,0
DA:40,0
DA:41,0
DA:42,0
DA:43,0
DA:44,0
DA:56,0
DA:57,0
DA:60,0
DA:61,0
DA:62,0
DA:63,0
DA:67,0
DA:68,0
DA:70,0
DA:72,0
DA:76,0
DA:77,0
DA:78,0
DA:79,0
DA:81,0
DA:85,0
DA:86,0
DA:87,0
DA:91,0
DA:92,0
DA:93,0
DA:104,0
DA:106,0
DA:110,0
DA:111,0
DA:112,0
DA:113,0
DA:117,0
DA:118,0
DA:119,0
DA:121,0
DA:125,0
DA:126,0
DA:127,0
DA:128,0
DA:129,0
DA:130,0
DA:132,0
DA:138,0
DA:139,0
DA:142,0
DA:143,0
DA:144,0
DA:152,0
DA:153,0
DA:154,0
DA:159,0
DA:160,0
DA:161,0
DA:163,0
DA:165,0
DA:166,0
DA:167,0
DA:169,0
DA:170,0
DA:171,0
DA:173,0
DA:174,0
DA:175,0
DA:177,0
DA:178,0
DA:179,0
DA:181,0
DA:182,0
DA:185,0
DA:186,0
DA:190,0
DA:193,0
DA:196,0
DA:197,0
DA:198,0
DA:199,0
DA:200,0
DA:203,0
DA:204,0
DA:205,0
DA:208,0
DA:209,0
DA:219,0
DA:220,0
DA:221,0
DA:223,0
DA:251,0
DA:252,0
DA:266,0
DA:267,0
DA:273,0
DA:287,0
DA:300,0
DA:307,0
DA:339,0
DA:350,0
DA:351,0
DA:362,0
DA:369,0
DA:390,0
DA:401,0
DA:402,0
DA:403,0
DA:404,0
DA:405,0
DA:406,0
DA:408,0
DA:411,0
DA:414,0
DA:428,0
DA:449,0
DA:458,0
DA:467,0
DA:476,0
DA:484,0
DA:489,0
DA:499,0
DA:515,0
DA:524,0
DA:530,0
DA:567,0
DA:576,0
DA:584,0
DA:589,0
DA:599,0
DA:615,0
DA:624,0
DA:630,0
LF:137
LH:0
BRDA:111,0,0,0
BRDA:111,0,1,0
BRDA:126,1,0,0
BRDA:126,1,1,0
BRDA:142,2,0,0
BRDA:142,2,1,0
BRDA:144,3,0,0
BRDA:144,3,1,0
BRDA:144,3,2,0
BRDA:144,3,3,0
BRDA:145,4,0,0
BRDA:145,4,1,0
BRDA:146,5,0,0
BRDA:146,5,1,0
BRDA:147,6,0,0
BRDA:147,6,1,0
BRDA:152,7,0,0
BRDA:152,7,1,0
BRDA:163,8,0,0
BRDA:163,8,1,0
BRDA:163,8,2,0
BRDA:163,8,3,0
BRDA:163,8,4,0
BRDA:165,9,0,0
BRDA:165,9,1,0
BRDA:166,10,0,0
BRDA:166,10,1,0
BRDA:169,11,0,0
BRDA:169,11,1,0
BRDA:170,12,0,0
BRDA:170,12,1,0
BRDA:173,13,0,0
BRDA:173,13,1,0
BRDA:174,14,0,0
BRDA:174,14,1,0
BRDA:177,15,0,0
BRDA:177,15,1,0
BRDA:178,16,0,0
BRDA:178,16,1,0
BRDA:181,17,0,0
BRDA:181,17,1,0
BRDA:182,18,0,0
BRDA:182,18,1,0
BRDA:185,19,0,0
BRDA:185,19,1,0
BRDA:185,20,0,0
BRDA:185,20,1,0
BRDA:186,21,0,0
BRDA:186,21,1,0
BRDA:208,22,0,0
BRDA:208,22,1,0
BRDA:300,23,0,0
BRDA:300,23,1,0
BRDA:302,24,0,0
BRDA:302,24,1,0
BRDA:304,25,0,0
BRDA:304,25,1,0
BRDA:341,26,0,0
BRDA:341,26,1,0
BRDA:344,27,0,0
BRDA:344,27,1,0
BRDA:345,28,0,0
BRDA:345,28,1,0
BRDA:352,29,0,0
BRDA:352,29,1,0
BRDA:356,30,0,0
BRDA:356,30,1,0
BRDA:357,31,0,0
BRDA:357,31,1,0
BRDA:358,32,0,0
BRDA:358,32,1,0
BRDA:359,33,0,0
BRDA:359,33,1,0
BRDA:360,34,0,0
BRDA:360,34,1,0
BRDA:383,35,0,0
BRDA:383,35,1,0
BRDA:401,36,0,0
BRDA:401,36,1,0
BRDA:403,37,0,0
BRDA:403,37,1,0
BRDA:405,38,0,0
BRDA:405,38,1,0
BRDA:416,39,0,0
BRDA:416,39,1,0
BRDA:439,40,0,0
BRDA:439,40,1,0
BRDA:548,41,0,0
BRDA:548,41,1,0
BRF:89
BRH:0
end_of_record
TN:
SF:src\app\admin\profile\page.tsx
FN:3,AdminProfilePage
FNF:1
FNH:0
FNDA:0,AdminProfilePage
DA:4,0
LF:1
LH:0
BRF:0
BRH:0
end_of_record
TN:
SF:src\app\admin\schedules\page.tsx
FN:67,AdminSchedulePage
FN:84,(anonymous_1)
FN:85,(anonymous_2)
FN:101,(anonymous_3)
FN:104,(anonymous_4)
FN:107,(anonymous_5)
FN:112,(anonymous_6)
FN:146,(anonymous_7)
FN:147,(anonymous_8)
FN:151,(anonymous_9)
FN:172,(anonymous_10)
FN:183,(anonymous_11)
FN:208,(anonymous_12)
FN:234,(anonymous_13)
FN:240,(anonymous_14)
FN:247,(anonymous_15)
FN:255,(anonymous_16)
FN:264,(anonymous_17)
FN:294,(anonymous_18)
FN:305,(anonymous_19)
FN:311,(anonymous_20)
FN:335,(anonymous_21)
FN:339,(anonymous_22)
FN:349,(anonymous_23)
FN:357,(anonymous_24)
FN:361,(anonymous_25)
FN:372,(anonymous_26)
FN:382,(anonymous_27)
FN:407,(anonymous_28)
FN:411,(anonymous_29)
FN:421,(anonymous_30)
FN:429,(anonymous_31)
FN:433,(anonymous_32)
FN:444,(anonymous_33)
FN:454,(anonymous_34)
FNF:35
FNH:0
FNDA:0,AdminSchedulePage
FNDA:0,(anonymous_1)
FNDA:0,(anonymous_2)
FNDA:0,(anonymous_3)
FNDA:0,(anonymous_4)
FNDA:0,(anonymous_5)
FNDA:0,(anonymous_6)
FNDA:0,(anonymous_7)
FNDA:0,(anonymous_8)
FNDA:0,(anonymous_9)
FNDA:0,(anonymous_10)
FNDA:0,(anonymous_11)
FNDA:0,(anonymous_12)
FNDA:0,(anonymous_13)
FNDA:0,(anonymous_14)
FNDA:0,(anonymous_15)
FNDA:0,(anonymous_16)
FNDA:0,(anonymous_17)
FNDA:0,(anonymous_18)
FNDA:0,(anonymous_19)
FNDA:0,(anonymous_20)
FNDA:0,(anonymous_21)
FNDA:0,(anonymous_22)
FNDA:0,(anonymous_23)
FNDA:0,(anonymous_24)
FNDA:0,(anonymous_25)
FNDA:0,(anonymous_26)
FNDA:0,(anonymous_27)
FNDA:0,(anonymous_28)
FNDA:0,(anonymous_29)
FNDA:0,(anonymous_30)
FNDA:0,(anonymous_31)
FNDA:0,(anonymous_32)
FNDA:0,(anonymous_33)
FNDA:0,(anonymous_34)
DA:56,0
DA:68,0
DA:69,0
DA:70,0
DA:71,0
DA:72,0
DA:73,0
DA:74,0
DA:80,0
DA:81,0
DA:82,0
DA:84,0
DA:85,0
DA:86,0
DA:87,0
DA:88,0
DA:89,0
DA:90,0
DA:91,0
DA:92,0
DA:94,0
DA:95,0
DA:98,0
DA:101,0
DA:102,0
DA:103,0
DA:104,0
DA:106,0
DA:107,0
DA:109,0
DA:112,0
DA:113,0
DA:114,0
DA:115,0
DA:117,0
DA:118,0
DA:124,0
DA:125,0
DA:126,0
DA:127,0
DA:128,0
DA:130,0
DA:132,0
DA:134,0
DA:135,0
DA:142,0
DA:146,0
DA:147,0
DA:148,0
DA:151,0
DA:152,0
DA:153,0
DA:155,0
DA:156,0
DA:157,0
DA:158,0
DA:159,0
DA:160,0
DA:161,0
DA:163,0
DA:165,0
DA:168,0
DA:172,0
DA:173,0
DA:174,0
DA:180,0
DA:183,0
DA:184,0
DA:185,0
DA:186,0
DA:191,0
DA:192,0
DA:193,0
DA:194,0
DA:195,0
DA:196,0
DA:197,0
DA:199,0
DA:201,0
DA:204,0
DA:208,0
DA:209,0
DA:210,0
DA:214,0
DA:215,0
DA:225,0
DA:234,0
DA:241,0
DA:242,0
DA:248,0
DA:256,0
DA:257,0
DA:263,0
DA:264,0
DA:265,0
DA:295,0
DA:305,0
DA:311,0
DA:335,0
DA:340,0
DA:349,0
DA:357,0
DA:362,0
DA:373,0
DA:374,0
DA:382,0
DA:407,0
DA:412,0
DA:421,0
DA:429,0
DA:434,0
DA:445,0
DA:446,0
DA:454,0
LF:114
LH:0
BRDA:94,0,0,0
BRDA:94,0,1,0
BRDA:103,1,0,0
BRDA:103,1,1,0
BRDA:106,2,0,0
BRDA:106,2,1,0
BRDA:113,3,0,0
BRDA:113,3,1,0
BRDA:113,4,0,0
BRDA:113,4,1,0
BRDA:113,4,2,0
BRDA:130,5,0,0
BRDA:130,5,1,0
BRDA:142,6,0,0
BRDA:142,6,1,0
BRDA:148,7,0,0
BRDA:148,7,1,0
BRDA:152,8,0,0
BRDA:152,8,1,0
BRDA:163,9,0,0
BRDA:163,9,1,0
BRDA:168,10,0,0
BRDA:168,10,1,0
BRDA:184,11,0,0
BRDA:184,11,1,0
BRDA:199,12,0,0
BRDA:199,12,1,0
BRDA:204,13,0,0
BRDA:204,13,1,0
BRDA:209,14,0,0
BRDA:209,14,1,0
BRDA:214,15,0,0
BRDA:214,15,1,0
BRDA:242,16,0,0
BRDA:242,16,1,0
BRDA:275,17,0,0
BRDA:275,17,1,0
BRDA:297,18,0,0
BRDA:297,18,1,0
BRDA:298,19,0,0
BRDA:298,19,1,0
BRDA:301,20,0,0
BRDA:301,20,1,0
BRDA:326,21,0,0
BRDA:326,21,1,0
BRDA:374,22,0,0
BRDA:374,22,1,0
BRDA:398,23,0,0
BRDA:398,23,1,0
BRDA:398,23,2,0
BRDA:446,24,0,0
BRDA:446,24,1,0
BRF:52
BRH:0
end_of_record
TN:
SF:src\app\admin\specialties\page.tsx
FN:23,SpecialtiesPage
FN:40,(anonymous_1)
FN:44,(anonymous_2)
FN:56,(anonymous_3)
FN:73,(anonymous_4)
FN:93,(anonymous_5)
FN:105,(anonymous_6)
FN:116,(anonymous_7)
FN:121,(anonymous_8)
FN:128,(anonymous_9)
FN:154,(anonymous_10)
FN:161,(anonymous_11)
FN:202,(anonymous_12)
FN:212,(anonymous_13)
FN:221,(anonymous_14)
FN:229,(anonymous_15)
FN:246,(anonymous_16)
FN:257,(anonymous_17)
FN:265,(anonymous_18)
FN:308,(anonymous_19)
FN:326,(anonymous_20)
FN:334,(anonymous_21)
FN:349,(anonymous_22)
FN:366,(anonymous_23)
FN:378,(anonymous_24)
FN:392,(anonymous_25)
FN:406,(anonymous_26)
FN:418,(anonymous_27)
FN:426,(anonymous_28)
FN:439,(anonymous_29)
FN:453,(anonymous_30)
FN:467,(anonymous_31)
FN:479,(anonymous_32)
FN:487,(anonymous_33)
FNF:34
FNH:0
FNDA:0,SpecialtiesPage
FNDA:0,(anonymous_1)
FNDA:0,(anonymous_2)
FNDA:0,(anonymous_3)
FNDA:0,(anonymous_4)
FNDA:0,(anonymous_5)
FNDA:0,(anonymous_6)
FNDA:0,(anonymous_7)
FNDA:0,(anonymous_8)
FNDA:0,(anonymous_9)
FNDA:0,(anonymous_10)
FNDA:0,(anonymous_11)
FNDA:0,(anonymous_12)
FNDA:0,(anonymous_13)
FNDA:0,(anonymous_14)
FNDA:0,(anonymous_15)
FNDA:0,(anonymous_16)
FNDA:0,(anonymous_17)
FNDA:0,(anonymous_18)
FNDA:0,(anonymous_19)
FNDA:0,(anonymous_20)
FNDA:0,(anonymous_21)
FNDA:0,(anonymous_22)
FNDA:0,(anonymous_23)
FNDA:0,(anonymous_24)
FNDA:0,(anonymous_25)
FNDA:0,(anonymous_26)
FNDA:0,(anonymous_27)
FNDA:0,(anonymous_28)
FNDA:0,(anonymous_29)
FNDA:0,(anonymous_30)
FNDA:0,(anonymous_31)
FNDA:0,(anonymous_32)
FNDA:0,(anonymous_33)
DA:24,0
DA:25,0
DA:26,0
DA:27,0
DA:28,0
DA:29,0
DA:30,0
DA:31,0
DA:32,0
DA:33,0
DA:34,0
DA:40,0
DA:41,0
DA:44,0
DA:45,0
DA:46,0
DA:47,0
DA:48,0
DA:50,0
DA:52,0
DA:56,0
DA:57,0
DA:58,0
DA:59,0
DA:60,0
DA:63,0
DA:64,0
DA:65,0
DA:66,0
DA:67,0
DA:69,0
DA:73,0
DA:74,0
DA:75,0
DA:77,0
DA:78,0
DA:79,0
DA:82,0
DA:83,0
DA:84,0
DA:85,0
DA:86,0
DA:87,0
DA:89,0
DA:93,0
DA:94,0
DA:96,0
DA:97,0
DA:98,0
DA:99,0
DA:101,0
DA:105,0
DA:106,0
DA:107,0
DA:112,0
DA:116,0
DA:117,0
DA:120,0
DA:121,0
DA:122,0
DA:128,0
DA:129,0
DA:130,0
DA:132,0
DA:134,0
DA:135,0
DA:136,0
DA:138,0
DA:139,0
DA:140,0
DA:142,0
DA:143,0
DA:146,0
DA:151,0
DA:154,0
DA:155,0
DA:156,0
DA:157,0
DA:158,0
DA:161,0
DA:162,0
DA:163,0
DA:166,0
DA:167,0
DA:170,0
DA:171,0
DA:172,0
DA:174,0
DA:203,0
DA:204,0
DA:212,0
DA:221,0
DA:229,0
DA:247,0
DA:257,0
DA:265,0
DA:308,0
DA:326,0
DA:336,0
DA:337,0
DA:338,0
DA:339,0
DA:340,0
DA:341,0
DA:343,0
DA:346,0
DA:349,0
DA:366,0
DA:378,0
DA:392,0
DA:406,0
DA:418,0
DA:426,0
DA:439,0
DA:453,0
DA:467,0
DA:479,0
DA:487,0
LF:118
LH:0
BRDA:50,0,0,0
BRDA:50,0,1,0
BRDA:58,1,0,0
BRDA:58,1,1,0
BRDA:69,2,0,0
BRDA:69,2,1,0
BRDA:75,3,0,0
BRDA:75,3,1,0
BRDA:77,4,0,0
BRDA:77,4,1,0
BRDA:89,5,0,0
BRDA:89,5,1,0
BRDA:94,6,0,0
BRDA:94,6,1,0
BRDA:101,7,0,0
BRDA:101,7,1,0
BRDA:109,8,0,0
BRDA:109,8,1,0
BRDA:110,9,0,0
BRDA:110,9,1,0
BRDA:120,10,0,0
BRDA:120,10,1,0
BRDA:122,11,0,0
BRDA:122,11,1,0
BRDA:123,12,0,0
BRDA:123,12,1,0
BRDA:132,13,0,0
BRDA:132,13,1,0
BRDA:132,13,2,0
BRDA:134,14,0,0
BRDA:134,14,1,0
BRDA:135,15,0,0
BRDA:135,15,1,0
BRDA:138,16,0,0
BRDA:138,16,1,0
BRDA:139,17,0,0
BRDA:139,17,1,0
BRDA:142,18,0,0
BRDA:142,18,1,0
BRDA:143,19,0,0
BRDA:143,19,1,0
BRDA:146,20,0,0
BRDA:146,20,1,0
BRDA:166,21,0,0
BRDA:166,21,1,0
BRDA:221,22,0,0
BRDA:221,22,1,0
BRDA:224,23,0,0
BRDA:224,23,1,0
BRDA:265,24,0,0
BRDA:265,24,1,0
BRDA:279,25,0,0
BRDA:279,25,1,0
BRDA:287,26,0,0
BRDA:287,26,1,0
BRDA:297,27,0,0
BRDA:297,27,1,0
BRDA:305,28,0,0
BRDA:305,28,1,0
BRDA:307,29,0,0
BRDA:307,29,1,0
BRDA:317,30,0,0
BRDA:317,30,1,0
BRDA:336,31,0,0
BRDA:336,31,1,0
BRDA:338,32,0,0
BRDA:338,32,1,0
BRDA:340,33,0,0
BRDA:340,33,1,0
BRDA:352,34,0,0
BRDA:352,34,1,0
BRF:71
BRH:0
end_of_record
TN:
SF:src\app\admin\users\page.tsx
FN:68,UsersPage
FN:105,(anonymous_1)
FN:110,(anonymous_2)
FN:123,(anonymous_3)
FN:127,(anonymous_4)
FN:137,(anonymous_5)
FN:196,(anonymous_6)
FN:211,(anonymous_7)
FN:231,(anonymous_8)
FN:240,(anonymous_9)
FN:247,(anonymous_10)
FN:268,(anonymous_11)
FN:287,(anonymous_12)
FN:296,(anonymous_13)
FN:336,(anonymous_14)
FN:343,(anonymous_15)
FN:348,(anonymous_16)
FN:363,(anonymous_17)
FN:417,(anonymous_18)
FN:427,(anonymous_19)
FN:442,(anonymous_20)
FN:453,(anonymous_21)
FN:461,(anonymous_22)
FN:554,(anonymous_23)
FN:577,(anonymous_24)
FN:617,(anonymous_25)
FN:627,(anonymous_26)
FN:655,(anonymous_27)
FN:663,(anonymous_28)
FN:678,(anonymous_29)
FN:695,(anonymous_30)
FN:707,(anonymous_31)
FN:718,(anonymous_32)
FN:727,(anonymous_33)
FN:738,(anonymous_34)
FN:747,(anonymous_35)
FN:756,(anonymous_36)
FN:785,(anonymous_37)
FN:812,(anonymous_38)
FN:815,(anonymous_39)
FN:828,(anonymous_40)
FN:830,(anonymous_41)
FN:847,(anonymous_42)
FN:863,(anonymous_43)
FN:881,(anonymous_44)
FN:891,(anonymous_45)
FN:899,(anonymous_46)
FN:909,(anonymous_47)
FN:917,(anonymous_48)
FN:926,(anonymous_49)
FN:929,(anonymous_50)
FN:941,(anonymous_51)
FNF:52
FNH:0
FNDA:0,UsersPage
FNDA:0,(anonymous_1)
FNDA:0,(anonymous_2)
FNDA:0,(anonymous_3)
FNDA:0,(anonymous_4)
FNDA:0,(anonymous_5)
FNDA:0,(anonymous_6)
FNDA:0,(anonymous_7)
FNDA:0,(anonymous_8)
FNDA:0,(anonymous_9)
FNDA:0,(anonymous_10)
FNDA:0,(anonymous_11)
FNDA:0,(anonymous_12)
FNDA:0,(anonymous_13)
FNDA:0,(anonymous_14)
FNDA:0,(anonymous_15)
FNDA:0,(anonymous_16)
FNDA:0,(anonymous_17)
FNDA:0,(anonymous_18)
FNDA:0,(anonymous_19)
FNDA:0,(anonymous_20)
FNDA:0,(anonymous_21)
FNDA:0,(anonymous_22)
FNDA:0,(anonymous_23)
FNDA:0,(anonymous_24)
FNDA:0,(anonymous_25)
FNDA:0,(anonymous_26)
FNDA:0,(anonymous_27)
FNDA:0,(anonymous_28)
FNDA:0,(anonymous_29)
FNDA:0,(anonymous_30)
FNDA:0,(anonymous_31)
FNDA:0,(anonymous_32)
FNDA:0,(anonymous_33)
FNDA:0,(anonymous_34)
FNDA:0,(anonymous_35)
FNDA:0,(anonymous_36)
FNDA:0,(anonymous_37)
FNDA:0,(anonymous_38)
FNDA:0,(anonymous_39)
FNDA:0,(anonymous_40)
FNDA:0,(anonymous_41)
FNDA:0,(anonymous_42)
FNDA:0,(anonymous_43)
FNDA:0,(anonymous_44)
FNDA:0,(anonymous_45)
FNDA:0,(anonymous_46)
FNDA:0,(anonymous_47)
FNDA:0,(anonymous_48)
FNDA:0,(anonymous_49)
FNDA:0,(anonymous_50)
FNDA:0,(anonymous_51)
DA:69,0
DA:74,0
DA:75,0
DA:76,0
DA:77,0
DA:78,0
DA:79,0
DA:80,0
DA:81,0
DA:82,0
DA:83,0
DA:98,0
DA:99,0
DA:100,0
DA:101,0
DA:103,0
DA:105,0
DA:106,0
DA:107,0
DA:110,0
DA:111,0
DA:112,0
DA:113,0
DA:114,0
DA:115,0
DA:117,0
DA:119,0
DA:123,0
DA:124,0
DA:125,0
DA:127,0
DA:128,0
DA:130,0
DA:132,0
DA:133,0
DA:137,0
DA:138,0
DA:139,0
DA:140,0
DA:141,0
DA:144,0
DA:145,0
DA:146,0
DA:147,0
DA:149,0
DA:150,0
DA:151,0
DA:155,0
DA:164,0
DA:165,0
DA:166,0
DA:167,0
DA:169,0
DA:170,0
DA:171,0
DA:172,0
DA:173,0
DA:175,0
DA:176,0
DA:179,0
DA:180,0
DA:190,0
DA:192,0
DA:196,0
DA:197,0
DA:198,0
DA:199,0
DA:200,0
DA:204,0
DA:205,0
DA:207,0
DA:211,0
DA:212,0
DA:213,0
DA:214,0
DA:215,0
DA:216,0
DA:220,0
DA:222,0
DA:223,0
DA:231,0
DA:232,0
DA:233,0
DA:234,0
DA:235,0
DA:236,0
DA:238,0
DA:239,0
DA:240,0
DA:241,0
DA:243,0
DA:247,0
DA:248,0
DA:249,0
DA:251,0
DA:259,0
DA:260,0
DA:261,0
DA:264,0
DA:265,0
DA:268,0
DA:269,0
DA:271,0
DA:273,0
DA:274,0
DA:276,0
DA:277,0
DA:279,0
DA:280,0
DA:282,0
DA:286,0
DA:287,0
DA:288,0
DA:296,0
DA:297,0
DA:298,0
DA:300,0
DA:302,0
DA:303,0
DA:304,0
DA:306,0
DA:307,0
DA:308,0
DA:310,0
DA:311,0
DA:312,0
DA:314,0
DA:315,0
DA:316,0
DA:318,0
DA:319,0
DA:322,0
DA:323,0
DA:327,0
DA:333,0
DA:336,0
DA:337,0
DA:338,0
DA:339,0
DA:340,0
DA:343,0
DA:344,0
DA:345,0
DA:348,0
DA:349,0
DA:355,0
DA:356,0
DA:363,0
DA:364,0
DA:365,0
DA:378,0
DA:381,0
DA:382,0
DA:385,0
DA:386,0
DA:387,0
DA:389,0
DA:418,0
DA:419,0
DA:428,0
DA:429,0
DA:442,0
DA:453,0
DA:461,0
DA:555,0
DA:556,0
DA:578,0
DA:617,0
DA:627,0
DA:655,0
DA:665,0
DA:666,0
DA:667,0
DA:668,0
DA:669,0
DA:670,0
DA:672,0
DA:675,0
DA:678,0
DA:695,0
DA:707,0
DA:718,0
DA:727,0
DA:738,0
DA:747,0
DA:756,0
DA:785,0
DA:812,0
DA:815,0
DA:829,0
DA:830,0
DA:847,0
DA:863,0
DA:881,0
DA:891,0
DA:899,0
DA:909,0
DA:917,0
DA:926,0
DA:929,0
DA:941,0
LF:201
LH:0
BRDA:128,0,0,0
BRDA:128,0,1,0
BRDA:139,1,0,0
BRDA:139,1,1,0
BRDA:145,2,0,0
BRDA:145,2,1,0
BRDA:158,3,0,0
BRDA:158,3,1,0
BRDA:159,4,0,0
BRDA:159,4,1,0
BRDA:160,5,0,0
BRDA:160,5,1,0
BRDA:161,6,0,0
BRDA:161,6,1,0
BRDA:164,7,0,0
BRDA:164,7,1,0
BRDA:165,8,0,0
BRDA:165,8,1,0
BRDA:171,9,0,0
BRDA:171,9,1,0
BRDA:197,10,0,0
BRDA:197,10,1,0
BRDA:213,11,0,0
BRDA:213,11,1,0
BRDA:223,12,0,0
BRDA:223,12,1,0
BRDA:233,13,0,0
BRDA:233,13,1,0
BRDA:234,14,0,0
BRDA:234,14,1,0
BRDA:259,15,0,0
BRDA:259,15,1,0
BRDA:261,16,0,0
BRDA:261,16,1,0
BRDA:271,17,0,0
BRDA:271,17,1,0
BRDA:271,17,2,0
BRDA:271,17,3,0
BRDA:286,18,0,0
BRDA:286,18,1,0
BRDA:288,19,0,0
BRDA:288,19,1,0
BRDA:288,19,2,0
BRDA:288,19,3,0
BRDA:290,20,0,0
BRDA:290,20,1,0
BRDA:291,21,0,0
BRDA:291,21,1,0
BRDA:300,22,0,0
BRDA:300,22,1,0
BRDA:300,22,2,0
BRDA:300,22,3,0
BRDA:300,22,4,0
BRDA:302,23,0,0
BRDA:302,23,1,0
BRDA:303,24,0,0
BRDA:303,24,1,0
BRDA:306,25,0,0
BRDA:306,25,1,0
BRDA:307,26,0,0
BRDA:307,26,1,0
BRDA:310,27,0,0
BRDA:310,27,1,0
BRDA:311,28,0,0
BRDA:311,28,1,0
BRDA:314,29,0,0
BRDA:314,29,1,0
BRDA:315,30,0,0
BRDA:315,30,1,0
BRDA:318,31,0,0
BRDA:318,31,1,0
BRDA:319,32,0,0
BRDA:319,32,1,0
BRDA:322,33,0,0
BRDA:322,33,1,0
BRDA:322,34,0,0
BRDA:322,34,1,0
BRDA:323,35,0,0
BRDA:323,35,1,0
BRDA:327,36,0,0
BRDA:327,36,1,0
BRDA:355,37,0,0
BRDA:355,37,1,0
BRDA:371,38,0,0
BRDA:371,38,1,0
BRDA:372,39,0,0
BRDA:372,39,1,0
BRDA:373,40,0,0
BRDA:373,40,1,0
BRDA:374,41,0,0
BRDA:374,41,1,0
BRDA:375,42,0,0
BRDA:375,42,1,0
BRDA:381,43,0,0
BRDA:381,43,1,0
BRDA:453,44,0,0
BRDA:453,44,1,0
BRDA:456,45,0,0
BRDA:456,45,1,0
BRDA:538,46,0,0
BRDA:538,46,1,0
BRDA:549,47,0,0
BRDA:549,47,1,0
BRDA:551,48,0,0
BRDA:551,48,1,0
BRDA:593,49,0,0
BRDA:593,49,1,0
BRDA:608,50,0,0
BRDA:608,50,1,0
BRDA:646,51,0,0
BRDA:646,51,1,0
BRDA:665,52,0,0
BRDA:665,52,1,0
BRDA:667,53,0,0
BRDA:667,53,1,0
BRDA:669,54,0,0
BRDA:669,54,1,0
BRDA:681,55,0,0
BRDA:681,55,1,0
BRDA:769,56,0,0
BRDA:769,56,1,0
BRDA:790,57,0,0
BRDA:790,57,1,0
BRDA:807,58,0,0
BRDA:807,58,1,0
BRDA:811,59,0,0
BRDA:811,59,1,0
BRDA:827,60,0,0
BRDA:827,60,1,0
BRDA:829,61,0,0
BRDA:829,61,1,0
BRDA:922,62,0,0
BRDA:922,62,1,0
BRDA:925,63,0,0
BRDA:925,63,1,0
BRF:135
BRH:0
end_of_record
TN:
SF:src\app\admin\users\components\ClientQuill.tsx
FNF:0
FNH:0
LF:0
LH:0
BRF:0
BRH:0
end_of_record
TN:
SF:src\app\admin\users\components\QuillEditor.tsx
FN:8,(anonymous_0)
FN:10,(anonymous_1)
FN:22,QuillEditor
FN:25,(anonymous_3)
FN:27,(anonymous_4)
FNF:5
FNH:0
FNDA:0,(anonymous_0)
FNDA:0,(anonymous_1)
FNDA:0,QuillEditor
FNDA:0,(anonymous_3)
FNDA:0,(anonymous_4)
DA:8,0
DA:11,0
DA:23,0
DA:25,0
DA:26,0
DA:27,0
DA:30,0
DA:40,0
DA:47,0
DA:48,0
DA:55,0
LF:11
LH:0
BRDA:47,0,0,0
BRDA:47,0,1,0
BRF:2
BRH:0
end_of_record
TN:
SF:src\app\admin\users\components\RichTextEditor.tsx
FN:11,RichTextEditor
FN:18,(anonymous_1)
FN:34,(anonymous_2)
FNF:3
FNH:0
FNDA:0,RichTextEditor
FNDA:0,(anonymous_1)
FNDA:0,(anonymous_2)
DA:12,0
DA:14,0
DA:18,0
DA:35,0
LF:4
LH:0
BRF:0
BRH:0
end_of_record
TN:
SF:src\app\admin\users\components\SimpleEditor.tsx
FN:10,SimpleEditor
FN:14,(anonymous_1)
FN:20,(anonymous_2)
FN:27,(anonymous_3)
FN:34,(anonymous_4)
FN:39,(anonymous_5)
FN:44,(anonymous_6)
FN:49,(anonymous_7)
FN:114,(anonymous_8)
FN:115,(anonymous_9)
FNF:10
FNH:0
FNDA:0,SimpleEditor
FNDA:0,(anonymous_1)
FNDA:0,(anonymous_2)
FNDA:0,(anonymous_3)
FNDA:0,(anonymous_4)
FNDA:0,(anonymous_5)
FNDA:0,(anonymous_6)
FNDA:0,(anonymous_7)
FNDA:0,(anonymous_8)
FNDA:0,(anonymous_9)
DA:11,0
DA:12,0
DA:14,0
DA:15,0
DA:16,0
DA:20,0
DA:21,0
DA:22,0
DA:23,0
DA:27,0
DA:28,0
DA:29,0
DA:30,0
DA:34,0
DA:35,0
DA:36,0
DA:39,0
DA:40,0
DA:41,0
DA:44,0
DA:45,0
DA:46,0
DA:49,0
DA:50,0
DA:51,0
DA:54,0
DA:114,0
DA:115,0
LF:28
LH:0
BRDA:15,0,0,0
BRDA:15,0,1,0
BRDA:15,1,0,0
BRDA:15,1,1,0
BRDA:21,2,0,0
BRDA:21,2,1,0
BRDA:28,3,0,0
BRDA:28,3,1,0
BRDA:28,4,0,0
BRDA:28,4,1,0
BRF:10
BRH:0
end_of_record
TN:
SF:src\app\admin\users\new\page.tsx
FN:2,AdminNewUserPage
FNF:1
FNH:0
FNDA:0,AdminNewUserPage
DA:3,0
LF:1
LH:0
BRF:0
BRH:0
end_of_record
TN:
SF:src\app\api\upload\route.ts
FN:6,POST
FNF:1
FNH:0
FNDA:0,POST
DA:7,0
DA:8,0
DA:9,0
DA:11,0
DA:12,0
DA:19,0
DA:20,0
DA:27,0
DA:28,0
DA:34,0
DA:35,0
DA:38,0
DA:39,0
DA:40,0
DA:43,0
DA:46,0
DA:48,0
DA:50,0
DA:51,0
LF:19
LH:0
BRDA:11,0,0,0
BRDA:11,0,1,0
BRDA:19,1,0,0
BRDA:19,1,1,0
BRDA:27,2,0,0
BRDA:27,2,1,0
BRF:6
BRH:0
end_of_record
TN:
SF:src\app\auth\login\page.tsx
FN:8,LoginForm
FN:17,(anonymous_1)
FN:24,(anonymous_2)
FN:157,(anonymous_3)
FN:169,(anonymous_4)
FN:211,LoginPage
FNF:6
FNH:0
FNDA:0,LoginForm
FNDA:0,(anonymous_1)
FNDA:0,(anonymous_2)
FNDA:0,(anonymous_3)
FNDA:0,(anonymous_4)
FNDA:0,LoginPage
DA:9,0
DA:10,0
DA:11,0
DA:12,0
DA:13,0
DA:14,0
DA:15,0
DA:17,0
DA:18,0
DA:19,0
DA:20,0
DA:24,0
DA:25,0
DA:26,0
DA:27,0
DA:29,0
DA:30,0
DA:33,0
DA:35,0
DA:36,0
DA:38,0
DA:39,0
DA:41,0
DA:42,0
DA:44,0
DA:47,0
DA:48,0
DA:50,0
DA:54,0
DA:157,0
DA:169,0
DA:212,0
LF:32
LH:0
BRDA:19,0,0,0
BRDA:19,0,1,0
BRDA:33,1,0,0
BRDA:33,1,1,0
BRDA:33,1,2,0
BRDA:33,1,3,0
BRDA:48,2,0,0
BRDA:48,2,1,0
BRDA:127,3,0,0
BRDA:127,3,1,0
BRDA:138,4,0,0
BRDA:138,4,1,0
BRDA:179,5,0,0
BRDA:179,5,1,0
BRF:14
BRH:0
end_of_record
TN:
SF:src\app\auth\register\page.tsx
FN:8,RegisterPage
FN:20,(anonymous_1)
FN:89,(anonymous_2)
FN:100,(anonymous_3)
FN:113,(anonymous_4)
FN:125,(anonymous_5)
FN:135,(anonymous_6)
FN:151,(anonymous_7)
FN:163,(anonymous_8)
FNF:9
FNH:0
FNDA:0,RegisterPage
FNDA:0,(anonymous_1)
FNDA:0,(anonymous_2)
FNDA:0,(anonymous_3)
FNDA:0,(anonymous_4)
FNDA:0,(anonymous_5)
FNDA:0,(anonymous_6)
FNDA:0,(anonymous_7)
FNDA:0,(anonymous_8)
DA:9,0
DA:10,0
DA:11,0
DA:12,0
DA:13,0
DA:14,0
DA:15,0
DA:16,0
DA:17,0
DA:18,0
DA:20,0
DA:21,0
DA:22,0
DA:23,0
DA:26,0
DA:27,0
DA:28,0
DA:29,0
DA:32,0
DA:33,0
DA:45,0
DA:47,0
DA:48,0
DA:50,0
DA:54,0
DA:89,0
DA:100,0
DA:113,0
DA:125,0
DA:135,0
DA:151,0
DA:163,0
LF:32
LH:0
BRDA:26,0,0,0
BRDA:26,0,1,0
BRDA:48,1,0,0
BRDA:48,1,1,0
BRDA:69,2,0,0
BRDA:69,2,1,0
BRDA:134,3,0,0
BRDA:134,3,1,0
BRDA:134,4,0,0
BRDA:134,4,1,0
BRDA:135,5,0,0
BRDA:135,5,1,0
BRDA:173,6,0,0
BRDA:173,6,1,0
BRF:14
BRH:0
end_of_record
TN:
SF:src\app\book_appointment\BookAppointmentPageInner.tsx
FN:31,BookAppointmentInner
FN:45,(anonymous_1)
FN:46,(anonymous_2)
FN:71,(anonymous_3)
FN:106,(anonymous_4)
FN:172,(anonymous_5)
FN:191,BookAppointmentPageInner
FNF:7
FNH:0
FNDA:0,BookAppointmentInner
FNDA:0,(anonymous_1)
FNDA:0,(anonymous_2)
FNDA:0,(anonymous_3)
FNDA:0,(anonymous_4)
FNDA:0,(anonymous_5)
FNDA:0,BookAppointmentPageInner
DA:32,0
DA:33,0
DA:34,0
DA:35,0
DA:36,0
DA:37,0
DA:38,0
DA:40,0
DA:41,0
DA:42,0
DA:43,0
DA:45,0
DA:46,0
DA:47,0
DA:48,0
DA:49,0
DA:50,0
DA:53,0
DA:54,0
DA:59,0
DA:60,0
DA:62,0
DA:64,0
DA:68,0
DA:71,0
DA:72,0
DA:73,0
DA:74,0
DA:76,0
DA:77,0
DA:78,0
DA:81,0
DA:83,0
DA:84,0
DA:85,0
DA:86,0
DA:87,0
DA:90,0
DA:91,0
DA:94,0
DA:102,0
DA:103,0
DA:106,0
DA:107,0
DA:110,0
DA:114,0
DA:115,0
DA:125,0
DA:172,0
DA:192,0
LF:50
LH:0
BRDA:47,0,0,0
BRDA:47,0,1,0
BRDA:47,1,0,0
BRDA:47,1,1,0
BRDA:62,2,0,0
BRDA:62,2,1,0
BRDA:76,3,0,0
BRDA:76,3,1,0
BRDA:76,4,0,0
BRDA:76,4,1,0
BRDA:76,4,2,0
BRDA:76,4,3,0
BRDA:84,5,0,0
BRDA:84,5,1,0
BRDA:110,6,0,0
BRDA:110,6,1,0
BRDA:114,7,0,0
BRDA:114,7,1,0
BRDA:129,8,0,0
BRDA:129,8,1,0
BRDA:135,9,0,0
BRDA:135,9,1,0
BRDA:141,10,0,0
BRDA:141,10,1,0
BRDA:141,10,2,0
BRDA:147,11,0,0
BRDA:147,11,1,0
BRF:27
BRH:0
end_of_record
TN:
SF:src\app\book_appointment\page.tsx
FN:6,BookAppointmentPage
FNF:1
FNH:0
FNDA:0,BookAppointmentPage
DA:7,0
LF:1
LH:0
BRF:0
BRH:0
end_of_record
TN:
SF:src\app\doctor\layout.tsx
FN:7,DoctorLayout
FNF:1
FNH:0
FNDA:0,DoctorLayout
DA:12,0
DA:13,0
DA:15,0
DA:16,0
DA:26,0
DA:27,0
DA:28,0
DA:31,0
DA:32,0
DA:33,0
DA:36,0
DA:45,0
LF:12
LH:0
BRDA:15,0,0,0
BRDA:15,0,1,0
BRDA:26,1,0,0
BRDA:26,1,1,0
BRDA:31,2,0,0
BRDA:31,2,1,0
BRF:6
BRH:0
end_of_record
TN:
SF:src\app\doctor\appointments\page.tsx
FN:41,DoctorAppointmentsPage
FN:54,(anonymous_1)
FN:55,(anonymous_2)
FN:87,(anonymous_3)
FN:110,(anonymous_4)
FN:126,(anonymous_5)
FN:133,(anonymous_6)
FN:138,(anonymous_7)
FN:151,(anonymous_8)
FN:154,(anonymous_9)
FN:157,(anonymous_10)
FN:160,(anonymous_11)
FN:167,(anonymous_12)
FN:175,(anonymous_13)
FN:215,(anonymous_14)
FN:222,(anonymous_15)
FN:243,(anonymous_16)
FN:287,(anonymous_17)
FN:302,(anonymous_18)
FN:323,(anonymous_19)
FN:344,(anonymous_20)
FN:357,(anonymous_21)
FN:398,(anonymous_22)
FN:414,(anonymous_23)
FN:430,(anonymous_24)
FN:462,(anonymous_25)
FN:475,(anonymous_26)
FN:479,(anonymous_27)
FN:529,(anonymous_28)
FN:537,(anonymous_29)
FN:552,(anonymous_30)
FN:568,(anonymous_31)
FN:580,(anonymous_32)
FN:666,(anonymous_33)
FN:672,(anonymous_34)
FN:680,(anonymous_35)
FN:692,(anonymous_36)
FN:697,(anonymous_37)
FN:708,(anonymous_38)
FNF:39
FNH:0
FNDA:0,DoctorAppointmentsPage
FNDA:0,(anonymous_1)
FNDA:0,(anonymous_2)
FNDA:0,(anonymous_3)
FNDA:0,(anonymous_4)
FNDA:0,(anonymous_5)
FNDA:0,(anonymous_6)
FNDA:0,(anonymous_7)
FNDA:0,(anonymous_8)
FNDA:0,(anonymous_9)
FNDA:0,(anonymous_10)
FNDA:0,(anonymous_11)
FNDA:0,(anonymous_12)
FNDA:0,(anonymous_13)
FNDA:0,(anonymous_14)
FNDA:0,(anonymous_15)
FNDA:0,(anonymous_16)
FNDA:0,(anonymous_17)
FNDA:0,(anonymous_18)
FNDA:0,(anonymous_19)
FNDA:0,(anonymous_20)
FNDA:0,(anonymous_21)
FNDA:0,(anonymous_22)
FNDA:0,(anonymous_23)
FNDA:0,(anonymous_24)
FNDA:0,(anonymous_25)
FNDA:0,(anonymous_26)
FNDA:0,(anonymous_27)
FNDA:0,(anonymous_28)
FNDA:0,(anonymous_29)
FNDA:0,(anonymous_30)
FNDA:0,(anonymous_31)
FNDA:0,(anonymous_32)
FNDA:0,(anonymous_33)
FNDA:0,(anonymous_34)
FNDA:0,(anonymous_35)
FNDA:0,(anonymous_36)
FNDA:0,(anonymous_37)
FNDA:0,(anonymous_38)
DA:42,0
DA:43,0
DA:44,0
DA:45,0
DA:46,0
DA:47,0
DA:48,0
DA:49,0
DA:50,0
DA:51,0
DA:52,0
DA:54,0
DA:55,0
DA:56,0
DA:57,0
DA:58,0
DA:60,0
DA:61,0
DA:62,0
DA:63,0
DA:66,0
DA:67,0
DA:68,0
DA:69,0
DA:72,0
DA:73,0
DA:74,0
DA:77,0
DA:78,0
DA:80,0
DA:84,0
DA:87,0
DA:88,0
DA:89,0
DA:91,0
DA:92,0
DA:95,0
DA:96,0
DA:97,0
DA:98,0
DA:99,0
DA:100,0
DA:101,0
DA:105,0
DA:106,0
DA:110,0
DA:111,0
DA:118,0
DA:119,0
DA:126,0
DA:127,0
DA:128,0
DA:129,0
DA:130,0
DA:133,0
DA:134,0
DA:137,0
DA:138,0
DA:142,0
DA:143,0
DA:144,0
DA:145,0
DA:146,0
DA:147,0
DA:149,0
DA:151,0
DA:152,0
DA:154,0
DA:155,0
DA:157,0
DA:158,0
DA:160,0
DA:161,0
DA:166,0
DA:167,0
DA:168,0
DA:175,0
DA:176,0
DA:177,0
DA:179,0
DA:181,0
DA:182,0
DA:183,0
DA:185,0
DA:186,0
DA:187,0
DA:189,0
DA:190,0
DA:191,0
DA:193,0
DA:194,0
DA:195,0
DA:197,0
DA:198,0
DA:201,0
DA:202,0
DA:206,0
DA:212,0
DA:215,0
DA:216,0
DA:217,0
DA:218,0
DA:219,0
DA:222,0
DA:223,0
DA:224,0
DA:227,0
DA:228,0
DA:231,0
DA:232,0
DA:243,0
DA:252,0
DA:253,0
DA:254,0
DA:256,0
DA:288,0
DA:289,0
DA:303,0
DA:304,0
DA:324,0
DA:325,0
DA:344,0
DA:357,0
DA:398,0
DA:414,0
DA:430,0
DA:463,0
DA:464,0
DA:465,0
DA:466,0
DA:476,0
DA:479,0
DA:529,0
DA:539,0
DA:540,0
DA:541,0
DA:542,0
DA:543,0
DA:544,0
DA:546,0
DA:549,0
DA:552,0
DA:568,0
DA:580,0
DA:666,0
DA:672,0
DA:680,0
DA:692,0
DA:697,0
DA:708,0
LF:150
LH:0
BRDA:61,0,0,0
BRDA:61,0,1,0
BRDA:67,1,0,0
BRDA:67,1,1,0
BRDA:78,2,0,0
BRDA:78,2,1,0
BRDA:91,3,0,0
BRDA:91,3,1,0
BRDA:96,4,0,0
BRDA:96,4,1,0
BRDA:106,5,0,0
BRDA:106,5,1,0
BRDA:118,6,0,0
BRDA:118,6,1,0
BRDA:118,7,0,0
BRDA:118,7,1,0
BRDA:128,8,0,0
BRDA:128,8,1,0
BRDA:129,9,0,0
BRDA:129,9,1,0
BRDA:137,10,0,0
BRDA:137,10,1,0
BRDA:142,11,0,0
BRDA:142,11,1,0
BRDA:149,12,0,0
BRDA:149,12,1,0
BRDA:149,12,2,0
BRDA:149,12,3,0
BRDA:166,13,0,0
BRDA:166,13,1,0
BRDA:168,14,0,0
BRDA:168,14,1,0
BRDA:168,14,2,0
BRDA:179,15,0,0
BRDA:179,15,1,0
BRDA:179,15,2,0
BRDA:179,15,3,0
BRDA:179,15,4,0
BRDA:185,16,0,0
BRDA:185,16,1,0
BRDA:186,17,0,0
BRDA:186,17,1,0
BRDA:189,18,0,0
BRDA:189,18,1,0
BRDA:190,19,0,0
BRDA:190,19,1,0
BRDA:193,20,0,0
BRDA:193,20,1,0
BRDA:194,21,0,0
BRDA:194,21,1,0
BRDA:201,22,0,0
BRDA:201,22,1,0
BRDA:201,23,0,0
BRDA:201,23,1,0
BRDA:202,24,0,0
BRDA:202,24,1,0
BRDA:206,25,0,0
BRDA:206,25,1,0
BRDA:227,26,0,0
BRDA:227,26,1,0
BRDA:231,27,0,0
BRDA:231,27,1,0
BRDA:357,28,0,0
BRDA:357,28,1,0
BRDA:359,29,0,0
BRDA:359,29,1,0
BRDA:361,30,0,0
BRDA:361,30,1,0
BRDA:446,31,0,0
BRDA:446,31,1,0
BRDA:457,32,0,0
BRDA:457,32,1,0
BRDA:457,33,0,0
BRDA:457,33,1,0
BRDA:459,34,0,0
BRDA:459,34,1,0
BRDA:459,34,2,0
BRDA:494,35,0,0
BRDA:494,35,1,0
BRDA:520,36,0,0
BRDA:520,36,1,0
BRDA:539,37,0,0
BRDA:539,37,1,0
BRDA:541,38,0,0
BRDA:541,38,1,0
BRDA:543,39,0,0
BRDA:543,39,1,0
BRDA:554,40,0,0
BRDA:554,40,1,0
BRDA:584,41,0,0
BRDA:584,41,1,0
BRDA:607,42,0,0
BRDA:607,42,1,0
BRDA:613,43,0,0
BRDA:613,43,1,0
BRDA:622,44,0,0
BRDA:622,44,1,0
BRDA:662,45,0,0
BRDA:662,45,1,0
BRDA:688,46,0,0
BRDA:688,46,1,0
BRF:101
BRH:0
end_of_record
TN:
SF:src\app\doctor\dashboard\page.tsx
FN:44,DoctorDashboard
FN:62,(anonymous_1)
FN:63,(anonymous_2)
FN:90,(anonymous_3)
FN:91,(anonymous_4)
FN:92,(anonymous_5)
FN:93,(anonymous_6)
FN:94,(anonymous_7)
FN:98,(anonymous_8)
FN:102,(anonymous_9)
FN:127,(anonymous_10)
FN:134,(anonymous_11)
FN:166,(anonymous_12)
FN:319,(anonymous_13)
FN:434,(anonymous_14)
FNF:15
FNH:0
FNDA:0,DoctorDashboard
FNDA:0,(anonymous_1)
FNDA:0,(anonymous_2)
FNDA:0,(anonymous_3)
FNDA:0,(anonymous_4)
FNDA:0,(anonymous_5)
FNDA:0,(anonymous_6)
FNDA:0,(anonymous_7)
FNDA:0,(anonymous_8)
FNDA:0,(anonymous_9)
FNDA:0,(anonymous_10)
FNDA:0,(anonymous_11)
FNDA:0,(anonymous_12)
FNDA:0,(anonymous_13)
FNDA:0,(anonymous_14)
DA:45,0
DA:46,0
DA:47,0
DA:48,0
DA:49,0
DA:50,0
DA:51,0
DA:62,0
DA:63,0
DA:64,0
DA:66,0
DA:67,0
DA:68,0
DA:71,0
DA:77,0
DA:78,0
DA:79,0
DA:81,0
DA:82,0
DA:83,0
DA:86,0
DA:87,0
DA:88,0
DA:90,0
DA:91,0
DA:92,0
DA:93,0
DA:94,0
DA:95,0
DA:98,0
DA:99,0
DA:102,0
DA:103,0
DA:106,0
DA:117,0
DA:118,0
DA:120,0
DA:124,0
DA:127,0
DA:128,0
DA:129,0
DA:130,0
DA:131,0
DA:134,0
DA:135,0
DA:142,0
DA:143,0
DA:150,0
DA:151,0
DA:154,0
DA:155,0
DA:166,0
DA:178,0
DA:320,0
DA:435,0
LF:55
LH:0
BRDA:64,0,0,0
BRDA:64,0,1,0
BRDA:95,1,0,0
BRDA:95,1,1,0
BRDA:118,2,0,0
BRDA:118,2,1,0
BRDA:129,3,0,0
BRDA:129,3,1,0
BRDA:130,4,0,0
BRDA:130,4,1,0
BRDA:142,5,0,0
BRDA:142,5,1,0
BRDA:142,6,0,0
BRDA:142,6,1,0
BRDA:150,7,0,0
BRDA:150,7,1,0
BRDA:154,8,0,0
BRDA:154,8,1,0
BRDA:317,9,0,0
BRDA:317,9,1,0
BRDA:344,10,0,0
BRDA:344,10,1,0
BRDA:432,11,0,0
BRDA:432,11,1,0
BRDA:441,12,0,0
BRDA:441,12,1,0
BRF:26
BRH:0
end_of_record
TN:
SF:src\app\doctor\medical-records\page.tsx
FN:3,MedicalRecordsPage
FNF:1
FNH:0
FNDA:0,MedicalRecordsPage
DA:6,0
LF:1
LH:0
BRF:0
BRH:0
end_of_record
TN:
SF:src\app\doctor\patients\page.tsx
FN:15,PatientsPage
FN:26,(anonymous_1)
FN:27,(anonymous_2)
FN:60,(anonymous_3)
FN:65,(anonymous_4)
FN:73,(anonymous_5)
FN:117,(anonymous_6)
FN:124,(anonymous_7)
FN:138,(anonymous_8)
FN:181,(anonymous_9)
FN:196,(anonymous_10)
FN:212,(anonymous_11)
FN:230,(anonymous_12)
FN:232,(anonymous_13)
FN:322,(anonymous_14)
FN:330,(anonymous_15)
FN:345,(anonymous_16)
FN:362,(anonymous_17)
FN:374,(anonymous_18)
FN:460,(anonymous_19)
FNF:20
FNH:0
FNDA:0,PatientsPage
FNDA:0,(anonymous_1)
FNDA:0,(anonymous_2)
FNDA:0,(anonymous_3)
FNDA:0,(anonymous_4)
FNDA:0,(anonymous_5)
FNDA:0,(anonymous_6)
FNDA:0,(anonymous_7)
FNDA:0,(anonymous_8)
FNDA:0,(anonymous_9)
FNDA:0,(anonymous_10)
FNDA:0,(anonymous_11)
FNDA:0,(anonymous_12)
FNDA:0,(anonymous_13)
FNDA:0,(anonymous_14)
FNDA:0,(anonymous_15)
FNDA:0,(anonymous_16)
FNDA:0,(anonymous_17)
FNDA:0,(anonymous_18)
FNDA:0,(anonymous_19)
DA:16,0
DA:17,0
DA:18,0
DA:19,0
DA:20,0
DA:21,0
DA:22,0
DA:23,0
DA:24,0
DA:26,0
DA:27,0
DA:28,0
DA:29,0
DA:30,0
DA:32,0
DA:33,0
DA:34,0
DA:35,0
DA:38,0
DA:39,0
DA:40,0
DA:41,0
DA:44,0
DA:45,0
DA:46,0
DA:48,0
DA:49,0
DA:50,0
DA:52,0
DA:56,0
DA:60,0
DA:61,0
DA:64,0
DA:65,0
DA:66,0
DA:73,0
DA:74,0
DA:75,0
DA:77,0
DA:79,0
DA:80,0
DA:81,0
DA:83,0
DA:84,0
DA:85,0
DA:87,0
DA:88,0
DA:89,0
DA:91,0
DA:92,0
DA:93,0
DA:95,0
DA:96,0
DA:97,0
DA:99,0
DA:100,0
DA:103,0
DA:104,0
DA:108,0
DA:114,0
DA:117,0
DA:118,0
DA:119,0
DA:120,0
DA:121,0
DA:124,0
DA:125,0
DA:126,0
DA:129,0
DA:130,0
DA:133,0
DA:134,0
DA:138,0
DA:146,0
DA:147,0
DA:148,0
DA:150,0
DA:182,0
DA:183,0
DA:196,0
DA:212,0
DA:231,0
DA:232,0
DA:322,0
DA:332,0
DA:333,0
DA:334,0
DA:335,0
DA:336,0
DA:337,0
DA:339,0
DA:342,0
DA:345,0
DA:362,0
DA:374,0
DA:460,0
LF:96
LH:0
BRDA:33,0,0,0
BRDA:33,0,1,0
BRDA:39,1,0,0
BRDA:39,1,1,0
BRDA:49,2,0,0
BRDA:49,2,1,0
BRDA:64,3,0,0
BRDA:64,3,1,0
BRDA:66,4,0,0
BRDA:66,4,1,0
BRDA:66,4,2,0
BRDA:68,5,0,0
BRDA:68,5,1,0
BRDA:77,6,0,0
BRDA:77,6,1,0
BRDA:77,6,2,0
BRDA:77,6,3,0
BRDA:77,6,4,0
BRDA:77,6,5,0
BRDA:79,7,0,0
BRDA:79,7,1,0
BRDA:80,8,0,0
BRDA:80,8,1,0
BRDA:83,9,0,0
BRDA:83,9,1,0
BRDA:84,10,0,0
BRDA:84,10,1,0
BRDA:87,11,0,0
BRDA:87,11,1,0
BRDA:88,12,0,0
BRDA:88,12,1,0
BRDA:91,13,0,0
BRDA:91,13,1,0
BRDA:92,14,0,0
BRDA:92,14,1,0
BRDA:95,15,0,0
BRDA:95,15,1,0
BRDA:96,16,0,0
BRDA:96,16,1,0
BRDA:99,17,0,0
BRDA:99,17,1,0
BRDA:100,18,0,0
BRDA:100,18,1,0
BRDA:103,19,0,0
BRDA:103,19,1,0
BRDA:103,20,0,0
BRDA:103,20,1,0
BRDA:104,21,0,0
BRDA:104,21,1,0
BRDA:108,22,0,0
BRDA:108,22,1,0
BRDA:129,23,0,0
BRDA:129,23,1,0
BRDA:133,24,0,0
BRDA:133,24,1,0
BRDA:212,25,0,0
BRDA:212,25,1,0
BRDA:215,26,0,0
BRDA:215,26,1,0
BRDA:253,27,0,0
BRDA:253,27,1,0
BRDA:254,28,0,0
BRDA:254,28,1,0
BRDA:258,29,0,0
BRDA:258,29,1,0
BRDA:270,30,0,0
BRDA:270,30,1,0
BRDA:274,31,0,0
BRDA:274,31,1,0
BRDA:274,31,2,0
BRDA:283,32,0,0
BRDA:283,32,1,0
BRDA:298,33,0,0
BRDA:298,33,1,0
BRDA:306,34,0,0
BRDA:306,34,1,0
BRDA:313,35,0,0
BRDA:313,35,1,0
BRDA:332,36,0,0
BRDA:332,36,1,0
BRDA:334,37,0,0
BRDA:334,37,1,0
BRDA:336,38,0,0
BRDA:336,38,1,0
BRDA:348,39,0,0
BRDA:348,39,1,0
BRDA:378,40,0,0
BRDA:378,40,1,0
BRDA:407,41,0,0
BRDA:407,41,1,0
BRDA:416,42,0,0
BRDA:416,42,1,0
BRDA:419,43,0,0
BRDA:419,43,1,0
BRDA:434,44,0,0
BRDA:434,44,1,0
BRDA:440,45,0,0
BRDA:440,45,1,0
BRDA:446,46,0,0
BRDA:446,46,1,0
BRF:100
BRH:0
end_of_record
TN:
SF:src\app\doctor\profile\page.tsx
FN:3,DoctorProfilePage
FNF:1
FNH:0
FNDA:0,DoctorProfilePage
DA:4,0
LF:1
LH:0
BRF:0
BRH:0
end_of_record
TN:
SF:src\app\doctor\schedule\page.tsx
FN:34,SchedulePage
FN:39,(anonymous_1)
FN:47,(anonymous_2)
FN:61,(anonymous_3)
FN:62,(anonymous_4)
FN:89,(anonymous_5)
FN:123,(anonymous_6)
FNF:7
FNH:0
FNDA:0,SchedulePage
FNDA:0,(anonymous_1)
FNDA:0,(anonymous_2)
FNDA:0,(anonymous_3)
FNDA:0,(anonymous_4)
FNDA:0,(anonymous_5)
FNDA:0,(anonymous_6)
DA:23,0
DA:35,0
DA:36,0
DA:37,0
DA:39,0
DA:40,0
DA:41,0
DA:42,0
DA:43,0
DA:47,0
DA:48,0
DA:49,0
DA:50,0
DA:51,0
DA:52,0
DA:54,0
DA:55,0
DA:57,0
DA:61,0
DA:62,0
DA:63,0
DA:66,0
DA:67,0
DA:77,0
DA:89,0
DA:124,0
LF:26
LH:0
BRDA:41,0,0,0
BRDA:41,0,1,0
BRDA:63,1,0,0
BRDA:63,1,1,0
BRDA:66,2,0,0
BRDA:66,2,1,0
BRDA:97,3,0,0
BRDA:97,3,1,0
BRDA:99,4,0,0
BRDA:99,4,1,0
BRDA:135,5,0,0
BRDA:135,5,1,0
BRF:12
BRH:0
end_of_record
TN:
SF:src\app\patient\layout.tsx
FN:7,PatientLayout
FNF:1
FNH:0
FNDA:0,PatientLayout
DA:12,0
DA:13,0
DA:15,0
DA:16,0
DA:26,0
DA:27,0
DA:28,0
DA:31,0
DA:32,0
DA:33,0
DA:36,0
DA:45,0
LF:12
LH:0
BRDA:15,0,0,0
BRDA:15,0,1,0
BRDA:26,1,0,0
BRDA:26,1,1,0
BRDA:31,2,0,0
BRDA:31,2,1,0
BRF:6
BRH:0
end_of_record
TN:
SF:src\app\patient\appointments\page.tsx
FN:40,AppointmentsPage
FN:54,(anonymous_1)
FN:55,(anonymous_2)
FN:79,(anonymous_3)
FN:104,(anonymous_4)
FN:112,(anonymous_5)
FN:117,(anonymous_6)
FN:130,(anonymous_7)
FN:133,(anonymous_8)
FN:136,(anonymous_9)
FN:139,(anonymous_10)
FN:146,(anonymous_11)
FN:154,(anonymous_12)
FN:198,(anonymous_13)
FN:205,(anonymous_14)
FN:210,(anonymous_15)
FN:211,(anonymous_16)
FN:214,(anonymous_17)
FN:281,(anonymous_18)
FN:296,(anonymous_19)
FN:317,(anonymous_20)
FN:338,(anonymous_21)
FN:352,(anonymous_22)
FN:383,(anonymous_23)
FN:414,(anonymous_24)
FN:435,(anonymous_25)
FN:445,(anonymous_26)
FN:465,(anonymous_27)
FN:473,(anonymous_28)
FN:488,(anonymous_29)
FN:504,(anonymous_30)
FN:528,AppointmentCard
FN:533,(anonymous_32)
FN:610,(anonymous_33)
FNF:34
FNH:0
FNDA:0,AppointmentsPage
FNDA:0,(anonymous_1)
FNDA:0,(anonymous_2)
FNDA:0,(anonymous_3)
FNDA:0,(anonymous_4)
FNDA:0,(anonymous_5)
FNDA:0,(anonymous_6)
FNDA:0,(anonymous_7)
FNDA:0,(anonymous_8)
FNDA:0,(anonymous_9)
FNDA:0,(anonymous_10)
FNDA:0,(anonymous_11)
FNDA:0,(anonymous_12)
FNDA:0,(anonymous_13)
FNDA:0,(anonymous_14)
FNDA:0,(anonymous_15)
FNDA:0,(anonymous_16)
FNDA:0,(anonymous_17)
FNDA:0,(anonymous_18)
FNDA:0,(anonymous_19)
FNDA:0,(anonymous_20)
FNDA:0,(anonymous_21)
FNDA:0,(anonymous_22)
FNDA:0,(anonymous_23)
FNDA:0,(anonymous_24)
FNDA:0,(anonymous_25)
FNDA:0,(anonymous_26)
FNDA:0,(anonymous_27)
FNDA:0,(anonymous_28)
FNDA:0,(anonymous_29)
FNDA:0,(anonymous_30)
FNDA:0,AppointmentCard
FNDA:0,(anonymous_32)
FNDA:0,(anonymous_33)
DA:41,0
DA:42,0
DA:43,0
DA:44,0
DA:45,0
DA:46,0
DA:47,0
DA:48,0
DA:49,0
DA:50,0
DA:51,0
DA:52,0
DA:54,0
DA:55,0
DA:56,0
DA:57,0
DA:58,0
DA:59,0
DA:60,0
DA:63,0
DA:64,0
DA:66,0
DA:67,0
DA:70,0
DA:72,0
DA:76,0
DA:79,0
DA:80,0
DA:81,0
DA:84,0
DA:85,0
DA:86,0
DA:87,0
DA:88,0
DA:91,0
DA:92,0
DA:93,0
DA:94,0
DA:95,0
DA:96,0
DA:100,0
DA:104,0
DA:105,0
DA:106,0
DA:107,0
DA:112,0
DA:113,0
DA:116,0
DA:117,0
DA:121,0
DA:122,0
DA:123,0
DA:124,0
DA:125,0
DA:126,0
DA:128,0
DA:130,0
DA:131,0
DA:133,0
DA:134,0
DA:136,0
DA:137,0
DA:139,0
DA:140,0
DA:145,0
DA:146,0
DA:147,0
DA:154,0
DA:155,0
DA:156,0
DA:158,0
DA:160,0
DA:161,0
DA:162,0
DA:164,0
DA:165,0
DA:166,0
DA:168,0
DA:169,0
DA:170,0
DA:172,0
DA:173,0
DA:174,0
DA:176,0
DA:177,0
DA:178,0
DA:180,0
DA:181,0
DA:184,0
DA:185,0
DA:189,0
DA:195,0
DA:198,0
DA:199,0
DA:200,0
DA:201,0
DA:202,0
DA:205,0
DA:206,0
DA:207,0
DA:210,0
DA:211,0
DA:212,0
DA:214,0
DA:215,0
DA:217,0
DA:220,0
DA:221,0
DA:224,0
DA:226,0
DA:282,0
DA:283,0
DA:297,0
DA:298,0
DA:318,0
DA:319,0
DA:338,0
DA:352,0
DA:383,0
DA:415,0
DA:416,0
DA:417,0
DA:418,0
DA:435,0
DA:446,0
DA:465,0
DA:475,0
DA:476,0
DA:477,0
DA:478,0
DA:479,0
DA:480,0
DA:482,0
DA:485,0
DA:488,0
DA:504,0
DA:529,0
DA:530,0
DA:531,0
DA:533,0
DA:534,0
DA:535,0
DA:536,0
DA:539,0
DA:610,0
LF:145
LH:0
BRDA:58,0,0,0
BRDA:58,0,1,0
BRDA:70,1,0,0
BRDA:70,1,1,0
BRDA:80,2,0,0
BRDA:80,2,1,0
BRDA:92,3,0,0
BRDA:92,3,1,0
BRDA:100,4,0,0
BRDA:100,4,1,0
BRDA:106,5,0,0
BRDA:106,5,1,0
BRDA:116,6,0,0
BRDA:116,6,1,0
BRDA:121,7,0,0
BRDA:121,7,1,0
BRDA:128,8,0,0
BRDA:128,8,1,0
BRDA:128,8,2,0
BRDA:128,8,3,0
BRDA:145,9,0,0
BRDA:145,9,1,0
BRDA:147,10,0,0
BRDA:147,10,1,0
BRDA:147,10,2,0
BRDA:148,11,0,0
BRDA:148,11,1,0
BRDA:149,12,0,0
BRDA:149,12,1,0
BRDA:158,13,0,0
BRDA:158,13,1,0
BRDA:158,13,2,0
BRDA:158,13,3,0
BRDA:158,13,4,0
BRDA:158,13,5,0
BRDA:164,14,0,0
BRDA:164,14,1,0
BRDA:165,15,0,0
BRDA:165,15,1,0
BRDA:168,16,0,0
BRDA:168,16,1,0
BRDA:169,17,0,0
BRDA:169,17,1,0
BRDA:172,18,0,0
BRDA:172,18,1,0
BRDA:173,19,0,0
BRDA:173,19,1,0
BRDA:176,20,0,0
BRDA:176,20,1,0
BRDA:177,21,0,0
BRDA:177,21,1,0
BRDA:184,22,0,0
BRDA:184,22,1,0
BRDA:184,23,0,0
BRDA:184,23,1,0
BRDA:185,24,0,0
BRDA:185,24,1,0
BRDA:189,25,0,0
BRDA:189,25,1,0
BRDA:212,26,0,0
BRDA:212,26,1,0
BRDA:215,27,0,0
BRDA:215,27,1,0
BRDA:215,27,2,0
BRDA:220,28,0,0
BRDA:220,28,1,0
BRDA:240,29,0,0
BRDA:240,29,1,0
BRDA:251,30,0,0
BRDA:251,30,1,0
BRDA:263,31,0,0
BRDA:263,31,1,0
BRDA:352,32,0,0
BRDA:352,32,1,0
BRDA:354,33,0,0
BRDA:354,33,1,0
BRDA:356,34,0,0
BRDA:356,34,1,0
BRDA:369,35,0,0
BRDA:369,35,1,0
BRDA:394,36,0,0
BRDA:394,36,1,0
BRDA:406,37,0,0
BRDA:406,37,1,0
BRDA:406,38,0,0
BRDA:406,38,1,0
BRDA:406,38,2,0
BRDA:411,39,0,0
BRDA:411,39,1,0
BRDA:411,39,2,0
BRDA:411,39,3,0
BRDA:450,40,0,0
BRDA:450,40,1,0
BRDA:450,40,2,0
BRDA:456,41,0,0
BRDA:456,41,1,0
BRDA:475,42,0,0
BRDA:475,42,1,0
BRDA:477,43,0,0
BRDA:477,43,1,0
BRDA:479,44,0,0
BRDA:479,44,1,0
BRDA:490,45,0,0
BRDA:490,45,1,0
BRDA:534,46,0,0
BRDA:534,46,1,0
BRDA:535,47,0,0
BRDA:535,47,1,0
BRDA:542,48,0,0
BRDA:542,48,1,0
BRDA:549,49,0,0
BRDA:549,49,1,0
BRDA:552,50,0,0
BRDA:552,50,1,0
BRDA:552,51,0,0
BRDA:552,51,1,0
BRDA:565,52,0,0
BRDA:565,52,1,0
BRDA:577,53,0,0
BRDA:577,53,1,0
BRDA:595,54,0,0
BRDA:595,54,1,0
BRDA:606,55,0,0
BRDA:606,55,1,0
BRDA:606,55,2,0
BRDA:619,56,0,0
BRDA:619,56,1,0
BRDA:619,56,2,0
BRF:128
BRH:0
end_of_record
TN:
SF:src\app\patient\appointments\new\page.tsx
FN:22,NewAppointmentPage
FN:33,(anonymous_1)
FN:34,(anonymous_2)
FN:54,(anonymous_3)
FN:56,(anonymous_4)
FN:64,(anonymous_5)
FN:92,(anonymous_6)
FN:97,(anonymous_7)
FN:109,(anonymous_8)
FN:118,(anonymous_9)
FN:124,(anonymous_10)
FNF:11
FNH:0
FNDA:0,NewAppointmentPage
FNDA:0,(anonymous_1)
FNDA:0,(anonymous_2)
FNDA:0,(anonymous_3)
FNDA:0,(anonymous_4)
FNDA:0,(anonymous_5)
FNDA:0,(anonymous_6)
FNDA:0,(anonymous_7)
FNDA:0,(anonymous_8)
FNDA:0,(anonymous_9)
FNDA:0,(anonymous_10)
DA:11,0
DA:23,0
DA:24,0
DA:25,0
DA:26,0
DA:27,0
DA:28,0
DA:29,0
DA:30,0
DA:31,0
DA:33,0
DA:34,0
DA:35,0
DA:36,0
DA:37,0
DA:41,0
DA:45,0
DA:46,0
DA:47,0
DA:48,0
DA:51,0
DA:54,0
DA:55,0
DA:56,0
DA:57,0
DA:60,0
DA:65,0
DA:66,0
DA:67,0
DA:68,0
DA:70,0
DA:71,0
DA:72,0
DA:74,0
DA:75,0
DA:77,0
DA:92,0
DA:98,0
DA:109,0
DA:118,0
DA:125,0
LF:41
LH:0
BRDA:46,0,0,0
BRDA:46,0,1,0
BRDA:57,1,0,0
BRDA:57,1,1,0
BRDA:75,2,0,0
BRDA:75,2,1,0
BRDA:118,3,0,0
BRDA:118,3,1,0
BRDA:142,4,0,0
BRDA:142,4,1,0
BRDA:145,5,0,0
BRDA:145,5,1,0
BRDA:146,6,0,0
BRDA:146,6,1,0
BRF:14
BRH:0
end_of_record
TN:
SF:src\app\patient\book_appointment\page.tsx
FN:31,BookAppointmentForm
FN:45,(anonymous_1)
FN:46,(anonymous_2)
FN:72,(anonymous_3)
FN:107,(anonymous_4)
FN:179,(anonymous_5)
FN:198,BookAppointmentPage
FNF:7
FNH:0
FNDA:0,BookAppointmentForm
FNDA:0,(anonymous_1)
FNDA:0,(anonymous_2)
FNDA:0,(anonymous_3)
FNDA:0,(anonymous_4)
FNDA:0,(anonymous_5)
FNDA:0,BookAppointmentPage
DA:32,0
DA:33,0
DA:34,0
DA:35,0
DA:36,0
DA:37,0
DA:38,0
DA:40,0
DA:41,0
DA:42,0
DA:43,0
DA:45,0
DA:46,0
DA:47,0
DA:48,0
DA:49,0
DA:50,0
DA:53,0
DA:54,0
DA:59,0
DA:60,0
DA:63,0
DA:65,0
DA:69,0
DA:72,0
DA:73,0
DA:74,0
DA:75,0
DA:77,0
DA:78,0
DA:79,0
DA:82,0
DA:84,0
DA:85,0
DA:86,0
DA:87,0
DA:88,0
DA:91,0
DA:92,0
DA:95,0
DA:103,0
DA:104,0
DA:107,0
DA:108,0
DA:112,0
DA:116,0
DA:117,0
DA:127,0
DA:179,0
DA:199,0
LF:50
LH:0
BRDA:47,0,0,0
BRDA:47,0,1,0
BRDA:47,1,0,0
BRDA:47,1,1,0
BRDA:63,2,0,0
BRDA:63,2,1,0
BRDA:77,3,0,0
BRDA:77,3,1,0
BRDA:77,4,0,0
BRDA:77,4,1,0
BRDA:77,4,2,0
BRDA:77,4,3,0
BRDA:85,5,0,0
BRDA:85,5,1,0
BRDA:112,6,0,0
BRDA:112,6,1,0
BRDA:116,7,0,0
BRDA:116,7,1,0
BRDA:131,8,0,0
BRDA:131,8,1,0
BRDA:137,9,0,0
BRDA:137,9,1,0
BRDA:143,10,0,0
BRDA:143,10,1,0
BRDA:143,10,2,0
BRDA:150,11,0,0
BRDA:150,11,1,0
BRDA:154,12,0,0
BRDA:154,12,1,0
BRDA:154,13,0,0
BRDA:154,13,1,0
BRF:31
BRH:0
end_of_record
TN:
SF:src\app\patient\dashboard\page.tsx
FN:34,PatientDashboard
FN:49,(anonymous_1)
FN:50,(anonymous_2)
FN:62,(anonymous_3)
FN:66,(anonymous_4)
FN:67,(anonymous_5)
FN:69,(anonymous_6)
FN:75,(anonymous_7)
FN:76,(anonymous_8)
FN:80,(anonymous_9)
FN:89,(anonymous_10)
FN:129,(anonymous_11)
FN:138,(anonymous_12)
FN:333,(anonymous_13)
FN:381,(anonymous_14)
FNF:15
FNH:0
FNDA:0,PatientDashboard
FNDA:0,(anonymous_1)
FNDA:0,(anonymous_2)
FNDA:0,(anonymous_3)
FNDA:0,(anonymous_4)
FNDA:0,(anonymous_5)
FNDA:0,(anonymous_6)
FNDA:0,(anonymous_7)
FNDA:0,(anonymous_8)
FNDA:0,(anonymous_9)
FNDA:0,(anonymous_10)
FNDA:0,(anonymous_11)
FNDA:0,(anonymous_12)
FNDA:0,(anonymous_13)
FNDA:0,(anonymous_14)
DA:35,0
DA:36,0
DA:37,0
DA:38,0
DA:49,0
DA:50,0
DA:51,0
DA:53,0
DA:54,0
DA:55,0
DA:56,0
DA:59,0
DA:60,0
DA:62,0
DA:63,0
DA:66,0
DA:67,0
DA:69,0
DA:70,0
DA:74,0
DA:75,0
DA:76,0
DA:77,0
DA:80,0
DA:81,0
DA:82,0
DA:83,0
DA:85,0
DA:88,0
DA:89,0
DA:92,0
DA:94,0
DA:105,0
DA:106,0
DA:110,0
DA:113,0
DA:114,0
DA:117,0
DA:118,0
DA:129,0
DA:138,0
DA:139,0
DA:142,0
DA:144,0
DA:334,0
DA:382,0
LF:46
LH:0
BRDA:51,0,0,0
BRDA:51,0,1,0
BRDA:63,1,0,0
BRDA:63,1,1,0
BRDA:63,1,2,0
BRDA:81,2,0,0
BRDA:81,2,1,0
BRDA:83,3,0,0
BRDA:83,3,1,0
BRDA:88,4,0,0
BRDA:88,4,1,0
BRDA:89,5,0,0
BRDA:89,5,1,0
BRDA:100,6,0,0
BRDA:100,6,1,0
BRDA:106,7,0,0
BRDA:106,7,1,0
BRDA:113,8,0,0
BRDA:113,8,1,0
BRDA:117,9,0,0
BRDA:117,9,1,0
BRDA:139,10,0,0
BRDA:139,10,1,0
BRDA:248,11,0,0
BRDA:248,11,1,0
BRDA:331,12,0,0
BRDA:331,12,1,0
BRDA:345,13,0,0
BRDA:345,13,1,0
BRDA:379,14,0,0
BRDA:379,14,1,0
BRDA:384,15,0,0
BRDA:384,15,1,0
BRF:33
BRH:0
end_of_record
TN:
SF:src\app\patient\doctors\page.tsx
FN:28,DoctorsPage
FN:39,(anonymous_1)
FN:40,(anonymous_2)
FN:57,(anonymous_3)
FN:62,(anonymous_4)
FN:71,(anonymous_5)
FN:77,(anonymous_6)
FN:121,(anonymous_7)
FN:128,(anonymous_8)
FN:137,(anonymous_9)
FN:155,(anonymous_10)
FN:196,(anonymous_11)
FN:212,(anonymous_12)
FN:218,(anonymous_13)
FN:233,(anonymous_14)
FN:250,(anonymous_15)
FN:282,(anonymous_16)
FN:293,(anonymous_17)
FN:309,(anonymous_18)
FN:317,(anonymous_19)
FN:332,(anonymous_20)
FN:348,(anonymous_21)
FN:366,DoctorCard
FNF:23
FNH:0
FNDA:0,DoctorsPage
FNDA:0,(anonymous_1)
FNDA:0,(anonymous_2)
FNDA:0,(anonymous_3)
FNDA:0,(anonymous_4)
FNDA:0,(anonymous_5)
FNDA:0,(anonymous_6)
FNDA:0,(anonymous_7)
FNDA:0,(anonymous_8)
FNDA:0,(anonymous_9)
FNDA:0,(anonymous_10)
FNDA:0,(anonymous_11)
FNDA:0,(anonymous_12)
FNDA:0,(anonymous_13)
FNDA:0,(anonymous_14)
FNDA:0,(anonymous_15)
FNDA:0,(anonymous_16)
FNDA:0,(anonymous_17)
FNDA:0,(anonymous_18)
FNDA:0,(anonymous_19)
FNDA:0,(anonymous_20)
FNDA:0,(anonymous_21)
FNDA:0,DoctorCard
DA:29,0
DA:30,0
DA:31,0
DA:32,0
DA:33,0
DA:34,0
DA:35,0
DA:36,0
DA:37,0
DA:39,0
DA:40,0
DA:41,0
DA:42,0
DA:43,0
DA:44,0
DA:45,0
DA:47,0
DA:49,0
DA:53,0
DA:57,0
DA:58,0
DA:61,0
DA:62,0
DA:63,0
DA:70,0
DA:71,0
DA:72,0
DA:77,0
DA:78,0
DA:79,0
DA:81,0
DA:83,0
DA:84,0
DA:85,0
DA:87,0
DA:88,0
DA:89,0
DA:91,0
DA:92,0
DA:93,0
DA:95,0
DA:96,0
DA:97,0
DA:99,0
DA:100,0
DA:101,0
DA:103,0
DA:104,0
DA:107,0
DA:108,0
DA:112,0
DA:118,0
DA:121,0
DA:122,0
DA:123,0
DA:124,0
DA:125,0
DA:128,0
DA:129,0
DA:130,0
DA:133,0
DA:134,0
DA:135,0
DA:137,0
DA:139,0
DA:140,0
DA:143,0
DA:144,0
DA:155,0
DA:164,0
DA:197,0
DA:198,0
DA:213,0
DA:214,0
DA:219,0
DA:233,0
DA:250,0
DA:283,0
DA:284,0
DA:294,0
DA:309,0
DA:319,0
DA:320,0
DA:321,0
DA:322,0
DA:323,0
DA:324,0
DA:326,0
DA:329,0
DA:332,0
DA:348,0
DA:367,0
LF:92
LH:0
BRDA:45,0,0,0
BRDA:45,0,1,0
BRDA:47,1,0,0
BRDA:47,1,1,0
BRDA:61,2,0,0
BRDA:61,2,1,0
BRDA:63,3,0,0
BRDA:63,3,1,0
BRDA:63,3,2,0
BRDA:64,4,0,0
BRDA:64,4,1,0
BRDA:65,5,0,0
BRDA:65,5,1,0
BRDA:70,6,0,0
BRDA:70,6,1,0
BRDA:81,7,0,0
BRDA:81,7,1,0
BRDA:81,7,2,0
BRDA:81,7,3,0
BRDA:81,7,4,0
BRDA:81,7,5,0
BRDA:83,8,0,0
BRDA:83,8,1,0
BRDA:84,9,0,0
BRDA:84,9,1,0
BRDA:87,10,0,0
BRDA:87,10,1,0
BRDA:88,11,0,0
BRDA:88,11,1,0
BRDA:91,12,0,0
BRDA:91,12,1,0
BRDA:92,13,0,0
BRDA:92,13,1,0
BRDA:95,14,0,0
BRDA:95,14,1,0
BRDA:96,15,0,0
BRDA:96,15,1,0
BRDA:99,16,0,0
BRDA:99,16,1,0
BRDA:100,17,0,0
BRDA:100,17,1,0
BRDA:103,18,0,0
BRDA:103,18,1,0
BRDA:104,19,0,0
BRDA:104,19,1,0
BRDA:107,20,0,0
BRDA:107,20,1,0
BRDA:107,21,0,0
BRDA:107,21,1,0
BRDA:108,22,0,0
BRDA:108,22,1,0
BRDA:112,23,0,0
BRDA:112,23,1,0
BRDA:139,24,0,0
BRDA:139,24,1,0
BRDA:143,25,0,0
BRDA:143,25,1,0
BRDA:250,26,0,0
BRDA:250,26,1,0
BRDA:253,27,0,0
BRDA:253,27,1,0
BRDA:266,28,0,0
BRDA:266,28,1,0
BRDA:300,29,0,0
BRDA:300,29,1,0
BRDA:319,30,0,0
BRDA:319,30,1,0
BRDA:321,31,0,0
BRDA:321,31,1,0
BRDA:323,32,0,0
BRDA:323,32,1,0
BRDA:334,33,0,0
BRDA:334,33,1,0
BRDA:373,34,0,0
BRDA:373,34,1,0
BRDA:398,35,0,0
BRDA:398,35,1,0
BRDA:403,36,0,0
BRDA:403,36,1,0
BRDA:411,37,0,0
BRDA:411,37,1,0
BRDA:419,38,0,0
BRDA:419,38,1,0
BRF:83
BRH:0
end_of_record
TN:
SF:src\app\patient\doctors\[id]\layout.tsx
FN:4,DoctorDetailLayout
FNF:1
FNH:0
FNDA:0,DoctorDetailLayout
DA:9,0
LF:1
LH:0
BRF:0
BRH:0
end_of_record
TN:
SF:src\app\patient\doctors\[id]\page.tsx
FN:59,DoctorDetailPage
FN:77,(anonymous_1)
FN:83,(anonymous_2)
FN:97,(anonymous_3)
FN:106,(anonymous_4)
FN:125,(anonymous_5)
FN:132,(anonymous_6)
FN:151,(anonymous_7)
FN:258,(anonymous_8)
FN:262,(anonymous_9)
FN:302,(anonymous_10)
FN:306,(anonymous_11)
FNF:12
FNH:0
FNDA:0,DoctorDetailPage
FNDA:0,(anonymous_1)
FNDA:0,(anonymous_2)
FNDA:0,(anonymous_3)
FNDA:0,(anonymous_4)
FNDA:0,(anonymous_5)
FNDA:0,(anonymous_6)
FNDA:0,(anonymous_7)
FNDA:0,(anonymous_8)
FNDA:0,(anonymous_9)
FNDA:0,(anonymous_10)
FNDA:0,(anonymous_11)
DA:60,0
DA:61,0
DA:62,0
DA:65,0
DA:67,0
DA:68,0
DA:69,0
DA:70,0
DA:71,0
DA:72,0
DA:73,0
DA:74,0
DA:77,0
DA:78,0
DA:79,0
DA:83,0
DA:84,0
DA:85,0
DA:86,0
DA:87,0
DA:88,0
DA:90,0
DA:91,0
DA:92,0
DA:93,0
DA:96,0
DA:97,0
DA:98,0
DA:99,0
DA:100,0
DA:102,0
DA:103,0
DA:104,0
DA:106,0
DA:107,0
DA:108,0
DA:109,0
DA:110,0
DA:111,0
DA:112,0
DA:113,0
DA:115,0
DA:116,0
DA:117,0
DA:118,0
DA:121,0
DA:125,0
DA:126,0
DA:127,0
DA:128,0
DA:129,0
DA:130,0
DA:132,0
DA:133,0
DA:134,0
DA:135,0
DA:136,0
DA:137,0
DA:140,0
DA:141,0
DA:142,0
DA:144,0
DA:147,0
DA:151,0
DA:152,0
DA:153,0
DA:155,0
DA:156,0
DA:157,0
DA:158,0
DA:161,0
DA:162,0
DA:163,0
DA:166,0
DA:169,0
DA:258,0
DA:263,0
DA:303,0
DA:306,0
LF:79
LH:0
BRDA:79,0,0,0
BRDA:79,0,1,0
BRDA:86,1,0,0
BRDA:86,1,1,0
BRDA:91,2,0,0
BRDA:91,2,1,0
BRDA:116,3,0,0
BRDA:116,3,1,0
BRDA:128,4,0,0
BRDA:128,4,1,0
BRDA:128,5,0,0
BRDA:128,5,1,0
BRDA:130,6,0,0
BRDA:130,6,1,0
BRDA:141,7,0,0
BRDA:141,7,1,0
BRDA:155,8,0,0
BRDA:155,8,1,0
BRDA:161,9,0,0
BRDA:161,9,1,0
BRDA:174,10,0,0
BRDA:174,10,1,0
BRDA:178,11,0,0
BRDA:178,11,1,0
BRDA:192,12,0,0
BRDA:192,12,1,0
BRDA:192,12,2,0
BRDA:195,13,0,0
BRDA:195,13,1,0
BRDA:198,14,0,0
BRDA:198,14,1,0
BRDA:201,15,0,0
BRDA:201,15,1,0
BRDA:204,16,0,0
BRDA:204,16,1,0
BRDA:212,17,0,0
BRDA:212,17,1,0
BRDA:219,18,0,0
BRDA:219,18,1,0
BRDA:230,19,0,0
BRDA:230,19,1,0
BRDA:239,20,0,0
BRDA:239,20,1,0
BRDA:239,20,2,0
BRDA:239,20,3,0
BRDA:246,21,0,0
BRDA:246,21,1,0
BRDA:246,21,2,0
BRDA:246,21,3,0
BRDA:276,22,0,0
BRDA:276,22,1,0
BRDA:283,23,0,0
BRDA:283,23,1,0
BRDA:289,24,0,0
BRDA:289,24,1,0
BRDA:298,25,0,0
BRDA:298,25,1,0
BRDA:300,26,0,0
BRDA:300,26,1,0
BRDA:310,27,0,0
BRDA:310,27,1,0
BRF:61
BRH:0
end_of_record
TN:
SF:src\app\patient\profile\page.tsx
FN:3,PatientProfilePage
FNF:1
FNH:0
FNDA:0,PatientProfilePage
DA:4,0
LF:1
LH:0
BRF:0
BRH:0
end_of_record
TN:
SF:src\app\patient\schedule\page.tsx
FN:11,PatientSchedulePage
FN:20,(anonymous_1)
FN:21,(anonymous_2)
FN:32,(anonymous_3)
FN:60,(anonymous_4)
FN:65,(anonymous_5)
FN:77,(anonymous_6)
FN:95,(anonymous_7)
FNF:8
FNH:0
FNDA:0,PatientSchedulePage
FNDA:0,(anonymous_1)
FNDA:0,(anonymous_2)
FNDA:0,(anonymous_3)
FNDA:0,(anonymous_4)
FNDA:0,(anonymous_5)
FNDA:0,(anonymous_6)
FNDA:0,(anonymous_7)
DA:12,0
DA:13,0
DA:14,0
DA:16,0
DA:17,0
DA:18,0
DA:20,0
DA:21,0
DA:22,0
DA:23,0
DA:24,0
DA:26,0
DA:29,0
DA:32,0
DA:33,0
DA:34,0
DA:35,0
DA:37,0
DA:38,0
DA:39,0
DA:40,0
DA:41,0
DA:42,0
DA:43,0
DA:45,0
DA:46,0
DA:48,0
DA:51,0
DA:60,0
DA:66,0
DA:77,0
DA:96,0
LF:32
LH:0
BRDA:33,0,0,0
BRDA:33,0,1,0
BRDA:33,1,0,0
BRDA:33,1,1,0
BRDA:46,2,0,0
BRDA:46,2,1,0
BRDA:87,3,0,0
BRDA:87,3,1,0
BRDA:90,4,0,0
BRDA:90,4,1,0
BRDA:91,5,0,0
BRDA:91,5,1,0
BRDA:100,6,0,0
BRDA:100,6,1,0
BRF:14
BRH:0
end_of_record
TN:
SF:src\app\patient\specialties\page.tsx
FN:18,SpecialtiesPage
FN:28,(anonymous_1)
FN:29,(anonymous_2)
FN:47,(anonymous_3)
FN:52,(anonymous_4)
FN:59,(anonymous_5)
FN:85,(anonymous_6)
FN:92,(anonymous_7)
FN:117,(anonymous_8)
FN:158,(anonymous_9)
FN:166,(anonymous_10)
FN:186,(anonymous_11)
FN:200,(anonymous_12)
FN:243,(anonymous_13)
FN:252,(anonymous_14)
FN:268,(anonymous_15)
FN:276,(anonymous_16)
FN:291,(anonymous_17)
FN:307,(anonymous_18)
FN:325,SpecialtyCard
FNF:20
FNH:0
FNDA:0,SpecialtiesPage
FNDA:0,(anonymous_1)
FNDA:0,(anonymous_2)
FNDA:0,(anonymous_3)
FNDA:0,(anonymous_4)
FNDA:0,(anonymous_5)
FNDA:0,(anonymous_6)
FNDA:0,(anonymous_7)
FNDA:0,(anonymous_8)
FNDA:0,(anonymous_9)
FNDA:0,(anonymous_10)
FNDA:0,(anonymous_11)
FNDA:0,(anonymous_12)
FNDA:0,(anonymous_13)
FNDA:0,(anonymous_14)
FNDA:0,(anonymous_15)
FNDA:0,(anonymous_16)
FNDA:0,(anonymous_17)
FNDA:0,(anonymous_18)
FNDA:0,SpecialtyCard
DA:19,0
DA:20,0
DA:21,0
DA:22,0
DA:23,0
DA:24,0
DA:25,0
DA:26,0
DA:28,0
DA:29,0
DA:30,0
DA:31,0
DA:32,0
DA:33,0
DA:34,0
DA:36,0
DA:37,0
DA:39,0
DA:43,0
DA:47,0
DA:48,0
DA:51,0
DA:52,0
DA:53,0
DA:59,0
DA:60,0
DA:61,0
DA:63,0
DA:65,0
DA:66,0
DA:67,0
DA:69,0
DA:70,0
DA:71,0
DA:73,0
DA:74,0
DA:77,0
DA:82,0
DA:85,0
DA:86,0
DA:87,0
DA:88,0
DA:89,0
DA:92,0
DA:93,0
DA:94,0
DA:97,0
DA:98,0
DA:99,0
DA:101,0
DA:102,0
DA:105,0
DA:106,0
DA:117,0
DA:126,0
DA:159,0
DA:160,0
DA:167,0
DA:168,0
DA:186,0
DA:200,0
DA:243,0
DA:253,0
DA:268,0
DA:278,0
DA:279,0
DA:280,0
DA:281,0
DA:282,0
DA:283,0
DA:285,0
DA:288,0
DA:291,0
DA:307,0
DA:326,0
LF:75
LH:0
BRDA:37,0,0,0
BRDA:37,0,1,0
BRDA:51,1,0,0
BRDA:51,1,1,0
BRDA:53,2,0,0
BRDA:53,2,1,0
BRDA:54,3,0,0
BRDA:54,3,1,0
BRDA:63,4,0,0
BRDA:63,4,1,0
BRDA:63,4,2,0
BRDA:65,5,0,0
BRDA:65,5,1,0
BRDA:66,6,0,0
BRDA:66,6,1,0
BRDA:69,7,0,0
BRDA:69,7,1,0
BRDA:70,8,0,0
BRDA:70,8,1,0
BRDA:73,9,0,0
BRDA:73,9,1,0
BRDA:74,10,0,0
BRDA:74,10,1,0
BRDA:77,11,0,0
BRDA:77,11,1,0
BRDA:101,12,0,0
BRDA:101,12,1,0
BRDA:105,13,0,0
BRDA:105,13,1,0
BRDA:163,14,0,0
BRDA:163,14,1,0
BRDA:200,15,0,0
BRDA:200,15,1,0
BRDA:203,16,0,0
BRDA:203,16,1,0
BRDA:216,17,0,0
BRDA:216,17,1,0
BRDA:220,18,0,0
BRDA:220,18,1,0
BRDA:226,19,0,0
BRDA:226,19,1,0
BRDA:235,20,0,0
BRDA:235,20,1,0
BRDA:238,21,0,0
BRDA:238,21,1,0
BRDA:240,22,0,0
BRDA:240,22,1,0
BRDA:259,23,0,0
BRDA:259,23,1,0
BRDA:278,24,0,0
BRDA:278,24,1,0
BRDA:280,25,0,0
BRDA:280,25,1,0
BRDA:282,26,0,0
BRDA:282,26,1,0
BRDA:293,27,0,0
BRDA:293,27,1,0
BRF:57
BRH:0
end_of_record
TN:
SF:src\app\patient\specialties\[id]\SpecialtyDetailClient.tsx
FN:30,SpecialtyDetailClient
FN:36,(anonymous_1)
FN:39,(anonymous_2)
FN:89,(anonymous_3)
FN:113,(anonymous_4)
FN:160,(anonymous_5)
FN:181,(anonymous_6)
FN:194,(anonymous_7)
FNF:8
FNH:0
FNDA:0,SpecialtyDetailClient
FNDA:0,(anonymous_1)
FNDA:0,(anonymous_2)
FNDA:0,(anonymous_3)
FNDA:0,(anonymous_4)
FNDA:0,(anonymous_5)
FNDA:0,(anonymous_6)
FNDA:0,(anonymous_7)
DA:31,0
DA:32,0
DA:33,0
DA:34,0
DA:36,0
DA:37,0
DA:39,0
DA:40,0
DA:42,0
DA:43,0
DA:44,0
DA:47,0
DA:48,0
DA:52,0
DA:53,0
DA:54,0
DA:57,0
DA:58,0
DA:62,0
DA:63,0
DA:64,0
DA:65,0
DA:68,0
DA:69,0
DA:70,0
DA:75,0
DA:76,0
DA:77,0
DA:78,0
DA:81,0
DA:82,0
DA:87,0
DA:89,0
DA:90,0
DA:94,0
DA:95,0
DA:105,0
DA:106,0
DA:113,0
DA:130,0
DA:131,0
DA:146,0
DA:161,0
DA:162,0
DA:182,0
DA:195,0
DA:196,0
LF:47
LH:0
BRDA:40,0,0,0
BRDA:40,0,1,0
BRDA:47,1,0,0
BRDA:47,1,1,0
BRDA:47,2,0,0
BRDA:47,2,1,0
BRDA:53,3,0,0
BRDA:53,3,1,0
BRDA:57,4,0,0
BRDA:57,4,1,0
BRDA:64,5,0,0
BRDA:64,5,1,0
BRDA:65,6,0,0
BRDA:65,6,1,0
BRDA:69,7,0,0
BRDA:69,7,1,0
BRDA:76,8,0,0
BRDA:76,8,1,0
BRDA:77,9,0,0
BRDA:77,9,1,0
BRDA:81,10,0,0
BRDA:81,10,1,0
BRDA:94,11,0,0
BRDA:94,11,1,0
BRDA:105,12,0,0
BRDA:105,12,1,0
BRDA:130,13,0,0
BRDA:130,13,1,0
BRDA:154,14,0,0
BRDA:154,14,1,0
BRDA:155,15,0,0
BRDA:155,15,1,0
BRDA:169,16,0,0
BRDA:169,16,1,0
BRDA:179,17,0,0
BRDA:179,17,1,0
BRDA:189,18,0,0
BRDA:189,18,1,0
BRDA:190,19,0,0
BRDA:190,19,1,0
BRDA:190,20,0,0
BRDA:190,20,1,0
BRDA:190,21,0,0
BRDA:190,21,1,0
BRDA:205,22,0,0
BRDA:205,22,1,0
BRF:46
BRH:0
end_of_record
TN:
SF:src\app\patient\specialties\[id]\SpecialtyDetailFallback.tsx
FN:12,SpecialtyDetailFallback
FN:31,(anonymous_1)
FNF:2
FNH:0
FNDA:0,SpecialtyDetailFallback
FNDA:0,(anonymous_1)
DA:13,0
DA:31,0
LF:2
LH:0
BRDA:25,0,0,0
BRDA:25,0,1,0
BRF:2
BRH:0
end_of_record
TN:
SF:src\app\patient\specialties\[id]\page-client.tsx
FN:28,SpecialtyDetailContent
FN:37,(anonymous_1)
FN:38,(anonymous_2)
FN:95,(anonymous_3)
FN:140,(anonymous_4)
FN:160,(anonymous_5)
FN:172,(anonymous_6)
FN:206,SpecialtyDetailPage
FNF:8
FNH:0
FNDA:0,SpecialtyDetailContent
FNDA:0,(anonymous_1)
FNDA:0,(anonymous_2)
FNDA:0,(anonymous_3)
FNDA:0,(anonymous_4)
FNDA:0,(anonymous_5)
FNDA:0,(anonymous_6)
FNDA:0,SpecialtyDetailPage
DA:29,0
DA:30,0
DA:31,0
DA:32,0
DA:34,0
DA:35,0
DA:37,0
DA:38,0
DA:39,0
DA:40,0
DA:41,0
DA:44,0
DA:45,0
DA:48,0
DA:50,0
DA:55,0
DA:56,0
DA:58,0
DA:59,0
DA:62,0
DA:63,0
DA:65,0
DA:66,0
DA:67,0
DA:69,0
DA:73,0
DA:76,0
DA:77,0
DA:87,0
DA:88,0
DA:95,0
DA:112,0
DA:113,0
DA:128,0
DA:141,0
DA:142,0
DA:161,0
DA:173,0
DA:174,0
DA:207,0
LF:40
LH:0
BRDA:44,0,0,0
BRDA:44,0,1,0
BRDA:44,1,0,0
BRDA:44,1,1,0
BRDA:58,2,0,0
BRDA:58,2,1,0
BRDA:66,3,0,0
BRDA:66,3,1,0
BRDA:76,4,0,0
BRDA:76,4,1,0
BRDA:87,5,0,0
BRDA:87,5,1,0
BRDA:112,6,0,0
BRDA:112,6,1,0
BRDA:158,7,0,0
BRDA:158,7,1,0
BRDA:183,8,0,0
BRDA:183,8,1,0
BRF:18
BRH:0
end_of_record
TN:
SF:src\app\patient\specialties\[id]\page.tsx
FN:12,SpecialtyDetailPage
FNF:1
FNH:0
FNDA:0,SpecialtyDetailPage
DA:14,0
DA:17,0
DA:18,0
DA:19,0
DA:35,0
LF:5
LH:0
BRDA:18,0,0,0
BRDA:18,0,1,0
BRDA:18,1,0,0
BRDA:18,1,1,0
BRDA:18,1,2,0
BRF:5
BRH:0
end_of_record
TN:
SF:src\components\ErrorBoundary.tsx
FN:17,(anonymous_0)
FN:22,(anonymous_1)
FN:26,(anonymous_2)
FN:40,(anonymous_3)
FN:47,(anonymous_4)
FN:71,(anonymous_5)
FNF:6
FNH:0
FNDA:0,(anonymous_0)
FNDA:0,(anonymous_1)
FNDA:0,(anonymous_2)
FNDA:0,(anonymous_3)
FNDA:0,(anonymous_4)
FNDA:0,(anonymous_5)
DA:18,0
DA:19,0
DA:23,0
DA:27,0
DA:30,0
DA:32,0
DA:41,0
DA:42,0
DA:43,0
DA:44,0
DA:47,0
DA:52,0
DA:71,0
DA:100,0
LF:14
LH:0
BRDA:30,0,0,0
BRDA:30,0,1,0
BRDA:41,1,0,0
BRDA:41,1,1,0
BRDA:42,2,0,0
BRDA:42,2,1,0
BRDA:85,3,0,0
BRDA:85,3,1,0
BRDA:85,3,2,0
BRF:9
BRH:0
end_of_record
TN:
SF:src\components\Header.tsx
FN:3,Header
FNF:1
FNH:0
FNDA:0,Header
DA:4,0
DA:6,0
LF:2
LH:0
BRF:0
BRH:0
end_of_record
TN:
SF:src\components\Navbar.tsx
FN:23,Navbar
FN:28,(anonymous_1)
FN:33,(anonymous_2)
FN:45,(anonymous_3)
FN:49,(anonymous_4)
FN:70,(anonymous_5)
FN:137,(anonymous_6)
FN:162,(anonymous_7)
FN:184,(anonymous_8)
FN:233,(anonymous_9)
FN:285,(anonymous_10)
FN:295,(anonymous_11)
FNF:12
FNH:0
FNDA:0,Navbar
FNDA:0,(anonymous_1)
FNDA:0,(anonymous_2)
FNDA:0,(anonymous_3)
FNDA:0,(anonymous_4)
FNDA:0,(anonymous_5)
FNDA:0,(anonymous_6)
FNDA:0,(anonymous_7)
FNDA:0,(anonymous_8)
FNDA:0,(anonymous_9)
FNDA:0,(anonymous_10)
FNDA:0,(anonymous_11)
DA:24,0
DA:25,0
DA:26,0
DA:28,0
DA:29,0
DA:30,0
DA:33,0
DA:34,0
DA:42,0
DA:45,0
DA:46,0
DA:49,0
DA:50,0
DA:67,0
DA:70,0
DA:71,0
DA:114,0
DA:117,0
DA:138,0
DA:163,0
DA:184,0
DA:233,0
DA:286,0
DA:295,0
LF:24
LH:0
BRDA:42,0,0,0
BRDA:42,0,1,0
BRDA:46,1,0,0
BRDA:46,1,1,0
BRDA:67,2,0,0
BRDA:67,2,1,0
BRDA:114,3,0,0
BRDA:114,3,1,0
BRDA:143,4,0,0
BRDA:143,4,1,0
BRDA:151,5,0,0
BRDA:151,5,1,0
BRDA:168,6,0,0
BRDA:168,6,1,0
BRDA:175,7,0,0
BRDA:175,7,1,0
BRDA:182,8,0,0
BRDA:182,8,1,0
BRDA:212,9,0,0
BRDA:212,9,1,0
BRDA:212,10,0,0
BRDA:212,10,1,0
BRDA:242,11,0,0
BRDA:242,11,1,0
BRDA:263,12,0,0
BRDA:263,12,1,0
BRDA:269,13,0,0
BRDA:269,13,1,0
BRDA:269,14,0,0
BRDA:269,14,1,0
BRDA:291,15,0,0
BRDA:291,15,1,0
BRDA:299,16,0,0
BRDA:299,16,1,0
BRF:34
BRH:0
end_of_record
TN:
SF:src\components\Profile.tsx
FN:34,Profile
FN:55,(anonymous_1)
FN:59,(anonymous_2)
FN:79,(anonymous_3)
FN:81,(anonymous_4)
FN:87,(anonymous_5)
FN:88,(anonymous_6)
FN:94,(anonymous_7)
FN:100,(anonymous_8)
FN:115,(anonymous_9)
FN:121,(anonymous_10)
FN:126,(anonymous_11)
FN:131,(anonymous_12)
FN:141,(anonymous_13)
FN:149,(anonymous_14)
FN:167,(anonymous_15)
FN:194,(anonymous_16)
FN:202,(anonymous_17)
FN:227,(anonymous_18)
FN:239,(anonymous_19)
FN:298,(anonymous_20)
FN:323,(anonymous_21)
FN:355,(anonymous_22)
FN:355,(anonymous_23)
FN:475,(anonymous_24)
FN:486,(anonymous_25)
FN:497,(anonymous_26)
FN:848,(anonymous_27)
FN:856,(anonymous_28)
FNF:29
FNH:0
FNDA:0,Profile
FNDA:0,(anonymous_1)
FNDA:0,(anonymous_2)
FNDA:0,(anonymous_3)
FNDA:0,(anonymous_4)
FNDA:0,(anonymous_5)
FNDA:0,(anonymous_6)
FNDA:0,(anonymous_7)
FNDA:0,(anonymous_8)
FNDA:0,(anonymous_9)
FNDA:0,(anonymous_10)
FNDA:0,(anonymous_11)
FNDA:0,(anonymous_12)
FNDA:0,(anonymous_13)
FNDA:0,(anonymous_14)
FNDA:0,(anonymous_15)
FNDA:0,(anonymous_16)
FNDA:0,(anonymous_17)
FNDA:0,(anonymous_18)
FNDA:0,(anonymous_19)
FNDA:0,(anonymous_20)
FNDA:0,(anonymous_21)
FNDA:0,(anonymous_22)
FNDA:0,(anonymous_23)
FNDA:0,(anonymous_24)
FNDA:0,(anonymous_25)
FNDA:0,(anonymous_26)
FNDA:0,(anonymous_27)
FNDA:0,(anonymous_28)
DA:35,0
DA:36,0
DA:37,0
DA:38,0
DA:39,0
DA:40,0
DA:41,0
DA:48,0
DA:49,0
DA:50,0
DA:51,0
DA:52,0
DA:53,0
DA:55,0
DA:56,0
DA:59,0
DA:60,0
DA:61,0
DA:62,0
DA:63,0
DA:64,0
DA:65,0
DA:73,0
DA:75,0
DA:79,0
DA:80,0
DA:81,0
DA:87,0
DA:88,0
DA:94,0
DA:95,0
DA:96,0
DA:100,0
DA:102,0
DA:103,0
DA:104,0
DA:108,0
DA:109,0
DA:110,0
DA:113,0
DA:114,0
DA:115,0
DA:116,0
DA:118,0
DA:121,0
DA:122,0
DA:123,0
DA:126,0
DA:127,0
DA:128,0
DA:131,0
DA:132,0
DA:133,0
DA:135,0
DA:136,0
DA:137,0
DA:141,0
DA:142,0
DA:143,0
DA:144,0
DA:145,0
DA:146,0
DA:149,0
DA:150,0
DA:151,0
DA:152,0
DA:153,0
DA:154,0
DA:156,0
DA:157,0
DA:167,0
DA:168,0
DA:169,0
DA:170,0
DA:171,0
DA:172,0
DA:175,0
DA:176,0
DA:177,0
DA:178,0
DA:182,0
DA:183,0
DA:186,0
DA:187,0
DA:188,0
DA:189,0
DA:190,0
DA:191,0
DA:194,0
DA:196,0
DA:197,0
DA:198,0
DA:202,0
DA:203,0
DA:205,0
DA:211,0
DA:217,0
DA:223,0
DA:227,0
DA:228,0
DA:230,0
DA:239,0
DA:240,0
DA:243,0
DA:244,0
DA:247,0
DA:249,0
DA:298,0
DA:323,0
DA:355,0
DA:475,0
DA:486,0
DA:497,0
DA:848,0
DA:856,0
LF:115
LH:0
BRDA:68,0,0,0
BRDA:68,0,1,0
BRDA:69,1,0,0
BRDA:69,1,1,0
BRDA:70,2,0,0
BRDA:70,2,1,0
BRDA:95,3,0,0
BRDA:95,3,1,0
BRDA:95,4,0,0
BRDA:95,4,1,0
BRDA:102,5,0,0
BRDA:102,5,1,0
BRDA:108,6,0,0
BRDA:108,6,1,0
BRDA:136,7,0,0
BRDA:136,7,1,0
BRDA:136,8,0,0
BRDA:136,8,1,0
BRDA:156,9,0,0
BRDA:156,9,1,0
BRDA:160,10,0,0
BRDA:160,10,1,0
BRDA:161,11,0,0
BRDA:161,11,1,0
BRDA:162,12,0,0
BRDA:162,12,1,0
BRDA:175,13,0,0
BRDA:175,13,1,0
BRDA:197,14,0,0
BRDA:197,14,1,0
BRDA:203,15,0,0
BRDA:203,15,1,0
BRDA:203,15,2,0
BRDA:203,15,3,0
BRDA:228,16,0,0
BRDA:228,16,1,0
BRDA:239,17,0,0
BRDA:239,17,1,0
BRDA:243,18,0,0
BRDA:243,18,1,0
BRDA:277,19,0,0
BRDA:277,19,1,0
BRDA:284,20,0,0
BRDA:284,20,1,0
BRDA:309,21,0,0
BRDA:309,21,1,0
BRDA:350,22,0,0
BRDA:350,22,1,0
BRDA:352,23,0,0
BRDA:352,23,1,0
BRDA:353,24,0,0
BRDA:353,24,1,0
BRDA:354,25,0,0
BRDA:354,25,1,0
BRDA:355,26,0,0
BRDA:355,26,1,0
BRDA:359,27,0,0
BRDA:359,27,1,0
BRDA:360,28,0,0
BRDA:360,28,1,0
BRDA:363,29,0,0
BRDA:363,29,1,0
BRDA:363,30,0,0
BRDA:363,30,1,0
BRDA:363,31,0,0
BRDA:363,31,1,0
BRDA:369,32,0,0
BRDA:369,32,1,0
BRDA:397,33,0,0
BRDA:397,33,1,0
BRDA:397,33,2,0
BRDA:420,34,0,0
BRDA:420,34,1,0
BRDA:431,35,0,0
BRDA:431,35,1,0
BRDA:450,36,0,0
BRDA:450,36,1,0
BRDA:472,37,0,0
BRDA:472,37,1,0
BRDA:478,38,0,0
BRDA:478,38,1,0
BRDA:489,39,0,0
BRDA:489,39,1,0
BRDA:500,40,0,0
BRDA:500,40,1,0
BRDA:512,41,0,0
BRDA:512,41,1,0
BRDA:548,42,0,0
BRDA:548,42,1,0
BRDA:606,43,0,0
BRDA:606,43,1,0
BRDA:620,44,0,0
BRDA:620,44,1,0
BRDA:628,45,0,0
BRDA:628,45,1,0
BRDA:653,46,0,0
BRDA:653,46,1,0
BRDA:655,47,0,0
BRDA:655,47,1,0
BRDA:655,48,0,0
BRDA:655,48,1,0
BRDA:674,49,0,0
BRDA:674,49,1,0
BRDA:691,50,0,0
BRDA:691,50,1,0
BRDA:697,51,0,0
BRDA:697,51,1,0
BRDA:720,52,0,0
BRDA:720,52,1,0
BRDA:729,53,0,0
BRDA:729,53,1,0
BRDA:731,54,0,0
BRDA:731,54,1,0
BRDA:741,55,0,0
BRDA:741,55,1,0
BRDA:754,56,0,0
BRDA:754,56,1,0
BRDA:761,57,0,0
BRDA:761,57,1,0
BRDA:782,58,0,0
BRDA:782,58,1,0
BRDA:795,59,0,0
BRDA:795,59,1,0
BRDA:805,60,0,0
BRDA:805,60,1,0
BRDA:822,61,0,0
BRDA:822,61,1,0
BRDA:847,62,0,0
BRDA:847,62,1,0
BRDA:847,62,2,0
BRDA:851,63,0,0
BRDA:851,63,1,0
BRF:132
BRH:0
end_of_record
TN:
SF:src\components\Sidebar.tsx
FN:14,Sidebar
FN:23,(anonymous_1)
FNF:2
FNH:0
FNDA:0,Sidebar
FNDA:0,(anonymous_1)
DA:15,0
DA:17,0
DA:24,0
LF:3
LH:0
BRDA:27,0,0,0
BRDA:27,0,1,0
BRF:2
BRH:0
end_of_record
TN:
SF:src\components\ui\BackButton.tsx
FN:9,BackButton
FN:12,(anonymous_1)
FNF:2
FNH:0
FNDA:0,BackButton
FNDA:0,(anonymous_1)
DA:10,0
DA:12,0
DA:13,0
DA:14,0
DA:17,0
LF:5
LH:0
BRDA:9,0,0,0
BRF:1
BRH:0
end_of_record
TN:
SF:src\components\ui\badge.tsx
FN:25,Badge
FN:51,StatusBadge
FN:52,(anonymous_2)
FN:64,(anonymous_3)
FNF:4
FNH:0
FNDA:0,Badge
FNDA:0,StatusBadge
FNDA:0,(anonymous_2)
FNDA:0,(anonymous_3)
DA:10,0
DA:19,0
DA:32,0
DA:52,0
DA:53,0
DA:61,0
DA:64,0
DA:65,0
DA:73,0
DA:76,0
LF:10
LH:0
BRDA:26,0,0,0
BRDA:27,1,0,0
BRDA:61,2,0,0
BRDA:61,2,1,0
BRDA:73,3,0,0
BRDA:73,3,1,0
BRF:6
BRH:0
end_of_record
TN:
SF:src\components\ui\button.tsx
FN:29,Button
FNF:1
FNH:0
FNDA:0,Button
DA:13,0
DA:23,0
DA:40,0
DA:42,0
LF:4
LH:0
BRDA:30,0,0,0
BRDA:31,1,0,0
BRDA:32,2,0,0
BRDA:34,3,0,0
BRDA:36,4,0,0
BRDA:40,5,0,0
BRDA:40,5,1,0
BRDA:53,6,0,0
BRDA:53,6,1,0
BRDA:56,7,0,0
BRDA:56,7,1,0
BRDA:56,7,2,0
BRDA:56,7,3,0
BRDA:60,8,0,0
BRDA:60,8,1,0
BRDA:60,8,2,0
BRDA:60,8,3,0
BRF:17
BRH:0
end_of_record
TN:
SF:src\components\ui\card.tsx
FN:9,Card
FN:27,CardHeader
FN:39,CardBody
FN:51,CardFooter
FN:64,CardTitle
FN:84,CardDescription
FNF:6
FNH:0
FNDA:0,Card
FNDA:0,CardHeader
FNDA:0,CardBody
FNDA:0,CardFooter
FNDA:0,CardTitle
FNDA:0,CardDescription
DA:10,0
DA:28,0
DA:40,0
DA:52,0
DA:70,0
DA:85,0
LF:6
LH:0
BRDA:9,0,0,0
BRDA:13,1,0,0
BRDA:13,1,1,0
BRDA:65,2,0,0
BRF:4
BRH:0
end_of_record
TN:
SF:src\components\ui\index.ts
FNF:0
FNH:0
LF:0
LH:0
BRF:0
BRH:0
end_of_record
TN:
SF:src\components\ui\input.tsx
FN:13,(anonymous_0)
FN:87,(anonymous_1)
FN:145,(anonymous_2)
FN:180,(anonymous_3)
FNF:4
FNH:0
FNDA:0,(anonymous_0)
FNDA:0,(anonymous_1)
FNDA:0,(anonymous_2)
FNDA:0,(anonymous_3)
DA:12,0
DA:24,0
DA:25,0
DA:27,0
DA:78,0
DA:86,0
DA:96,0
DA:97,0
DA:99,0
DA:134,0
DA:144,0
DA:155,0
DA:156,0
DA:158,0
DA:181,0
DA:207,0
LF:16
LH:0
BRDA:18,0,0,0
BRDA:20,1,0,0
BRDA:24,2,0,0
BRDA:24,2,1,0
BRDA:29,3,0,0
BRDA:29,3,1,0
BRDA:36,4,0,0
BRDA:36,4,1,0
BRDA:36,4,2,0
BRDA:47,5,0,0
BRDA:47,5,1,0
BRDA:48,6,0,0
BRDA:48,6,1,0
BRDA:48,6,2,0
BRDA:49,7,0,0
BRDA:49,7,1,0
BRDA:49,7,2,0
BRDA:55,8,0,0
BRDA:55,8,1,0
BRDA:55,8,2,0
BRDA:62,9,0,0
BRDA:62,9,1,0
BRDA:68,10,0,0
BRDA:68,10,1,0
BRDA:68,10,2,0
BRDA:93,11,0,0
BRDA:96,12,0,0
BRDA:96,12,1,0
BRDA:101,13,0,0
BRDA:101,13,1,0
BRDA:112,14,0,0
BRDA:112,14,1,0
BRDA:118,15,0,0
BRDA:118,15,1,0
BRDA:124,16,0,0
BRDA:124,16,1,0
BRDA:124,16,2,0
BRDA:155,17,0,0
BRDA:155,17,1,0
BRDA:160,18,0,0
BRDA:160,18,1,0
BRDA:170,19,0,0
BRDA:170,19,1,0
BRDA:175,20,0,0
BRDA:175,20,1,0
BRDA:191,21,0,0
BRDA:191,21,1,0
BRDA:197,22,0,0
BRDA:197,22,1,0
BRDA:197,22,2,0
BRF:50
BRH:0
end_of_record
TN:
SF:src\components\ui\loading.tsx
FN:22,LoadingSpinner
FN:58,LoadingDots
FN:66,(anonymous_2)
FN:88,LoadingOverlay
FN:117,LoadingPage
FN:139,LoadingButton
FN:161,Skeleton
FN:172,(anonymous_7)
FNF:8
FNH:0
FNDA:0,LoadingSpinner
FNDA:0,LoadingDots
FNDA:0,(anonymous_2)
FNDA:0,LoadingOverlay
FNDA:0,LoadingPage
FNDA:0,LoadingButton
FNDA:0,Skeleton
FNDA:0,(anonymous_7)
DA:9,0
DA:16,0
DA:28,0
DA:46,0
DA:52,0
DA:64,0
DA:67,0
DA:94,0
DA:96,0
DA:121,0
DA:144,0
DA:169,0
DA:170,0
DA:173,0
DA:190,0
LF:15
LH:0
BRDA:23,0,0,0
BRDA:24,1,0,0
BRDA:59,2,0,0
BRDA:60,3,0,0
BRDA:91,4,0,0
BRDA:92,5,0,0
BRDA:94,6,0,0
BRDA:94,6,1,0
BRDA:100,7,0,0
BRDA:100,7,1,0
BRDA:103,8,0,0
BRDA:103,8,1,0
BRDA:118,9,0,0
BRDA:119,10,0,0
BRDA:124,11,0,0
BRDA:124,11,1,0
BRDA:142,12,0,0
BRDA:146,13,0,0
BRDA:146,13,1,0
BRDA:149,14,0,0
BRDA:149,14,1,0
BRDA:163,15,0,0
BRDA:164,16,0,0
BRDA:165,17,0,0
BRDA:169,18,0,0
BRDA:169,18,1,0
BRDA:177,19,0,0
BRDA:177,19,1,0
BRDA:178,20,0,0
BRDA:178,20,1,0
BRDA:181,21,0,0
BRDA:181,21,1,0
BRDA:194,22,0,0
BRDA:194,22,1,0
BRF:34
BRH:0
end_of_record
TN:
SF:src\components\ui\modal.tsx
FN:20,Modal
FN:67,ModalBody
FN:79,ModalFooter
FNF:3
FNH:0
FNDA:0,Modal
FNDA:0,ModalBody
FNDA:0,ModalFooter
DA:13,0
DA:28,0
DA:30,0
DA:68,0
DA:80,0
LF:5
LH:0
BRDA:25,0,0,0
BRDA:28,1,0,0
BRDA:28,1,1,0
BRF:3
BRH:0
end_of_record
TN:
SF:src\hooks\useAuth.ts
FN:5,useAuth
FN:9,(anonymous_1)
FNF:2
FNH:0
FNDA:0,useAuth
FNDA:0,(anonymous_1)
DA:6,0
DA:7,0
DA:9,0
DA:10,0
DA:11,0
DA:12,0
DA:15,0
LF:7
LH:0
BRF:0
BRH:0
end_of_record
TN:
SF:src\lib\api.ts
FN:5,(anonymous_0)
FN:13,(anonymous_1)
FN:271,(anonymous_2)
FN:280,(anonymous_3)
FN:311,(anonymous_4)
FN:323,(anonymous_5)
FN:330,(anonymous_6)
FN:341,(anonymous_7)
FN:356,(anonymous_8)
FN:405,(anonymous_9)
FN:424,(anonymous_10)
FN:441,(anonymous_11)
FN:457,(anonymous_12)
FN:473,(anonymous_13)
FN:494,(anonymous_14)
FN:509,(anonymous_15)
FN:525,(anonymous_16)
FN:545,(anonymous_17)
FN:575,(anonymous_18)
FN:588,(anonymous_19)
FN:603,(anonymous_20)
FN:622,(anonymous_21)
FN:637,(anonymous_22)
FN:647,(anonymous_23)
FN:688,(anonymous_24)
FN:698,(anonymous_25)
FN:720,(anonymous_26)
FN:735,(anonymous_27)
FN:750,(anonymous_28)
FN:760,(anonymous_29)
FN:779,(anonymous_30)
FN:798,(anonymous_31)
FN:832,(anonymous_32)
FN:845,(anonymous_33)
FN:886,(anonymous_34)
FN:897,(anonymous_35)
FN:927,(anonymous_36)
FN:956,(anonymous_37)
FN:991,(anonymous_38)
FN:1008,(anonymous_39)
FN:1042,(anonymous_40)
FN:1056,(anonymous_41)
FN:1071,(anonymous_42)
FN:1088,(anonymous_43)
FN:1104,(anonymous_44)
FN:1132,(anonymous_45)
FN:1155,(anonymous_46)
FN:1179,(anonymous_47)
FN:1218,(anonymous_48)
FN:1240,(anonymous_49)
FN:1241,(anonymous_50)
FN:1245,(anonymous_51)
FNF:52
FNH:0
FNDA:0,(anonymous_0)
FNDA:0,(anonymous_1)
FNDA:0,(anonymous_2)
FNDA:0,(anonymous_3)
FNDA:0,(anonymous_4)
FNDA:0,(anonymous_5)
FNDA:0,(anonymous_6)
FNDA:0,(anonymous_7)
FNDA:0,(anonymous_8)
FNDA:0,(anonymous_9)
FNDA:0,(anonymous_10)
FNDA:0,(anonymous_11)
FNDA:0,(anonymous_12)
FNDA:0,(anonymous_13)
FNDA:0,(anonymous_14)
FNDA:0,(anonymous_15)
FNDA:0,(anonymous_16)
FNDA:0,(anonymous_17)
FNDA:0,(anonymous_18)
FNDA:0,(anonymous_19)
FNDA:0,(anonymous_20)
FNDA:0,(anonymous_21)
FNDA:0,(anonymous_22)
FNDA:0,(anonymous_23)
FNDA:0,(anonymous_24)
FNDA:0,(anonymous_25)
FNDA:0,(anonymous_26)
FNDA:0,(anonymous_27)
FNDA:0,(anonymous_28)
FNDA:0,(anonymous_29)
FNDA:0,(anonymous_30)
FNDA:0,(anonymous_31)
FNDA:0,(anonymous_32)
FNDA:0,(anonymous_33)
FNDA:0,(anonymous_34)
FNDA:0,(anonymous_35)
FNDA:0,(anonymous_36)
FNDA:0,(anonymous_37)
FNDA:0,(anonymous_38)
FNDA:0,(anonymous_39)
FNDA:0,(anonymous_40)
FNDA:0,(anonymous_41)
FNDA:0,(anonymous_42)
FNDA:0,(anonymous_43)
FNDA:0,(anonymous_44)
FNDA:0,(anonymous_45)
FNDA:0,(anonymous_46)
FNDA:0,(anonymous_47)
FNDA:0,(anonymous_48)
FNDA:0,(anonymous_49)
FNDA:0,(anonymous_50)
FNDA:0,(anonymous_51)
DA:5,0
DA:6,0
DA:7,0
DA:9,0
DA:13,0
DA:14,0
DA:17,0
DA:271,0
DA:272,0
DA:273,0
DA:274,0
DA:276,0
DA:280,0
DA:281,0
DA:282,0
DA:283,0
DA:284,0
DA:286,0
DA:287,0
DA:288,0
DA:296,0
DA:299,0
DA:304,0
DA:305,0
DA:307,0
DA:311,0
DA:312,0
DA:313,0
DA:316,0
DA:319,0
DA:323,0
DA:324,0
DA:325,0
DA:326,0
DA:330,0
DA:331,0
DA:332,0
DA:333,0
DA:334,0
DA:337,0
DA:341,0
DA:342,0
DA:343,0
DA:344,0
DA:349,0
DA:352,0
DA:356,0
DA:357,0
DA:358,0
DA:361,0
DA:363,0
DA:364,0
DA:365,0
DA:366,0
DA:368,0
DA:369,0
DA:371,0
DA:405,0
DA:409,0
DA:410,0
DA:413,0
DA:414,0
DA:415,0
DA:417,0
DA:419,0
DA:420,0
DA:424,0
DA:425,0
DA:426,0
DA:427,0
DA:428,0
DA:433,0
DA:436,0
DA:441,0
DA:442,0
DA:443,0
DA:444,0
DA:449,0
DA:451,0
DA:453,0
DA:457,0
DA:458,0
DA:459,0
DA:460,0
DA:465,0
DA:468,0
DA:473,0
DA:480,0
DA:481,0
DA:482,0
DA:487,0
DA:490,0
DA:494,0
DA:495,0
DA:496,0
DA:497,0
DA:502,0
DA:505,0
DA:509,0
DA:510,0
DA:511,0
DA:512,0
DA:517,0
DA:520,0
DA:525,0
DA:531,0
DA:532,0
DA:533,0
DA:538,0
DA:541,0
DA:545,0
DA:551,0
DA:552,0
DA:553,0
DA:554,0
DA:557,0
DA:563,0
DA:564,0
DA:567,0
DA:570,0
DA:571,0
DA:575,0
DA:576,0
DA:577,0
DA:578,0
DA:580,0
DA:581,0
DA:582,0
DA:584,0
DA:588,0
DA:589,0
DA:590,0
DA:591,0
DA:596,0
DA:599,0
DA:603,0
DA:608,0
DA:609,0
DA:610,0
DA:615,0
DA:618,0
DA:622,0
DA:623,0
DA:624,0
DA:625,0
DA:632,0
DA:637,0
DA:638,0
DA:639,0
DA:640,0
DA:643,0
DA:647,0
DA:648,0
DA:649,0
DA:650,0
DA:651,0
DA:653,0
DA:659,0
DA:661,0
DA:662,0
DA:663,0
DA:666,0
DA:668,0
DA:669,0
DA:670,0
DA:676,0
DA:677,0
DA:679,0
DA:680,0
DA:682,0
DA:684,0
DA:688,0
DA:689,0
DA:690,0
DA:691,0
DA:693,0
DA:694,0
DA:698,0
DA:699,0
DA:700,0
DA:701,0
DA:702,0
DA:706,0
DA:709,0
DA:711,0
DA:713,0
DA:714,0
DA:716,0
DA:720,0
DA:721,0
DA:722,0
DA:723,0
DA:728,0
DA:731,0
DA:735,0
DA:736,0
DA:737,0
DA:738,0
DA:745,0
DA:750,0
DA:751,0
DA:752,0
DA:753,0
DA:756,0
DA:760,0
DA:761,0
DA:762,0
DA:763,0
DA:764,0
DA:767,0
DA:772,0
DA:775,0
DA:779,0
DA:780,0
DA:781,0
DA:782,0
DA:783,0
DA:786,0
DA:791,0
DA:794,0
DA:798,0
DA:799,0
DA:800,0
DA:801,0
DA:802,0
DA:805,0
DA:812,0
DA:832,0
DA:833,0
DA:834,0
DA:835,0
DA:836,0
DA:840,0
DA:843,0
DA:845,0
DA:846,0
DA:847,0
DA:848,0
DA:850,0
DA:851,0
DA:853,0
DA:854,0
DA:857,0
DA:858,0
DA:861,0
DA:879,0
DA:882,0
DA:886,0
DA:887,0
DA:888,0
DA:889,0
DA:891,0
DA:892,0
DA:897,0
DA:898,0
DA:899,0
DA:900,0
DA:901,0
DA:904,0
DA:905,0
DA:906,0
DA:908,0
DA:909,0
DA:911,0
DA:916,0
DA:919,0
DA:920,0
DA:921,0
DA:923,0
DA:927,0
DA:928,0
DA:929,0
DA:930,0
DA:931,0
DA:934,0
DA:935,0
DA:936,0
DA:938,0
DA:939,0
DA:941,0
DA:946,0
DA:948,0
DA:949,0
DA:950,0
DA:952,0
DA:956,0
DA:957,0
DA:958,0
DA:959,0
DA:960,0
DA:963,0
DA:964,0
DA:967,0
DA:973,0
DA:975,0
DA:976,0
DA:977,0
DA:982,0
DA:983,0
DA:985,0
DA:987,0
DA:991,0
DA:992,0
DA:993,0
DA:994,0
DA:999,0
DA:1002,0
DA:1003,0
DA:1008,0
DA:1009,0
DA:1010,0
DA:1011,0
DA:1012,0
DA:1016,0
DA:1017,0
DA:1021,0
DA:1029,0
DA:1031,0
DA:1036,0
DA:1038,0
DA:1042,0
DA:1043,0
DA:1044,0
DA:1045,0
DA:1050,0
DA:1052,0
DA:1056,0
DA:1057,0
DA:1058,0
DA:1059,0
DA:1064,0
DA:1066,0
DA:1071,0
DA:1072,0
DA:1073,0
DA:1074,0
DA:1080,0
DA:1083,0
DA:1084,0
DA:1088,0
DA:1089,0
DA:1090,0
DA:1091,0
DA:1097,0
DA:1100,0
DA:1104,0
DA:1105,0
DA:1106,0
DA:1107,0
DA:1108,0
DA:1116,0
DA:1118,0
DA:1123,0
DA:1126,0
DA:1127,0
DA:1132,0
DA:1133,0
DA:1134,0
DA:1135,0
DA:1141,0
DA:1142,0
DA:1145,0
DA:1147,0
DA:1148,0
DA:1150,0
DA:1155,0
DA:1156,0
DA:1157,0
DA:1158,0
DA:1159,0
DA:1162,0
DA:1168,0
DA:1169,0
DA:1172,0
DA:1173,0
DA:1175,0
DA:1179,0
DA:1180,0
DA:1181,0
DA:1182,0
DA:1183,0
DA:1187,0
DA:1190,0
DA:1193,0
DA:1195,0
DA:1196,0
DA:1198,0
DA:1218,0
DA:1219,0
DA:1220,0
DA:1221,0
DA:1222,0
DA:1226,0
DA:1234,0
DA:1235,0
DA:1236,0
DA:1237,0
DA:1240,0
DA:1241,0
DA:1244,0
DA:1245,0
DA:1247,0
DA:1262,0
DA:1263,0
LF:404
LH:0
BRDA:6,0,0,0
BRDA:6,0,1,0
BRDA:7,1,0,0
BRDA:7,1,1,0
BRDA:273,2,0,0
BRDA:273,2,1,0
BRDA:286,3,0,0
BRDA:286,3,1,0
BRDA:304,4,0,0
BRDA:304,4,1,0
BRDA:319,5,0,0
BRDA:319,5,1,0
BRDA:324,6,0,0
BRDA:324,6,1,0
BRDA:331,7,0,0
BRDA:331,7,1,0
BRDA:333,8,0,0
BRDA:333,8,1,0
BRDA:349,9,0,0
BRDA:349,9,1,0
BRDA:352,10,0,0
BRDA:352,10,1,0
BRDA:361,11,0,0
BRDA:361,11,1,0
BRDA:364,12,0,0
BRDA:364,12,1,0
BRDA:364,13,0,0
BRDA:364,13,1,0
BRDA:368,14,0,0
BRDA:368,14,1,0
BRDA:369,15,0,0
BRDA:369,15,1,0
BRDA:414,16,0,0
BRDA:414,16,1,0
BRDA:414,17,0,0
BRDA:414,17,1,0
BRDA:414,17,2,0
BRDA:419,18,0,0
BRDA:419,18,1,0
BRDA:420,19,0,0
BRDA:420,19,1,0
BRDA:433,20,0,0
BRDA:433,20,1,0
BRDA:436,21,0,0
BRDA:436,21,1,0
BRDA:451,22,0,0
BRDA:451,22,1,0
BRDA:453,23,0,0
BRDA:453,23,1,0
BRDA:465,24,0,0
BRDA:465,24,1,0
BRDA:468,25,0,0
BRDA:468,25,1,0
BRDA:490,26,0,0
BRDA:490,26,1,0
BRDA:505,27,0,0
BRDA:505,27,1,0
BRDA:520,28,0,0
BRDA:520,28,1,0
BRDA:541,29,0,0
BRDA:541,29,1,0
BRDA:553,30,0,0
BRDA:553,30,1,0
BRDA:563,31,0,0
BRDA:563,31,1,0
BRDA:571,32,0,0
BRDA:571,32,1,0
BRDA:581,33,0,0
BRDA:581,33,1,0
BRDA:582,34,0,0
BRDA:582,34,1,0
BRDA:596,35,0,0
BRDA:596,35,1,0
BRDA:599,36,0,0
BRDA:599,36,1,0
BRDA:618,37,0,0
BRDA:618,37,1,0
BRDA:632,38,0,0
BRDA:632,38,1,0
BRDA:640,39,0,0
BRDA:640,39,1,0
BRDA:643,40,0,0
BRDA:643,40,1,0
BRDA:651,41,0,0
BRDA:651,41,1,0
BRDA:661,42,0,0
BRDA:661,42,1,0
BRDA:669,43,0,0
BRDA:669,43,1,0
BRDA:676,44,0,0
BRDA:676,44,1,0
BRDA:679,45,0,0
BRDA:679,45,1,0
BRDA:682,46,0,0
BRDA:682,46,1,0
BRDA:691,47,0,0
BRDA:691,47,1,0
BRDA:694,48,0,0
BRDA:694,48,1,0
BRDA:701,49,0,0
BRDA:701,49,1,0
BRDA:713,50,0,0
BRDA:713,50,1,0
BRDA:714,51,0,0
BRDA:714,51,1,0
BRDA:731,52,0,0
BRDA:731,52,1,0
BRDA:745,53,0,0
BRDA:745,53,1,0
BRDA:753,54,0,0
BRDA:753,54,1,0
BRDA:756,55,0,0
BRDA:756,55,1,0
BRDA:763,56,0,0
BRDA:763,56,1,0
BRDA:775,57,0,0
BRDA:775,57,1,0
BRDA:782,58,0,0
BRDA:782,58,1,0
BRDA:794,59,0,0
BRDA:794,59,1,0
BRDA:801,60,0,0
BRDA:801,60,1,0
BRDA:812,61,0,0
BRDA:812,61,1,0
BRDA:835,62,0,0
BRDA:835,62,1,0
BRDA:846,63,0,0
BRDA:846,63,1,0
BRDA:850,64,0,0
BRDA:850,64,1,0
BRDA:851,65,0,0
BRDA:851,65,1,0
BRDA:853,66,0,0
BRDA:853,66,1,0
BRDA:853,67,0,0
BRDA:853,67,1,0
BRDA:857,68,0,0
BRDA:857,68,1,0
BRDA:857,69,0,0
BRDA:857,69,1,0
BRDA:858,70,0,0
BRDA:858,70,1,0
BRDA:863,71,0,0
BRDA:863,71,1,0
BRDA:864,72,0,0
BRDA:864,72,1,0
BRDA:865,73,0,0
BRDA:865,73,1,0
BRDA:873,74,0,0
BRDA:873,74,1,0
BRDA:873,75,0,0
BRDA:873,75,1,0
BRDA:882,76,0,0
BRDA:882,76,1,0
BRDA:892,77,0,0
BRDA:892,77,1,0
BRDA:900,78,0,0
BRDA:900,78,1,0
BRDA:905,79,0,0
BRDA:905,79,1,0
BRDA:920,80,0,0
BRDA:920,80,1,0
BRDA:923,81,0,0
BRDA:923,81,1,0
BRDA:930,82,0,0
BRDA:930,82,1,0
BRDA:935,83,0,0
BRDA:935,83,1,0
BRDA:949,84,0,0
BRDA:949,84,1,0
BRDA:952,85,0,0
BRDA:952,85,1,0
BRDA:959,86,0,0
BRDA:959,86,1,0
BRDA:976,87,0,0
BRDA:976,87,1,0
BRDA:982,88,0,0
BRDA:982,88,1,0
BRDA:985,89,0,0
BRDA:985,89,1,0
BRDA:985,89,2,0
BRDA:1003,90,0,0
BRDA:1003,90,1,0
BRDA:1011,91,0,0
BRDA:1011,91,1,0
BRDA:1016,92,0,0
BRDA:1016,92,1,0
BRDA:1016,93,0,0
BRDA:1016,93,1,0
BRDA:1024,94,0,0
BRDA:1024,94,1,0
BRDA:1024,95,0,0
BRDA:1024,95,1,0
BRDA:1026,96,0,0
BRDA:1026,96,1,0
BRDA:1026,97,0,0
BRDA:1026,97,1,0
BRDA:1038,98,0,0
BRDA:1038,98,1,0
BRDA:1052,99,0,0
BRDA:1052,99,1,0
BRDA:1066,100,0,0
BRDA:1066,100,1,0
BRDA:1080,101,0,0
BRDA:1080,101,1,0
BRDA:1084,102,0,0
BRDA:1084,102,1,0
BRDA:1097,103,0,0
BRDA:1097,103,1,0
BRDA:1100,104,0,0
BRDA:1100,104,1,0
BRDA:1107,105,0,0
BRDA:1107,105,1,0
BRDA:1123,106,0,0
BRDA:1123,106,1,0
BRDA:1127,107,0,0
BRDA:1127,107,1,0
BRDA:1141,108,0,0
BRDA:1141,108,1,0
BRDA:1142,109,0,0
BRDA:1142,109,1,0
BRDA:1147,110,0,0
BRDA:1147,110,1,0
BRDA:1148,111,0,0
BRDA:1148,111,1,0
BRDA:1158,112,0,0
BRDA:1158,112,1,0
BRDA:1168,113,0,0
BRDA:1168,113,1,0
BRDA:1169,114,0,0
BRDA:1169,114,1,0
BRDA:1172,115,0,0
BRDA:1172,115,1,0
BRDA:1173,116,0,0
BRDA:1173,116,1,0
BRDA:1182,117,0,0
BRDA:1182,117,1,0
BRDA:1195,118,0,0
BRDA:1195,118,1,0
BRDA:1196,119,0,0
BRDA:1196,119,1,0
BRDA:1221,120,0,0
BRDA:1221,120,1,0
BRDA:1263,121,0,0
BRDA:1263,121,1,0
BRF:246
BRH:0
end_of_record
TN:
SF:src\lib\config.ts
FN:2,(anonymous_0)
FNF:1
FNH:0
FNDA:0,(anonymous_0)
DA:2,0
DA:4,0
DA:5,0
DA:9,0
DA:12,0
DA:15,0
DA:16,0
DA:19,0
DA:27,0
LF:9
LH:0
BRDA:4,0,0,0
BRDA:4,0,1,0
BRDA:5,1,0,0
BRDA:5,1,1,0
BRDA:9,2,0,0
BRDA:9,2,1,0
BRF:6
BRH:0
end_of_record
TN:
SF:src\lib\test-api.ts
FN:2,(anonymous_0)
FNF:1
FNH:0
FNDA:0,(anonymous_0)
DA:2,0
DA:3,0
DA:5,0
DA:6,0
DA:7,0
DA:9,0
DA:10,0
DA:17,0
DA:18,0
DA:20,0
DA:21,0
DA:22,0
DA:23,0
DA:25,0
DA:26,0
DA:29,0
DA:30,0
DA:35,0
DA:36,0
LF:19
LH:0
BRDA:3,0,0,0
BRDA:3,0,1,0
BRDA:20,1,0,0
BRDA:20,1,1,0
BRDA:30,2,0,0
BRDA:30,2,1,0
BRDA:35,3,0,0
BRDA:35,3,1,0
BRF:8
BRH:0
end_of_record
TN:
SF:src\lib\utils.ts
FN:4,cn
FN:8,formatDate
FN:17,formatTime
FN:25,formatDateTime
FN:29,truncateText
FN:34,generateId
FN:38,debounce
FN:43,(anonymous_7)
FN:45,(anonymous_8)
FN:49,throttle
FN:54,(anonymous_10)
FN:58,(anonymous_11)
FN:63,capitalizeFirst
FN:67,getInitials
FN:71,isValidEmail
FN:76,isValidPhone
FN:81,formatCurrency
FN:88,getStatusColor
FN:100,getStatusText
FN:112,getRoleText
FN:124,sleep
FN:125,(anonymous_21)
FNF:22
FNH:0
FNDA:0,cn
FNDA:0,formatDate
FNDA:0,formatTime
FNDA:0,formatDateTime
FNDA:0,truncateText
FNDA:0,generateId
FNDA:0,debounce
FNDA:0,(anonymous_7)
FNDA:0,(anonymous_8)
FNDA:0,throttle
FNDA:0,(anonymous_10)
FNDA:0,(anonymous_11)
FNDA:0,capitalizeFirst
FNDA:0,getInitials
FNDA:0,isValidEmail
FNDA:0,isValidPhone
FNDA:0,formatCurrency
FNDA:0,getStatusColor
FNDA:0,getStatusText
FNDA:0,getRoleText
FNDA:0,sleep
FNDA:0,(anonymous_21)
DA:5,0
DA:9,0
DA:10,0
DA:18,0
DA:19,0
DA:26,0
DA:30,0
DA:31,0
DA:35,0
DA:43,0
DA:44,0
DA:45,0
DA:54,0
DA:55,0
DA:56,0
DA:57,0
DA:58,0
DA:64,0
DA:68,0
DA:72,0
DA:73,0
DA:77,0
DA:78,0
DA:82,0
DA:89,0
DA:97,0
DA:101,0
DA:109,0
DA:113,0
DA:121,0
DA:125,0
LF:31
LH:0
BRDA:30,0,0,0
BRDA:30,0,1,0
BRDA:55,1,0,0
BRDA:55,1,1,0
BRDA:97,2,0,0
BRDA:97,2,1,0
BRDA:109,3,0,0
BRDA:109,3,1,0
BRDA:121,4,0,0
BRDA:121,4,1,0
BRF:10
BRH:0
end_of_record
